ARM GAS  C:\Users\Zachary\AppData\Local\Temp\ccU20ZWI.s 			page 1


   1              		.cpu cortex-m0
   2              		.fpu softvfp
   3              		.eabi_attribute 20, 1
   4              		.eabi_attribute 21, 1
   5              		.eabi_attribute 23, 3
   6              		.eabi_attribute 24, 1
   7              		.eabi_attribute 25, 1
   8              		.eabi_attribute 26, 1
   9              		.eabi_attribute 30, 6
  10              		.eabi_attribute 34, 0
  11              		.eabi_attribute 18, 4
  12              		.code	16
  13              		.file	"ias.c"
  14              		.text
  15              	.Ltext0:
  16              		.cfi_sections	.debug_frame
  17              		.global	alertLevel
  18              		.bss
  19              		.type	alertLevel, %object
  20              		.size	alertLevel, 1
  21              	alertLevel:
  22 0000 00       		.space	1
  23              		.section	.text.IasEventHandler,"ax",%progbits
  24              		.align	2
  25              		.global	IasEventHandler
  26              		.code	16
  27              		.thumb_func
  28              		.type	IasEventHandler, %function
  29              	IasEventHandler:
  30              	.LFB35:
  31              		.file 1 ".\\ias.c"
   1:.\ias.c       **** /*******************************************************************************
   2:.\ias.c       **** * File Name: ias.c
   3:.\ias.c       **** *
   4:.\ias.c       **** * Description:
   5:.\ias.c       **** *  This file contains Immediate Alert Service callback handler function.
   6:.\ias.c       **** * 
   7:.\ias.c       **** ********************************************************************************
   8:.\ias.c       **** * Copyright 2015, Cypress Semiconductor Corporation.  All rights reserved.
   9:.\ias.c       **** * You may use this file only in accordance with the license, terms, conditions,
  10:.\ias.c       **** * disclaimers, and limitations in the end user license agreement accompanying
  11:.\ias.c       **** * the software package with which this file was provided.
  12:.\ias.c       **** *******************************************************************************/
  13:.\ias.c       **** 
  14:.\ias.c       **** #include <project.h>
  15:.\ias.c       **** #include "ias.h"
  16:.\ias.c       **** 
  17:.\ias.c       **** /* IAS alert level value */
  18:.\ias.c       **** uint8 alertLevel = 0;
  19:.\ias.c       **** 
  20:.\ias.c       **** /*******************************************************************************
  21:.\ias.c       **** * Function Name: IasEventHandler
  22:.\ias.c       **** ********************************************************************************
  23:.\ias.c       **** *
  24:.\ias.c       **** * Summary:
  25:.\ias.c       **** *  This is an event callback function to receive events from the BLE Component,
  26:.\ias.c       **** *  which are specific to Immediate Alert Service.
ARM GAS  C:\Users\Zachary\AppData\Local\Temp\ccU20ZWI.s 			page 2


  27:.\ias.c       **** *
  28:.\ias.c       **** * Parameters:
  29:.\ias.c       **** *  uint8 event:       Write Command event from the CYBLE component.
  30:.\ias.c       **** *  void* eventParams: A structure instance of CYBLE_GATT_HANDLE_VALUE_PAIR_T
  31:.\ias.c       **** *                     type.
  32:.\ias.c       **** *
  33:.\ias.c       **** * Return:
  34:.\ias.c       **** *  None
  35:.\ias.c       **** *
  36:.\ias.c       **** *******************************************************************************/
  37:.\ias.c       **** void IasEventHandler(uint32 event, void *eventParam)
  38:.\ias.c       **** {
  32              		.loc 1 38 0
  33              		.cfi_startproc
  34 0000 80B5     		push	{r7, lr}
  35              		.cfi_def_cfa_offset 8
  36              		.cfi_offset 7, -8
  37              		.cfi_offset 14, -4
  38 0002 82B0     		sub	sp, sp, #8
  39              		.cfi_def_cfa_offset 16
  40 0004 00AF     		add	r7, sp, #0
  41              		.cfi_def_cfa_register 7
  42 0006 7860     		str	r0, [r7, #4]
  43 0008 3960     		str	r1, [r7]
  39:.\ias.c       ****     /* Alert Level Characteristic write event */
  40:.\ias.c       ****     if(event == CYBLE_EVT_IASS_WRITE_CHAR_CMD)
  44              		.loc 1 40 0
  45 000a 7A68     		ldr	r2, [r7, #4]
  46 000c C223     		mov	r3, #194
  47 000e 5B00     		lsl	r3, r3, #1
  48 0010 9A42     		cmp	r2, r3
  49 0012 05D1     		bne	.L1
  41:.\ias.c       ****     {
  42:.\ias.c       ****         /* Read the updated Alert Level value from the GATT database */
  43:.\ias.c       ****         CyBle_IassGetCharacteristicValue(CYBLE_IAS_ALERT_LEVEL, 
  50              		.loc 1 43 0
  51 0014 044B     		ldr	r3, .L3
  52 0016 0020     		mov	r0, #0
  53 0018 0121     		mov	r1, #1
  54 001a 1A1C     		mov	r2, r3
  55 001c FFF7FEFF 		bl	CyBle_IassGetCharacteristicValue
  56              	.L1:
  44:.\ias.c       ****             sizeof(alertLevel), &alertLevel);
  45:.\ias.c       ****     }
  46:.\ias.c       **** }
  57              		.loc 1 46 0
  58 0020 BD46     		mov	sp, r7
  59 0022 02B0     		add	sp, sp, #8
  60              		@ sp needed
  61 0024 80BD     		pop	{r7, pc}
  62              	.L4:
  63 0026 C046     		.align	2
  64              	.L3:
  65 0028 00000000 		.word	alertLevel
  66              		.cfi_endproc
  67              	.LFE35:
  68              		.size	IasEventHandler, .-IasEventHandler
ARM GAS  C:\Users\Zachary\AppData\Local\Temp\ccU20ZWI.s 			page 3


  69              		.text
  70              	.Letext0:
  71              		.file 2 ".\\Generated_Source\\PSoC4/cytypes.h"
  72              		.file 3 ".\\Generated_Source\\PSoC4/BLE_Stack.h"
  73              		.file 4 ".\\Generated_Source\\PSoC4/BLE_ias.h"
  74              		.file 5 ".\\Generated_Source\\PSoC4/BLE_eventHandler.h"
  75              		.section	.debug_info,"",%progbits
  76              	.Ldebug_info0:
  77 0000 CA070000 		.4byte	0x7ca
  78 0004 0400     		.2byte	0x4
  79 0006 00000000 		.4byte	.Ldebug_abbrev0
  80 000a 04       		.byte	0x4
  81 000b 01       		.uleb128 0x1
  82 000c F6120000 		.4byte	.LASF269
  83 0010 01       		.byte	0x1
  84 0011 13110000 		.4byte	.LASF270
  85 0015 B6080000 		.4byte	.LASF271
  86 0019 00000000 		.4byte	.Ldebug_ranges0+0
  87 001d 00000000 		.4byte	0
  88 0021 00000000 		.4byte	.Ldebug_line0
  89 0025 02       		.uleb128 0x2
  90 0026 01       		.byte	0x1
  91 0027 06       		.byte	0x6
  92 0028 41070000 		.4byte	.LASF0
  93 002c 02       		.uleb128 0x2
  94 002d 01       		.byte	0x1
  95 002e 08       		.byte	0x8
  96 002f D3070000 		.4byte	.LASF1
  97 0033 02       		.uleb128 0x2
  98 0034 02       		.byte	0x2
  99 0035 05       		.byte	0x5
 100 0036 821B0000 		.4byte	.LASF2
 101 003a 02       		.uleb128 0x2
 102 003b 02       		.byte	0x2
 103 003c 07       		.byte	0x7
 104 003d 791F0000 		.4byte	.LASF3
 105 0041 02       		.uleb128 0x2
 106 0042 04       		.byte	0x4
 107 0043 05       		.byte	0x5
 108 0044 E0050000 		.4byte	.LASF4
 109 0048 02       		.uleb128 0x2
 110 0049 04       		.byte	0x4
 111 004a 07       		.byte	0x7
 112 004b 320E0000 		.4byte	.LASF5
 113 004f 02       		.uleb128 0x2
 114 0050 08       		.byte	0x8
 115 0051 05       		.byte	0x5
 116 0052 74100000 		.4byte	.LASF6
 117 0056 02       		.uleb128 0x2
 118 0057 08       		.byte	0x8
 119 0058 07       		.byte	0x7
 120 0059 5F170000 		.4byte	.LASF7
 121 005d 03       		.uleb128 0x3
 122 005e 04       		.byte	0x4
 123 005f 05       		.byte	0x5
 124 0060 696E7400 		.ascii	"int\000"
 125 0064 02       		.uleb128 0x2
ARM GAS  C:\Users\Zachary\AppData\Local\Temp\ccU20ZWI.s 			page 4


 126 0065 04       		.byte	0x4
 127 0066 07       		.byte	0x7
 128 0067 5C120000 		.4byte	.LASF8
 129 006b 04       		.uleb128 0x4
 130 006c 351B0000 		.4byte	.LASF9
 131 0070 02       		.byte	0x2
 132 0071 A1       		.byte	0xa1
 133 0072 2C000000 		.4byte	0x2c
 134 0076 04       		.uleb128 0x4
 135 0077 BE010000 		.4byte	.LASF10
 136 007b 02       		.byte	0x2
 137 007c A3       		.byte	0xa3
 138 007d 48000000 		.4byte	0x48
 139 0081 02       		.uleb128 0x2
 140 0082 04       		.byte	0x4
 141 0083 04       		.byte	0x4
 142 0084 CF110000 		.4byte	.LASF11
 143 0088 02       		.uleb128 0x2
 144 0089 08       		.byte	0x8
 145 008a 04       		.byte	0x4
 146 008b 0C110000 		.4byte	.LASF12
 147 008f 02       		.uleb128 0x2
 148 0090 01       		.byte	0x1
 149 0091 08       		.byte	0x8
 150 0092 88090000 		.4byte	.LASF13
 151 0096 02       		.uleb128 0x2
 152 0097 04       		.byte	0x4
 153 0098 07       		.byte	0x7
 154 0099 47000000 		.4byte	.LASF14
 155 009d 05       		.uleb128 0x5
 156 009e 04       		.byte	0x4
 157 009f 06       		.uleb128 0x6
 158 00a0 01       		.byte	0x1
 159 00a1 03       		.byte	0x3
 160 00a2 58       		.byte	0x58
 161 00a3 0F020000 		.4byte	0x20f
 162 00a7 07       		.uleb128 0x7
 163 00a8 D8090000 		.4byte	.LASF15
 164 00ac 00       		.sleb128 0
 165 00ad 07       		.uleb128 0x7
 166 00ae 77060000 		.4byte	.LASF16
 167 00b2 01       		.sleb128 1
 168 00b3 07       		.uleb128 0x7
 169 00b4 76170000 		.4byte	.LASF17
 170 00b8 02       		.sleb128 2
 171 00b9 07       		.uleb128 0x7
 172 00ba 70070000 		.4byte	.LASF18
 173 00be 03       		.sleb128 3
 174 00bf 07       		.uleb128 0x7
 175 00c0 0F200000 		.4byte	.LASF19
 176 00c4 04       		.sleb128 4
 177 00c5 07       		.uleb128 0x7
 178 00c6 A31E0000 		.4byte	.LASF20
 179 00ca 05       		.sleb128 5
 180 00cb 07       		.uleb128 0x7
 181 00cc A01C0000 		.4byte	.LASF21
 182 00d0 20       		.sleb128 32
ARM GAS  C:\Users\Zachary\AppData\Local\Temp\ccU20ZWI.s 			page 5


 183 00d1 07       		.uleb128 0x7
 184 00d2 6E040000 		.4byte	.LASF22
 185 00d6 21       		.sleb128 33
 186 00d7 07       		.uleb128 0x7
 187 00d8 EE0F0000 		.4byte	.LASF23
 188 00dc 22       		.sleb128 34
 189 00dd 07       		.uleb128 0x7
 190 00de 6B140000 		.4byte	.LASF24
 191 00e2 23       		.sleb128 35
 192 00e3 07       		.uleb128 0x7
 193 00e4 4D0D0000 		.4byte	.LASF25
 194 00e8 24       		.sleb128 36
 195 00e9 07       		.uleb128 0x7
 196 00ea 8D0D0000 		.4byte	.LASF26
 197 00ee 25       		.sleb128 37
 198 00ef 07       		.uleb128 0x7
 199 00f0 C51A0000 		.4byte	.LASF27
 200 00f4 26       		.sleb128 38
 201 00f5 07       		.uleb128 0x7
 202 00f6 61010000 		.4byte	.LASF28
 203 00fa 27       		.sleb128 39
 204 00fb 07       		.uleb128 0x7
 205 00fc CA200000 		.4byte	.LASF29
 206 0100 28       		.sleb128 40
 207 0101 07       		.uleb128 0x7
 208 0102 0A160000 		.4byte	.LASF30
 209 0106 29       		.sleb128 41
 210 0107 07       		.uleb128 0x7
 211 0108 420F0000 		.4byte	.LASF31
 212 010c 2A       		.sleb128 42
 213 010d 07       		.uleb128 0x7
 214 010e EB130000 		.4byte	.LASF32
 215 0112 2B       		.sleb128 43
 216 0113 07       		.uleb128 0x7
 217 0114 E31E0000 		.4byte	.LASF33
 218 0118 2C       		.sleb128 44
 219 0119 07       		.uleb128 0x7
 220 011a CD1B0000 		.4byte	.LASF34
 221 011e C000     		.sleb128 64
 222 0120 07       		.uleb128 0x7
 223 0121 80010000 		.4byte	.LASF35
 224 0125 C100     		.sleb128 65
 225 0127 07       		.uleb128 0x7
 226 0128 24200000 		.4byte	.LASF36
 227 012c C200     		.sleb128 66
 228 012e 07       		.uleb128 0x7
 229 012f 6C160000 		.4byte	.LASF37
 230 0133 C300     		.sleb128 67
 231 0135 07       		.uleb128 0x7
 232 0136 E1070000 		.4byte	.LASF38
 233 013a C400     		.sleb128 68
 234 013c 07       		.uleb128 0x7
 235 013d 89070000 		.4byte	.LASF39
 236 0141 C500     		.sleb128 69
 237 0143 07       		.uleb128 0x7
 238 0144 57190000 		.4byte	.LASF40
 239 0148 C600     		.sleb128 70
ARM GAS  C:\Users\Zachary\AppData\Local\Temp\ccU20ZWI.s 			page 6


 240 014a 07       		.uleb128 0x7
 241 014b 39190000 		.4byte	.LASF41
 242 014f C700     		.sleb128 71
 243 0151 07       		.uleb128 0x7
 244 0152 3C090000 		.4byte	.LASF42
 245 0156 C800     		.sleb128 72
 246 0158 07       		.uleb128 0x7
 247 0159 91140000 		.4byte	.LASF43
 248 015d C900     		.sleb128 73
 249 015f 07       		.uleb128 0x7
 250 0160 120A0000 		.4byte	.LASF44
 251 0164 CA00     		.sleb128 74
 252 0166 07       		.uleb128 0x7
 253 0167 A9090000 		.4byte	.LASF45
 254 016b CB00     		.sleb128 75
 255 016d 07       		.uleb128 0x7
 256 016e 2E140000 		.4byte	.LASF46
 257 0172 CC00     		.sleb128 76
 258 0174 07       		.uleb128 0x7
 259 0175 6C1A0000 		.4byte	.LASF47
 260 0179 CD00     		.sleb128 77
 261 017b 07       		.uleb128 0x7
 262 017c 9E050000 		.4byte	.LASF48
 263 0180 CE00     		.sleb128 78
 264 0182 07       		.uleb128 0x7
 265 0183 69120000 		.4byte	.LASF49
 266 0187 CF00     		.sleb128 79
 267 0189 07       		.uleb128 0x7
 268 018a 811C0000 		.4byte	.LASF50
 269 018e D000     		.sleb128 80
 270 0190 07       		.uleb128 0x7
 271 0191 760A0000 		.4byte	.LASF51
 272 0195 D100     		.sleb128 81
 273 0197 07       		.uleb128 0x7
 274 0198 4D040000 		.4byte	.LASF52
 275 019c D200     		.sleb128 82
 276 019e 07       		.uleb128 0x7
 277 019f 3A1E0000 		.4byte	.LASF53
 278 01a3 D300     		.sleb128 83
 279 01a5 07       		.uleb128 0x7
 280 01a6 0C210000 		.4byte	.LASF54
 281 01aa D400     		.sleb128 84
 282 01ac 07       		.uleb128 0x7
 283 01ad 2B030000 		.4byte	.LASF55
 284 01b1 D500     		.sleb128 85
 285 01b3 07       		.uleb128 0x7
 286 01b4 071F0000 		.4byte	.LASF56
 287 01b8 F000     		.sleb128 112
 288 01ba 07       		.uleb128 0x7
 289 01bb A10C0000 		.4byte	.LASF57
 290 01bf F100     		.sleb128 113
 291 01c1 07       		.uleb128 0x7
 292 01c2 E7060000 		.4byte	.LASF58
 293 01c6 F200     		.sleb128 114
 294 01c8 07       		.uleb128 0x7
 295 01c9 631C0000 		.4byte	.LASF59
 296 01cd F300     		.sleb128 115
ARM GAS  C:\Users\Zachary\AppData\Local\Temp\ccU20ZWI.s 			page 7


 297 01cf 07       		.uleb128 0x7
 298 01d0 E6140000 		.4byte	.LASF60
 299 01d4 F400     		.sleb128 116
 300 01d6 07       		.uleb128 0x7
 301 01d7 B20F0000 		.4byte	.LASF61
 302 01db F500     		.sleb128 117
 303 01dd 07       		.uleb128 0x7
 304 01de 1B090000 		.4byte	.LASF62
 305 01e2 F600     		.sleb128 118
 306 01e4 07       		.uleb128 0x7
 307 01e5 AB170000 		.4byte	.LASF63
 308 01e9 F700     		.sleb128 119
 309 01eb 07       		.uleb128 0x7
 310 01ec 4F030000 		.4byte	.LASF64
 311 01f0 F800     		.sleb128 120
 312 01f2 07       		.uleb128 0x7
 313 01f3 78080000 		.4byte	.LASF65
 314 01f7 F900     		.sleb128 121
 315 01f9 07       		.uleb128 0x7
 316 01fa 68200000 		.4byte	.LASF66
 317 01fe FA00     		.sleb128 122
 318 0200 07       		.uleb128 0x7
 319 0201 1B110000 		.4byte	.LASF67
 320 0205 FA01     		.sleb128 250
 321 0207 07       		.uleb128 0x7
 322 0208 DD130000 		.4byte	.LASF68
 323 020c FF01     		.sleb128 255
 324 020e 00       		.byte	0
 325 020f 06       		.uleb128 0x6
 326 0210 01       		.byte	0x1
 327 0211 04       		.byte	0x4
 328 0212 1D       		.byte	0x1d
 329 0213 24020000 		.4byte	0x224
 330 0217 07       		.uleb128 0x7
 331 0218 8A060000 		.4byte	.LASF69
 332 021c 00       		.sleb128 0
 333 021d 07       		.uleb128 0x7
 334 021e 48080000 		.4byte	.LASF70
 335 0222 01       		.sleb128 1
 336 0223 00       		.byte	0
 337 0224 06       		.uleb128 0x6
 338 0225 02       		.byte	0x2
 339 0226 05       		.byte	0x5
 340 0227 80       		.byte	0x80
 341 0228 8A070000 		.4byte	0x78a
 342 022c 07       		.uleb128 0x7
 343 022d 72130000 		.4byte	.LASF71
 344 0231 8002     		.sleb128 256
 345 0233 07       		.uleb128 0x7
 346 0234 8C200000 		.4byte	.LASF72
 347 0238 8102     		.sleb128 257
 348 023a 07       		.uleb128 0x7
 349 023b 55060000 		.4byte	.LASF73
 350 023f 8202     		.sleb128 258
 351 0241 07       		.uleb128 0x7
 352 0242 42200000 		.4byte	.LASF74
 353 0246 8302     		.sleb128 259
ARM GAS  C:\Users\Zachary\AppData\Local\Temp\ccU20ZWI.s 			page 8


 354 0248 07       		.uleb128 0x7
 355 0249 3C170000 		.4byte	.LASF75
 356 024d 8402     		.sleb128 260
 357 024f 07       		.uleb128 0x7
 358 0250 8C1B0000 		.4byte	.LASF76
 359 0254 8502     		.sleb128 261
 360 0256 07       		.uleb128 0x7
 361 0257 9B080000 		.4byte	.LASF77
 362 025b 8602     		.sleb128 262
 363 025d 07       		.uleb128 0x7
 364 025e 03070000 		.4byte	.LASF78
 365 0262 8702     		.sleb128 263
 366 0264 07       		.uleb128 0x7
 367 0265 531F0000 		.4byte	.LASF79
 368 0269 8802     		.sleb128 264
 369 026b 07       		.uleb128 0x7
 370 026c 05030000 		.4byte	.LASF80
 371 0270 8902     		.sleb128 265
 372 0272 07       		.uleb128 0x7
 373 0273 C5010000 		.4byte	.LASF81
 374 0277 8A02     		.sleb128 266
 375 0279 07       		.uleb128 0x7
 376 027a 65180000 		.4byte	.LASF82
 377 027e 8B02     		.sleb128 267
 378 0280 07       		.uleb128 0x7
 379 0281 A4100000 		.4byte	.LASF83
 380 0285 8C02     		.sleb128 268
 381 0287 07       		.uleb128 0x7
 382 0288 4A160000 		.4byte	.LASF84
 383 028c 8D02     		.sleb128 269
 384 028e 07       		.uleb128 0x7
 385 028f 56020000 		.4byte	.LASF85
 386 0293 8E02     		.sleb128 270
 387 0295 07       		.uleb128 0x7
 388 0296 39110000 		.4byte	.LASF86
 389 029a 8F02     		.sleb128 271
 390 029c 07       		.uleb128 0x7
 391 029d 85040000 		.4byte	.LASF87
 392 02a1 9002     		.sleb128 272
 393 02a3 07       		.uleb128 0x7
 394 02a4 D81D0000 		.4byte	.LASF88
 395 02a8 9102     		.sleb128 273
 396 02aa 07       		.uleb128 0x7
 397 02ab 0A140000 		.4byte	.LASF89
 398 02af 9202     		.sleb128 274
 399 02b1 07       		.uleb128 0x7
 400 02b2 93210000 		.4byte	.LASF90
 401 02b6 9302     		.sleb128 275
 402 02b8 07       		.uleb128 0x7
 403 02b9 491C0000 		.4byte	.LASF91
 404 02bd 9402     		.sleb128 276
 405 02bf 07       		.uleb128 0x7
 406 02c0 AE200000 		.4byte	.LASF92
 407 02c4 9502     		.sleb128 277
 408 02c6 07       		.uleb128 0x7
 409 02c7 A40E0000 		.4byte	.LASF93
 410 02cb 9602     		.sleb128 278
ARM GAS  C:\Users\Zachary\AppData\Local\Temp\ccU20ZWI.s 			page 9


 411 02cd 07       		.uleb128 0x7
 412 02ce C70C0000 		.4byte	.LASF94
 413 02d2 9702     		.sleb128 279
 414 02d4 07       		.uleb128 0x7
 415 02d5 E2020000 		.4byte	.LASF95
 416 02d9 9802     		.sleb128 280
 417 02db 07       		.uleb128 0x7
 418 02dc D2160000 		.4byte	.LASF96
 419 02e0 9902     		.sleb128 281
 420 02e2 07       		.uleb128 0x7
 421 02e3 E00E0000 		.4byte	.LASF97
 422 02e7 9A02     		.sleb128 282
 423 02e9 07       		.uleb128 0x7
 424 02ea CD180000 		.4byte	.LASF98
 425 02ee 9B02     		.sleb128 283
 426 02f0 07       		.uleb128 0x7
 427 02f1 E71B0000 		.4byte	.LASF99
 428 02f5 9C02     		.sleb128 284
 429 02f7 07       		.uleb128 0x7
 430 02f8 2B1D0000 		.4byte	.LASF100
 431 02fc 9D02     		.sleb128 285
 432 02fe 07       		.uleb128 0x7
 433 02ff 4D070000 		.4byte	.LASF101
 434 0303 9E02     		.sleb128 286
 435 0305 07       		.uleb128 0x7
 436 0306 031C0000 		.4byte	.LASF102
 437 030a 9F02     		.sleb128 287
 438 030c 07       		.uleb128 0x7
 439 030d F4030000 		.4byte	.LASF103
 440 0311 A002     		.sleb128 288
 441 0313 07       		.uleb128 0x7
 442 0314 AD120000 		.4byte	.LASF104
 443 0318 A102     		.sleb128 289
 444 031a 07       		.uleb128 0x7
 445 031b ED1A0000 		.4byte	.LASF105
 446 031f A202     		.sleb128 290
 447 0321 07       		.uleb128 0x7
 448 0322 F70A0000 		.4byte	.LASF106
 449 0326 A302     		.sleb128 291
 450 0328 07       		.uleb128 0x7
 451 0329 95130000 		.4byte	.LASF107
 452 032d A402     		.sleb128 292
 453 032f 07       		.uleb128 0x7
 454 0330 420C0000 		.4byte	.LASF108
 455 0334 A502     		.sleb128 293
 456 0336 07       		.uleb128 0x7
 457 0337 16040000 		.4byte	.LASF109
 458 033b A602     		.sleb128 294
 459 033d 07       		.uleb128 0x7
 460 033e 3F010000 		.4byte	.LASF110
 461 0342 A702     		.sleb128 295
 462 0344 07       		.uleb128 0x7
 463 0345 12050000 		.4byte	.LASF111
 464 0349 A802     		.sleb128 296
 465 034b 07       		.uleb128 0x7
 466 034c E6170000 		.4byte	.LASF112
 467 0350 A902     		.sleb128 297
ARM GAS  C:\Users\Zachary\AppData\Local\Temp\ccU20ZWI.s 			page 10


 468 0352 07       		.uleb128 0x7
 469 0353 E9100000 		.4byte	.LASF113
 470 0357 AA02     		.sleb128 298
 471 0359 07       		.uleb128 0x7
 472 035a B41D0000 		.4byte	.LASF114
 473 035e AB02     		.sleb128 299
 474 0360 07       		.uleb128 0x7
 475 0361 ED040000 		.4byte	.LASF115
 476 0365 AC02     		.sleb128 300
 477 0367 07       		.uleb128 0x7
 478 0368 5B150000 		.4byte	.LASF116
 479 036c AD02     		.sleb128 301
 480 036e 07       		.uleb128 0x7
 481 036f 2D1F0000 		.4byte	.LASF117
 482 0373 AE02     		.sleb128 302
 483 0375 07       		.uleb128 0x7
 484 0376 FB1D0000 		.4byte	.LASF118
 485 037a AF02     		.sleb128 303
 486 037c 07       		.uleb128 0x7
 487 037d 6A000000 		.4byte	.LASF119
 488 0381 B002     		.sleb128 304
 489 0383 07       		.uleb128 0x7
 490 0384 B01B0000 		.4byte	.LASF120
 491 0388 B102     		.sleb128 305
 492 038a 07       		.uleb128 0x7
 493 038b 6B0F0000 		.4byte	.LASF121
 494 038f B202     		.sleb128 306
 495 0391 07       		.uleb128 0x7
 496 0392 111B0000 		.4byte	.LASF122
 497 0396 B302     		.sleb128 307
 498 0398 07       		.uleb128 0x7
 499 0399 9E190000 		.4byte	.LASF123
 500 039d B402     		.sleb128 308
 501 039f 07       		.uleb128 0x7
 502 03a0 EA000000 		.4byte	.LASF124
 503 03a4 B502     		.sleb128 309
 504 03a6 07       		.uleb128 0x7
 505 03a7 F2180000 		.4byte	.LASF125
 506 03ab B602     		.sleb128 310
 507 03ad 07       		.uleb128 0x7
 508 03ae 23080000 		.4byte	.LASF126
 509 03b2 B702     		.sleb128 311
 510 03b4 07       		.uleb128 0x7
 511 03b5 58050000 		.4byte	.LASF127
 512 03b9 B802     		.sleb128 312
 513 03bb 07       		.uleb128 0x7
 514 03bc 35050000 		.4byte	.LASF128
 515 03c0 B902     		.sleb128 313
 516 03c2 07       		.uleb128 0x7
 517 03c3 FF070000 		.4byte	.LASF129
 518 03c7 BA02     		.sleb128 314
 519 03c9 07       		.uleb128 0x7
 520 03ca 37100000 		.4byte	.LASF130
 521 03ce BB02     		.sleb128 315
 522 03d0 07       		.uleb128 0x7
 523 03d1 ED1F0000 		.4byte	.LASF131
 524 03d5 BC02     		.sleb128 316
ARM GAS  C:\Users\Zachary\AppData\Local\Temp\ccU20ZWI.s 			page 11


 525 03d7 07       		.uleb128 0x7
 526 03d8 B80A0000 		.4byte	.LASF132
 527 03dc BD02     		.sleb128 317
 528 03de 07       		.uleb128 0x7
 529 03df CA170000 		.4byte	.LASF133
 530 03e3 BE02     		.sleb128 318
 531 03e5 07       		.uleb128 0x7
 532 03e6 AA140000 		.4byte	.LASF134
 533 03ea BF02     		.sleb128 319
 534 03ec 07       		.uleb128 0x7
 535 03ed 72030000 		.4byte	.LASF135
 536 03f1 C002     		.sleb128 320
 537 03f3 07       		.uleb128 0x7
 538 03f4 1F0F0000 		.4byte	.LASF136
 539 03f8 C102     		.sleb128 321
 540 03fa 07       		.uleb128 0x7
 541 03fb 85000000 		.4byte	.LASF137
 542 03ff C202     		.sleb128 322
 543 0401 07       		.uleb128 0x7
 544 0402 BC050000 		.4byte	.LASF138
 545 0406 C302     		.sleb128 323
 546 0408 07       		.uleb128 0x7
 547 0409 5B1E0000 		.4byte	.LASF139
 548 040d C402     		.sleb128 324
 549 040f 07       		.uleb128 0x7
 550 0410 1D0C0000 		.4byte	.LASF140
 551 0414 C502     		.sleb128 325
 552 0416 07       		.uleb128 0x7
 553 0417 6E0B0000 		.4byte	.LASF141
 554 041b C602     		.sleb128 326
 555 041d 07       		.uleb128 0x7
 556 041e 94030000 		.4byte	.LASF142
 557 0422 C702     		.sleb128 327
 558 0424 07       		.uleb128 0x7
 559 0425 E9050000 		.4byte	.LASF143
 560 0429 C802     		.sleb128 328
 561 042b 07       		.uleb128 0x7
 562 042c A7110000 		.4byte	.LASF144
 563 0430 C902     		.sleb128 329
 564 0432 07       		.uleb128 0x7
 565 0433 D30F0000 		.4byte	.LASF145
 566 0437 CA02     		.sleb128 330
 567 0439 07       		.uleb128 0x7
 568 043a D0040000 		.4byte	.LASF146
 569 043e CB02     		.sleb128 331
 570 0440 07       		.uleb128 0x7
 571 0441 32040000 		.4byte	.LASF147
 572 0445 CC02     		.sleb128 332
 573 0447 07       		.uleb128 0x7
 574 0448 C7000000 		.4byte	.LASF148
 575 044c CD02     		.sleb128 333
 576 044e 07       		.uleb128 0x7
 577 044f 8E0F0000 		.4byte	.LASF149
 578 0453 CE02     		.sleb128 334
 579 0455 07       		.uleb128 0x7
 580 0456 2D210000 		.4byte	.LASF150
 581 045a CF02     		.sleb128 335
ARM GAS  C:\Users\Zachary\AppData\Local\Temp\ccU20ZWI.s 			page 12


 582 045c 07       		.uleb128 0x7
 583 045d A8180000 		.4byte	.LASF151
 584 0461 D002     		.sleb128 336
 585 0463 07       		.uleb128 0x7
 586 0464 940B0000 		.4byte	.LASF152
 587 0468 D102     		.sleb128 337
 588 046a 07       		.uleb128 0x7
 589 046b 88120000 		.4byte	.LASF153
 590 046f D202     		.sleb128 338
 591 0471 07       		.uleb128 0x7
 592 0472 26180000 		.4byte	.LASF154
 593 0476 D302     		.sleb128 339
 594 0478 07       		.uleb128 0x7
 595 0479 34020000 		.4byte	.LASF155
 596 047d D402     		.sleb128 340
 597 047f 07       		.uleb128 0x7
 598 0480 88170000 		.4byte	.LASF156
 599 0484 D502     		.sleb128 341
 600 0486 07       		.uleb128 0x7
 601 0487 C40D0000 		.4byte	.LASF157
 602 048b D602     		.sleb128 342
 603 048d 07       		.uleb128 0x7
 604 048e C4140000 		.4byte	.LASF158
 605 0492 D702     		.sleb128 343
 606 0494 07       		.uleb128 0x7
 607 0495 271C0000 		.4byte	.LASF159
 608 0499 D802     		.sleb128 344
 609 049b 07       		.uleb128 0x7
 610 049c 42180000 		.4byte	.LASF160
 611 04a0 D902     		.sleb128 345
 612 04a2 07       		.uleb128 0x7
 613 04a3 18170000 		.4byte	.LASF161
 614 04a7 DA02     		.sleb128 346
 615 04a9 07       		.uleb128 0x7
 616 04aa C5100000 		.4byte	.LASF162
 617 04ae DB02     		.sleb128 347
 618 04b0 07       		.uleb128 0x7
 619 04b1 0F010000 		.4byte	.LASF163
 620 04b5 DC02     		.sleb128 348
 621 04b7 07       		.uleb128 0x7
 622 04b8 41150000 		.4byte	.LASF164
 623 04bc DD02     		.sleb128 349
 624 04be 07       		.uleb128 0x7
 625 04bf D31F0000 		.4byte	.LASF165
 626 04c3 DE02     		.sleb128 350
 627 04c5 07       		.uleb128 0x7
 628 04c6 4D1D0000 		.4byte	.LASF166
 629 04ca DF02     		.sleb128 351
 630 04cc 07       		.uleb128 0x7
 631 04cd 861A0000 		.4byte	.LASF167
 632 04d1 E002     		.sleb128 352
 633 04d3 07       		.uleb128 0x7
 634 04d4 9B010000 		.4byte	.LASF168
 635 04d8 E102     		.sleb128 353
 636 04da 07       		.uleb128 0x7
 637 04db EF090000 		.4byte	.LASF169
 638 04df E202     		.sleb128 354
ARM GAS  C:\Users\Zachary\AppData\Local\Temp\ccU20ZWI.s 			page 13


 639 04e1 07       		.uleb128 0x7
 640 04e2 161E0000 		.4byte	.LASF170
 641 04e6 E302     		.sleb128 355
 642 04e8 07       		.uleb128 0x7
 643 04e9 D2210000 		.4byte	.LASF171
 644 04ed E402     		.sleb128 356
 645 04ef 07       		.uleb128 0x7
 646 04f0 14120000 		.4byte	.LASF172
 647 04f4 E502     		.sleb128 357
 648 04f6 07       		.uleb128 0x7
 649 04f7 EC200000 		.4byte	.LASF173
 650 04fb E602     		.sleb128 358
 651 04fd 07       		.uleb128 0x7
 652 04fe F2110000 		.4byte	.LASF174
 653 0502 E702     		.sleb128 359
 654 0504 07       		.uleb128 0x7
 655 0505 29070000 		.4byte	.LASF175
 656 0509 E802     		.sleb128 360
 657 050b 07       		.uleb128 0x7
 658 050c A70D0000 		.4byte	.LASF176
 659 0510 E902     		.sleb128 361
 660 0512 07       		.uleb128 0x7
 661 0513 5C0C0000 		.4byte	.LASF177
 662 0517 EA02     		.sleb128 362
 663 0519 07       		.uleb128 0x7
 664 051a 51210000 		.4byte	.LASF178
 665 051e EB02     		.sleb128 363
 666 0520 07       		.uleb128 0x7
 667 0521 C2190000 		.4byte	.LASF179
 668 0525 EC02     		.sleb128 364
 669 0527 07       		.uleb128 0x7
 670 0528 0E0E0000 		.4byte	.LASF180
 671 052c ED02     		.sleb128 365
 672 052e 07       		.uleb128 0x7
 673 052f C4150000 		.4byte	.LASF181
 674 0533 EE02     		.sleb128 366
 675 0535 07       		.uleb128 0x7
 676 0536 BD020000 		.4byte	.LASF182
 677 053a EF02     		.sleb128 367
 678 053c 07       		.uleb128 0x7
 679 053d D20A0000 		.4byte	.LASF183
 680 0541 F002     		.sleb128 368
 681 0543 07       		.uleb128 0x7
 682 0544 290D0000 		.4byte	.LASF184
 683 0548 F102     		.sleb128 369
 684 054a 07       		.uleb128 0x7
 685 054b 1B220000 		.4byte	.LASF185
 686 054f F202     		.sleb128 370
 687 0551 07       		.uleb128 0x7
 688 0552 80150000 		.4byte	.LASF186
 689 0556 F302     		.sleb128 371
 690 0558 07       		.uleb128 0x7
 691 0559 E8150000 		.4byte	.LASF187
 692 055d F402     		.sleb128 372
 693 055f 07       		.uleb128 0x7
 694 0560 AD040000 		.4byte	.LASF188
 695 0564 F502     		.sleb128 373
ARM GAS  C:\Users\Zachary\AppData\Local\Temp\ccU20ZWI.s 			page 14


 696 0566 07       		.uleb128 0x7
 697 0567 FA0B0000 		.4byte	.LASF189
 698 056b F602     		.sleb128 374
 699 056d 07       		.uleb128 0x7
 700 056e 2E1A0000 		.4byte	.LASF190
 701 0572 F702     		.sleb128 375
 702 0574 07       		.uleb128 0x7
 703 0575 C3060000 		.4byte	.LASF191
 704 0579 F802     		.sleb128 376
 705 057b 07       		.uleb128 0x7
 706 057c 22000000 		.4byte	.LASF192
 707 0580 F902     		.sleb128 377
 708 0582 07       		.uleb128 0x7
 709 0583 E61C0000 		.4byte	.LASF193
 710 0587 FA02     		.sleb128 378
 711 0589 07       		.uleb128 0x7
 712 058a 300A0000 		.4byte	.LASF194
 713 058e FB02     		.sleb128 379
 714 0590 07       		.uleb128 0x7
 715 0591 F7210000 		.4byte	.LASF195
 716 0595 FC02     		.sleb128 380
 717 0597 07       		.uleb128 0x7
 718 0598 C60E0000 		.4byte	.LASF196
 719 059c FD02     		.sleb128 381
 720 059e 07       		.uleb128 0x7
 721 059f 58100000 		.4byte	.LASF197
 722 05a3 FE02     		.sleb128 382
 723 05a5 07       		.uleb128 0x7
 724 05a6 B8210000 		.4byte	.LASF198
 725 05aa FF02     		.sleb128 383
 726 05ac 07       		.uleb128 0x7
 727 05ad 3B1B0000 		.4byte	.LASF199
 728 05b1 8003     		.sleb128 384
 729 05b3 07       		.uleb128 0x7
 730 05b4 BA130000 		.4byte	.LASF200
 731 05b8 8103     		.sleb128 385
 732 05ba 07       		.uleb128 0x7
 733 05bb 04150000 		.4byte	.LASF201
 734 05bf 8203     		.sleb128 386
 735 05c1 07       		.uleb128 0x7
 736 05c2 BF1E0000 		.4byte	.LASF202
 737 05c6 8303     		.sleb128 387
 738 05c8 07       		.uleb128 0x7
 739 05c9 440E0000 		.4byte	.LASF203
 740 05cd 8403     		.sleb128 388
 741 05cf 07       		.uleb128 0x7
 742 05d0 DC0B0000 		.4byte	.LASF204
 743 05d4 8503     		.sleb128 389
 744 05d6 07       		.uleb128 0x7
 745 05d7 85110000 		.4byte	.LASF205
 746 05db 8603     		.sleb128 390
 747 05dd 07       		.uleb128 0x7
 748 05de 911D0000 		.4byte	.LASF206
 749 05e2 8703     		.sleb128 391
 750 05e4 07       		.uleb128 0x7
 751 05e5 86180000 		.4byte	.LASF207
 752 05e9 8803     		.sleb128 392
ARM GAS  C:\Users\Zachary\AppData\Local\Temp\ccU20ZWI.s 			page 15


 753 05eb 07       		.uleb128 0x7
 754 05ec 11020000 		.4byte	.LASF208
 755 05f0 8903     		.sleb128 393
 756 05f2 07       		.uleb128 0x7
 757 05f3 AE160000 		.4byte	.LASF209
 758 05f7 8A03     		.sleb128 394
 759 05f9 07       		.uleb128 0x7
 760 05fa 7A050000 		.4byte	.LASF210
 761 05fe 8B03     		.sleb128 395
 762 0600 07       		.uleb128 0x7
 763 0601 12100000 		.4byte	.LASF211
 764 0605 8C03     		.sleb128 396
 765 0607 07       		.uleb128 0x7
 766 0608 521A0000 		.4byte	.LASF212
 767 060c 8D03     		.sleb128 397
 768 060e 07       		.uleb128 0x7
 769 060f B7030000 		.4byte	.LASF213
 770 0613 8E03     		.sleb128 398
 771 0615 07       		.uleb128 0x7
 772 0616 0A180000 		.4byte	.LASF214
 773 061a 8F03     		.sleb128 399
 774 061c 07       		.uleb128 0x7
 775 061d F6160000 		.4byte	.LASF215
 776 0621 9003     		.sleb128 400
 777 0623 07       		.uleb128 0x7
 778 0624 7E0C0000 		.4byte	.LASF216
 779 0628 9103     		.sleb128 401
 780 062a 07       		.uleb128 0x7
 781 062b 8C1F0000 		.4byte	.LASF217
 782 062f 9203     		.sleb128 402
 783 0631 07       		.uleb128 0x7
 784 0632 61110000 		.4byte	.LASF218
 785 0636 9303     		.sleb128 403
 786 0638 07       		.uleb128 0x7
 787 0639 27160000 		.4byte	.LASF219
 788 063d 9403     		.sleb128 404
 789 063f 07       		.uleb128 0x7
 790 0640 620E0000 		.4byte	.LASF220
 791 0644 9503     		.sleb128 405
 792 0646 07       		.uleb128 0x7
 793 0647 78190000 		.4byte	.LASF221
 794 064b 9603     		.sleb128 406
 795 064d 07       		.uleb128 0x7
 796 064e 040F0000 		.4byte	.LASF222
 797 0652 9703     		.sleb128 407
 798 0654 07       		.uleb128 0x7
 799 0655 870E0000 		.4byte	.LASF223
 800 0659 9803     		.sleb128 408
 801 065b 07       		.uleb128 0x7
 802 065c D1030000 		.4byte	.LASF224
 803 0660 9903     		.sleb128 409
 804 0662 07       		.uleb128 0x7
 805 0663 0D060000 		.4byte	.LASF225
 806 0667 9A03     		.sleb128 410
 807 0669 07       		.uleb128 0x7
 808 066a 690D0000 		.4byte	.LASF226
 809 066e 9B03     		.sleb128 411
ARM GAS  C:\Users\Zachary\AppData\Local\Temp\ccU20ZWI.s 			page 16


 810 0670 07       		.uleb128 0x7
 811 0671 5D1B0000 		.4byte	.LASF227
 812 0675 9C03     		.sleb128 412
 813 0677 07       		.uleb128 0x7
 814 0678 6E210000 		.4byte	.LASF228
 815 067c 9D03     		.sleb128 413
 816 067e 07       		.uleb128 0x7
 817 067f E80D0000 		.4byte	.LASF229
 818 0683 9E03     		.sleb128 414
 819 0685 07       		.uleb128 0x7
 820 0686 B0070000 		.4byte	.LASF230
 821 068a 9F03     		.sleb128 415
 822 068c 07       		.uleb128 0x7
 823 068d B80B0000 		.4byte	.LASF231
 824 0691 A003     		.sleb128 416
 825 0693 07       		.uleb128 0x7
 826 0694 9C150000 		.4byte	.LASF232
 827 0698 A103     		.sleb128 417
 828 069a 07       		.uleb128 0x7
 829 069b 7E020000 		.4byte	.LASF233
 830 069f A203     		.sleb128 418
 831 06a1 07       		.uleb128 0x7
 832 06a2 A81A0000 		.4byte	.LASF234
 833 06a6 A303     		.sleb128 419
 834 06a8 07       		.uleb128 0x7
 835 06a9 5D080000 		.4byte	.LASF235
 836 06ad A403     		.sleb128 420
 837 06af 07       		.uleb128 0x7
 838 06b0 A0060000 		.4byte	.LASF236
 839 06b4 A503     		.sleb128 421
 840 06b6 07       		.uleb128 0x7
 841 06b7 260B0000 		.4byte	.LASF237
 842 06bb A603     		.sleb128 422
 843 06bd 07       		.uleb128 0x7
 844 06be 7F1E0000 		.4byte	.LASF238
 845 06c2 A703     		.sleb128 423
 846 06c4 07       		.uleb128 0x7
 847 06c5 EC010000 		.4byte	.LASF239
 848 06c9 A803     		.sleb128 424
 849 06cb 07       		.uleb128 0x7
 850 06cc A8000000 		.4byte	.LASF240
 851 06d0 A903     		.sleb128 425
 852 06d2 07       		.uleb128 0x7
 853 06d3 530A0000 		.4byte	.LASF241
 854 06d7 AA03     		.sleb128 426
 855 06d9 07       		.uleb128 0x7
 856 06da F6080000 		.4byte	.LASF242
 857 06de AB03     		.sleb128 427
 858 06e0 07       		.uleb128 0x7
 859 06e1 D0120000 		.4byte	.LASF243
 860 06e5 AC03     		.sleb128 428
 861 06e7 07       		.uleb128 0x7
 862 06e8 691D0000 		.4byte	.LASF244
 863 06ec AD03     		.sleb128 429
 864 06ee 07       		.uleb128 0x7
 865 06ef D5110000 		.4byte	.LASF245
 866 06f3 AE03     		.sleb128 430
ARM GAS  C:\Users\Zachary\AppData\Local\Temp\ccU20ZWI.s 			page 17


 867 06f5 07       		.uleb128 0x7
 868 06f6 0A1A0000 		.4byte	.LASF246
 869 06fa AF03     		.sleb128 431
 870 06fc 07       		.uleb128 0x7
 871 06fd 63090000 		.4byte	.LASF247
 872 0701 B003     		.sleb128 432
 873 0703 07       		.uleb128 0x7
 874 0704 AF1F0000 		.4byte	.LASF248
 875 0708 B103     		.sleb128 433
 876 070a 07       		.uleb128 0x7
 877 070b E5190000 		.4byte	.LASF249
 878 070f B203     		.sleb128 434
 879 0711 07       		.uleb128 0x7
 880 0712 8D090000 		.4byte	.LASF250
 881 0716 B303     		.sleb128 435
 882 0718 07       		.uleb128 0x7
 883 0719 82100000 		.4byte	.LASF251
 884 071d B403     		.sleb128 436
 885 071f 07       		.uleb128 0x7
 886 0720 16190000 		.4byte	.LASF252
 887 0724 B503     		.sleb128 437
 888 0726 07       		.uleb128 0x7
 889 0727 4A0B0000 		.4byte	.LASF253
 890 072b B603     		.sleb128 438
 891 072d 07       		.uleb128 0x7
 892 072e C41C0000 		.4byte	.LASF254
 893 0732 B703     		.sleb128 439
 894 0734 07       		.uleb128 0x7
 895 0735 950A0000 		.4byte	.LASF255
 896 0739 B803     		.sleb128 440
 897 073b 07       		.uleb128 0x7
 898 073c 31060000 		.4byte	.LASF256
 899 0740 B903     		.sleb128 441
 900 0742 07       		.uleb128 0x7
 901 0743 8A160000 		.4byte	.LASF257
 902 0747 BA03     		.sleb128 442
 903 0749 07       		.uleb128 0x7
 904 074a EA0C0000 		.4byte	.LASF258
 905 074e BB03     		.sleb128 443
 906 0750 07       		.uleb128 0x7
 907 0751 0F0D0000 		.4byte	.LASF259
 908 0755 BC03     		.sleb128 444
 909 0757 07       		.uleb128 0x7
 910 0758 50000000 		.4byte	.LASF260
 911 075c BD03     		.sleb128 445
 912 075e 07       		.uleb128 0x7
 913 075f 40120000 		.4byte	.LASF261
 914 0763 BE03     		.sleb128 446
 915 0765 07       		.uleb128 0x7
 916 0766 00000000 		.4byte	.LASF262
 917 076a BF03     		.sleb128 447
 918 076c 07       		.uleb128 0x7
 919 076d 48140000 		.4byte	.LASF263
 920 0771 C003     		.sleb128 448
 921 0773 07       		.uleb128 0x7
 922 0774 081D0000 		.4byte	.LASF264
 923 0778 C103     		.sleb128 449
ARM GAS  C:\Users\Zachary\AppData\Local\Temp\ccU20ZWI.s 			page 18


 924 077a 07       		.uleb128 0x7
 925 077b 99020000 		.4byte	.LASF265
 926 077f C203     		.sleb128 450
 927 0781 07       		.uleb128 0x7
 928 0782 27150000 		.4byte	.LASF266
 929 0786 80C003   		.sleb128 57344
 930 0789 00       		.byte	0
 931 078a 08       		.uleb128 0x8
 932 078b C8090000 		.4byte	.LASF272
 933 078f 01       		.byte	0x1
 934 0790 25       		.byte	0x25
 935 0791 00000000 		.4byte	.LFB35
 936 0795 2C000000 		.4byte	.LFE35-.LFB35
 937 0799 01       		.uleb128 0x1
 938 079a 9C       		.byte	0x9c
 939 079b BC070000 		.4byte	0x7bc
 940 079f 09       		.uleb128 0x9
 941 07a0 3A120000 		.4byte	.LASF267
 942 07a4 01       		.byte	0x1
 943 07a5 25       		.byte	0x25
 944 07a6 76000000 		.4byte	0x76
 945 07aa 02       		.uleb128 0x2
 946 07ab 91       		.byte	0x91
 947 07ac 74       		.sleb128 -12
 948 07ad 09       		.uleb128 0x9
 949 07ae 34010000 		.4byte	.LASF268
 950 07b2 01       		.byte	0x1
 951 07b3 25       		.byte	0x25
 952 07b4 9D000000 		.4byte	0x9d
 953 07b8 02       		.uleb128 0x2
 954 07b9 91       		.byte	0x91
 955 07ba 70       		.sleb128 -16
 956 07bb 00       		.byte	0
 957 07bc 0A       		.uleb128 0xa
 958 07bd 1B0B0000 		.4byte	.LASF273
 959 07c1 01       		.byte	0x1
 960 07c2 12       		.byte	0x12
 961 07c3 6B000000 		.4byte	0x6b
 962 07c7 05       		.uleb128 0x5
 963 07c8 03       		.byte	0x3
 964 07c9 00000000 		.4byte	alertLevel
 965 07cd 00       		.byte	0
 966              		.section	.debug_abbrev,"",%progbits
 967              	.Ldebug_abbrev0:
 968 0000 01       		.uleb128 0x1
 969 0001 11       		.uleb128 0x11
 970 0002 01       		.byte	0x1
 971 0003 25       		.uleb128 0x25
 972 0004 0E       		.uleb128 0xe
 973 0005 13       		.uleb128 0x13
 974 0006 0B       		.uleb128 0xb
 975 0007 03       		.uleb128 0x3
 976 0008 0E       		.uleb128 0xe
 977 0009 1B       		.uleb128 0x1b
 978 000a 0E       		.uleb128 0xe
 979 000b 55       		.uleb128 0x55
 980 000c 17       		.uleb128 0x17
ARM GAS  C:\Users\Zachary\AppData\Local\Temp\ccU20ZWI.s 			page 19


 981 000d 11       		.uleb128 0x11
 982 000e 01       		.uleb128 0x1
 983 000f 10       		.uleb128 0x10
 984 0010 17       		.uleb128 0x17
 985 0011 00       		.byte	0
 986 0012 00       		.byte	0
 987 0013 02       		.uleb128 0x2
 988 0014 24       		.uleb128 0x24
 989 0015 00       		.byte	0
 990 0016 0B       		.uleb128 0xb
 991 0017 0B       		.uleb128 0xb
 992 0018 3E       		.uleb128 0x3e
 993 0019 0B       		.uleb128 0xb
 994 001a 03       		.uleb128 0x3
 995 001b 0E       		.uleb128 0xe
 996 001c 00       		.byte	0
 997 001d 00       		.byte	0
 998 001e 03       		.uleb128 0x3
 999 001f 24       		.uleb128 0x24
 1000 0020 00       		.byte	0
 1001 0021 0B       		.uleb128 0xb
 1002 0022 0B       		.uleb128 0xb
 1003 0023 3E       		.uleb128 0x3e
 1004 0024 0B       		.uleb128 0xb
 1005 0025 03       		.uleb128 0x3
 1006 0026 08       		.uleb128 0x8
 1007 0027 00       		.byte	0
 1008 0028 00       		.byte	0
 1009 0029 04       		.uleb128 0x4
 1010 002a 16       		.uleb128 0x16
 1011 002b 00       		.byte	0
 1012 002c 03       		.uleb128 0x3
 1013 002d 0E       		.uleb128 0xe
 1014 002e 3A       		.uleb128 0x3a
 1015 002f 0B       		.uleb128 0xb
 1016 0030 3B       		.uleb128 0x3b
 1017 0031 0B       		.uleb128 0xb
 1018 0032 49       		.uleb128 0x49
 1019 0033 13       		.uleb128 0x13
 1020 0034 00       		.byte	0
 1021 0035 00       		.byte	0
 1022 0036 05       		.uleb128 0x5
 1023 0037 0F       		.uleb128 0xf
 1024 0038 00       		.byte	0
 1025 0039 0B       		.uleb128 0xb
 1026 003a 0B       		.uleb128 0xb
 1027 003b 00       		.byte	0
 1028 003c 00       		.byte	0
 1029 003d 06       		.uleb128 0x6
 1030 003e 04       		.uleb128 0x4
 1031 003f 01       		.byte	0x1
 1032 0040 0B       		.uleb128 0xb
 1033 0041 0B       		.uleb128 0xb
 1034 0042 3A       		.uleb128 0x3a
 1035 0043 0B       		.uleb128 0xb
 1036 0044 3B       		.uleb128 0x3b
 1037 0045 0B       		.uleb128 0xb
ARM GAS  C:\Users\Zachary\AppData\Local\Temp\ccU20ZWI.s 			page 20


 1038 0046 01       		.uleb128 0x1
 1039 0047 13       		.uleb128 0x13
 1040 0048 00       		.byte	0
 1041 0049 00       		.byte	0
 1042 004a 07       		.uleb128 0x7
 1043 004b 28       		.uleb128 0x28
 1044 004c 00       		.byte	0
 1045 004d 03       		.uleb128 0x3
 1046 004e 0E       		.uleb128 0xe
 1047 004f 1C       		.uleb128 0x1c
 1048 0050 0D       		.uleb128 0xd
 1049 0051 00       		.byte	0
 1050 0052 00       		.byte	0
 1051 0053 08       		.uleb128 0x8
 1052 0054 2E       		.uleb128 0x2e
 1053 0055 01       		.byte	0x1
 1054 0056 3F       		.uleb128 0x3f
 1055 0057 19       		.uleb128 0x19
 1056 0058 03       		.uleb128 0x3
 1057 0059 0E       		.uleb128 0xe
 1058 005a 3A       		.uleb128 0x3a
 1059 005b 0B       		.uleb128 0xb
 1060 005c 3B       		.uleb128 0x3b
 1061 005d 0B       		.uleb128 0xb
 1062 005e 27       		.uleb128 0x27
 1063 005f 19       		.uleb128 0x19
 1064 0060 11       		.uleb128 0x11
 1065 0061 01       		.uleb128 0x1
 1066 0062 12       		.uleb128 0x12
 1067 0063 06       		.uleb128 0x6
 1068 0064 40       		.uleb128 0x40
 1069 0065 18       		.uleb128 0x18
 1070 0066 9642     		.uleb128 0x2116
 1071 0068 19       		.uleb128 0x19
 1072 0069 01       		.uleb128 0x1
 1073 006a 13       		.uleb128 0x13
 1074 006b 00       		.byte	0
 1075 006c 00       		.byte	0
 1076 006d 09       		.uleb128 0x9
 1077 006e 05       		.uleb128 0x5
 1078 006f 00       		.byte	0
 1079 0070 03       		.uleb128 0x3
 1080 0071 0E       		.uleb128 0xe
 1081 0072 3A       		.uleb128 0x3a
 1082 0073 0B       		.uleb128 0xb
 1083 0074 3B       		.uleb128 0x3b
 1084 0075 0B       		.uleb128 0xb
 1085 0076 49       		.uleb128 0x49
 1086 0077 13       		.uleb128 0x13
 1087 0078 02       		.uleb128 0x2
 1088 0079 18       		.uleb128 0x18
 1089 007a 00       		.byte	0
 1090 007b 00       		.byte	0
 1091 007c 0A       		.uleb128 0xa
 1092 007d 34       		.uleb128 0x34
 1093 007e 00       		.byte	0
 1094 007f 03       		.uleb128 0x3
ARM GAS  C:\Users\Zachary\AppData\Local\Temp\ccU20ZWI.s 			page 21


 1095 0080 0E       		.uleb128 0xe
 1096 0081 3A       		.uleb128 0x3a
 1097 0082 0B       		.uleb128 0xb
 1098 0083 3B       		.uleb128 0x3b
 1099 0084 0B       		.uleb128 0xb
 1100 0085 49       		.uleb128 0x49
 1101 0086 13       		.uleb128 0x13
 1102 0087 3F       		.uleb128 0x3f
 1103 0088 19       		.uleb128 0x19
 1104 0089 02       		.uleb128 0x2
 1105 008a 18       		.uleb128 0x18
 1106 008b 00       		.byte	0
 1107 008c 00       		.byte	0
 1108 008d 00       		.byte	0
 1109              		.section	.debug_aranges,"",%progbits
 1110 0000 1C000000 		.4byte	0x1c
 1111 0004 0200     		.2byte	0x2
 1112 0006 00000000 		.4byte	.Ldebug_info0
 1113 000a 04       		.byte	0x4
 1114 000b 00       		.byte	0
 1115 000c 0000     		.2byte	0
 1116 000e 0000     		.2byte	0
 1117 0010 00000000 		.4byte	.LFB35
 1118 0014 2C000000 		.4byte	.LFE35-.LFB35
 1119 0018 00000000 		.4byte	0
 1120 001c 00000000 		.4byte	0
 1121              		.section	.debug_ranges,"",%progbits
 1122              	.Ldebug_ranges0:
 1123 0000 00000000 		.4byte	.LFB35
 1124 0004 2C000000 		.4byte	.LFE35
 1125 0008 00000000 		.4byte	0
 1126 000c 00000000 		.4byte	0
 1127              		.section	.debug_line,"",%progbits
 1128              	.Ldebug_line0:
 1129 0000 8E000000 		.section	.debug_str,"MS",%progbits,1
 1129      02007600 
 1129      00000201 
 1129      FB0E0D00 
 1129      01010101 
 1130              	.LASF262:
 1131 0000 4359424C 		.ascii	"CYBLE_EVT_UDSC_READ_CHAR_RESPONSE\000"
 1131      455F4556 
 1131      545F5544 
 1131      53435F52 
 1131      4541445F 
 1132              	.LASF192:
 1133 0022 4359424C 		.ascii	"CYBLE_EVT_HTSS_NOTIFICATION_DISABLED\000"
 1133      455F4556 
 1133      545F4854 
 1133      53535F4E 
 1133      4F544946 
 1134              	.LASF14:
 1135 0047 73697A65 		.ascii	"sizetype\000"
 1135      74797065 
 1135      00
 1136              	.LASF260:
 1137 0050 4359424C 		.ascii	"CYBLE_EVT_UDSC_INDICATION\000"
ARM GAS  C:\Users\Zachary\AppData\Local\Temp\ccU20ZWI.s 			page 22


 1137      455F4556 
 1137      545F5544 
 1137      53435F49 
 1137      4E444943 
 1138              	.LASF119:
 1139 006a 4359424C 		.ascii	"CYBLE_EVT_CGMSC_INDICATION\000"
 1139      455F4556 
 1139      545F4347 
 1139      4D53435F 
 1139      494E4449 
 1140              	.LASF137:
 1141 0085 4359424C 		.ascii	"CYBLE_EVT_CPSC_READ_DESCR_RESPONSE\000"
 1141      455F4556 
 1141      545F4350 
 1141      53435F52 
 1141      4541445F 
 1142              	.LASF240:
 1143 00a8 4359424C 		.ascii	"CYBLE_EVT_RTUSS_WRITE_CHAR_CMD\000"
 1143      455F4556 
 1143      545F5254 
 1143      5553535F 
 1143      57524954 
 1144              	.LASF148:
 1145 00c7 4359424C 		.ascii	"CYBLE_EVT_CSCSC_READ_CHAR_RESPONSE\000"
 1145      455F4556 
 1145      545F4353 
 1145      4353435F 
 1145      52454144 
 1146              	.LASF124:
 1147 00ea 4359424C 		.ascii	"CYBLE_EVT_CGMSC_WRITE_DESCR_RESPONSE\000"
 1147      455F4556 
 1147      545F4347 
 1147      4D53435F 
 1147      57524954 
 1148              	.LASF163:
 1149 010f 4359424C 		.ascii	"CYBLE_EVT_GLSS_NOTIFICATION_DISABLED\000"
 1149      455F4556 
 1149      545F474C 
 1149      53535F4E 
 1149      4F544946 
 1150              	.LASF268:
 1151 0134 6576656E 		.ascii	"eventParam\000"
 1151      74506172 
 1151      616D00
 1152              	.LASF110:
 1153 013f 4359424C 		.ascii	"CYBLE_EVT_BLSC_READ_CHAR_RESPONSE\000"
 1153      455F4556 
 1153      545F424C 
 1153      53435F52 
 1153      4541445F 
 1154              	.LASF28:
 1155 0161 4359424C 		.ascii	"CYBLE_EVT_GAP_DEVICE_CONNECTED\000"
 1155      455F4556 
 1155      545F4741 
 1155      505F4445 
 1155      56494345 
 1156              	.LASF35:
ARM GAS  C:\Users\Zachary\AppData\Local\Temp\ccU20ZWI.s 			page 23


 1157 0180 4359424C 		.ascii	"CYBLE_EVT_GATT_CONNECT_IND\000"
 1157      455F4556 
 1157      545F4741 
 1157      54545F43 
 1157      4F4E4E45 
 1158              	.LASF168:
 1159 019b 4359424C 		.ascii	"CYBLE_EVT_GLSC_WRITE_CHAR_RESPONSE\000"
 1159      455F4556 
 1159      545F474C 
 1159      53435F57 
 1159      52495445 
 1160              	.LASF10:
 1161 01be 75696E74 		.ascii	"uint32\000"
 1161      333200
 1162              	.LASF81:
 1163 01c5 4359424C 		.ascii	"CYBLE_EVT_GATTC_DESCR_DISCOVERY_FAILED\000"
 1163      455F4556 
 1163      545F4741 
 1163      5454435F 
 1163      44455343 
 1164              	.LASF239:
 1165 01ec 4359424C 		.ascii	"CYBLE_EVT_RSCSC_WRITE_DESCR_RESPONSE\000"
 1165      455F4556 
 1165      545F5253 
 1165      4353435F 
 1165      57524954 
 1166              	.LASF208:
 1167 0211 4359424C 		.ascii	"CYBLE_EVT_LNSS_INDICATION_DISABLED\000"
 1167      455F4556 
 1167      545F4C4E 
 1167      53535F49 
 1167      4E444943 
 1168              	.LASF155:
 1169 0234 4359424C 		.ascii	"CYBLE_EVT_CTSC_READ_CHAR_RESPONSE\000"
 1169      455F4556 
 1169      545F4354 
 1169      53435F52 
 1169      4541445F 
 1170              	.LASF85:
 1171 0256 4359424C 		.ascii	"CYBLE_EVT_GATTC_SRVC_DISCOVERY_COMPLETE\000"
 1171      455F4556 
 1171      545F4741 
 1171      5454435F 
 1171      53525643 
 1172              	.LASF233:
 1173 027e 4359424C 		.ascii	"CYBLE_EVT_RSCSS_CHAR_WRITE\000"
 1173      455F4556 
 1173      545F5253 
 1173      4353535F 
 1173      43484152 
 1174              	.LASF265:
 1175 0299 4359424C 		.ascii	"CYBLE_EVT_UDSC_WRITE_DESCR_RESPONSE\000"
 1175      455F4556 
 1175      545F5544 
 1175      53435F57 
 1175      52495445 
 1176              	.LASF182:
ARM GAS  C:\Users\Zachary\AppData\Local\Temp\ccU20ZWI.s 			page 24


 1177 02bd 4359424C 		.ascii	"CYBLE_EVT_HIDSC_WRITE_DESCR_RESPONSE\000"
 1177      455F4556 
 1177      545F4849 
 1177      4453435F 
 1177      57524954 
 1178              	.LASF95:
 1179 02e2 4359424C 		.ascii	"CYBLE_EVT_ANSC_READ_DESCR_RESPONSE\000"
 1179      455F4556 
 1179      545F414E 
 1179      53435F52 
 1179      4541445F 
 1180              	.LASF80:
 1181 0305 4359424C 		.ascii	"CYBLE_EVT_GATTC_CHAR_DISCOVERY_FAILED\000"
 1181      455F4556 
 1181      545F4741 
 1181      5454435F 
 1181      43484152 
 1182              	.LASF55:
 1183 032b 4359424C 		.ascii	"CYBLE_EVT_GATTS_DATA_SIGNED_CMD_REQ\000"
 1183      455F4556 
 1183      545F4741 
 1183      5454535F 
 1183      44415441 
 1184              	.LASF64:
 1185 034f 4359424C 		.ascii	"CYBLE_EVT_L2CAP_CBFC_RX_CREDIT_IND\000"
 1185      455F4556 
 1185      545F4C32 
 1185      4341505F 
 1185      43424643 
 1186              	.LASF135:
 1187 0372 4359424C 		.ascii	"CYBLE_EVT_CPSC_READ_CHAR_RESPONSE\000"
 1187      455F4556 
 1187      545F4350 
 1187      53435F52 
 1187      4541445F 
 1188              	.LASF142:
 1189 0394 4359424C 		.ascii	"CYBLE_EVT_CSCSS_INDICATION_ENABLED\000"
 1189      455F4556 
 1189      545F4353 
 1189      4353535F 
 1189      494E4449 
 1190              	.LASF213:
 1191 03b7 4359424C 		.ascii	"CYBLE_EVT_LNSC_INDICATION\000"
 1191      455F4556 
 1191      545F4C4E 
 1191      53435F49 
 1191      4E444943 
 1192              	.LASF224:
 1193 03d1 4359424C 		.ascii	"CYBLE_EVT_PASSC_READ_CHAR_RESPONSE\000"
 1193      455F4556 
 1193      545F5041 
 1193      5353435F 
 1193      52454144 
 1194              	.LASF103:
 1195 03f4 4359424C 		.ascii	"CYBLE_EVT_BLSS_INDICATION_ENABLED\000"
 1195      455F4556 
 1195      545F424C 
ARM GAS  C:\Users\Zachary\AppData\Local\Temp\ccU20ZWI.s 			page 25


 1195      53535F49 
 1195      4E444943 
 1196              	.LASF109:
 1197 0416 4359424C 		.ascii	"CYBLE_EVT_BLSC_NOTIFICATION\000"
 1197      455F4556 
 1197      545F424C 
 1197      53435F4E 
 1197      4F544946 
 1198              	.LASF147:
 1199 0432 4359424C 		.ascii	"CYBLE_EVT_CSCSC_INDICATION\000"
 1199      455F4556 
 1199      545F4353 
 1199      4353435F 
 1199      494E4449 
 1200              	.LASF52:
 1201 044d 4359424C 		.ascii	"CYBLE_EVT_GATTC_HANDLE_VALUE_NTF\000"
 1201      455F4556 
 1201      545F4741 
 1201      5454435F 
 1201      48414E44 
 1202              	.LASF22:
 1203 046e 4359424C 		.ascii	"CYBLE_EVT_GAP_AUTH_REQ\000"
 1203      455F4556 
 1203      545F4741 
 1203      505F4155 
 1203      54485F52 
 1204              	.LASF87:
 1205 0485 4359424C 		.ascii	"CYBLE_EVT_GATTC_CHAR_DISCOVERY_COMPLETE\000"
 1205      455F4556 
 1205      545F4741 
 1205      5454435F 
 1205      43484152 
 1206              	.LASF188:
 1207 04ad 4359424C 		.ascii	"CYBLE_EVT_HRSC_WRITE_CHAR_RESPONSE\000"
 1207      455F4556 
 1207      545F4852 
 1207      53435F57 
 1207      52495445 
 1208              	.LASF146:
 1209 04d0 4359424C 		.ascii	"CYBLE_EVT_CSCSC_NOTIFICATION\000"
 1209      455F4556 
 1209      545F4353 
 1209      4353435F 
 1209      4E4F5449 
 1210              	.LASF115:
 1211 04ed 4359424C 		.ascii	"CYBLE_EVT_CGMSS_INDICATION_CONFIRMED\000"
 1211      455F4556 
 1211      545F4347 
 1211      4D53535F 
 1211      494E4449 
 1212              	.LASF111:
 1213 0512 4359424C 		.ascii	"CYBLE_EVT_BLSC_READ_DESCR_RESPONSE\000"
 1213      455F4556 
 1213      545F424C 
 1213      53435F52 
 1213      4541445F 
 1214              	.LASF128:
ARM GAS  C:\Users\Zachary\AppData\Local\Temp\ccU20ZWI.s 			page 26


 1215 0535 4359424C 		.ascii	"CYBLE_EVT_CPSS_INDICATION_DISABLED\000"
 1215      455F4556 
 1215      545F4350 
 1215      53535F49 
 1215      4E444943 
 1216              	.LASF127:
 1217 0558 4359424C 		.ascii	"CYBLE_EVT_CPSS_INDICATION_ENABLED\000"
 1217      455F4556 
 1217      545F4350 
 1217      53535F49 
 1217      4E444943 
 1218              	.LASF210:
 1219 057a 4359424C 		.ascii	"CYBLE_EVT_LNSS_NOTIFICATION_ENABLED\000"
 1219      455F4556 
 1219      545F4C4E 
 1219      53535F4E 
 1219      4F544946 
 1220              	.LASF48:
 1221 059e 4359424C 		.ascii	"CYBLE_EVT_GATTS_WRITE_CMD_REQ\000"
 1221      455F4556 
 1221      545F4741 
 1221      5454535F 
 1221      57524954 
 1222              	.LASF138:
 1223 05bc 4359424C 		.ascii	"CYBLE_EVT_CPSC_WRITE_DESCR_RESPONSE\000"
 1223      455F4556 
 1223      545F4350 
 1223      53435F57 
 1223      52495445 
 1224              	.LASF4:
 1225 05e0 6C6F6E67 		.ascii	"long int\000"
 1225      20696E74 
 1225      00
 1226              	.LASF143:
 1227 05e9 4359424C 		.ascii	"CYBLE_EVT_CSCSS_INDICATION_DISABLED\000"
 1227      455F4556 
 1227      545F4353 
 1227      4353535F 
 1227      494E4449 
 1228              	.LASF225:
 1229 060d 4359424C 		.ascii	"CYBLE_EVT_PASSC_WRITE_CHAR_RESPONSE\000"
 1229      455F4556 
 1229      545F5041 
 1229      5353435F 
 1229      57524954 
 1230              	.LASF256:
 1231 0631 4359424C 		.ascii	"CYBLE_EVT_UDSS_INDICATION_CONFIRMED\000"
 1231      455F4556 
 1231      545F5544 
 1231      53535F49 
 1231      4E444943 
 1232              	.LASF73:
 1233 0655 4359424C 		.ascii	"CYBLE_LONG_TERM_KEY_REQUEST_REPLY\000"
 1233      455F4C4F 
 1233      4E475F54 
 1233      45524D5F 
 1233      4B45595F 
ARM GAS  C:\Users\Zachary\AppData\Local\Temp\ccU20ZWI.s 			page 27


 1234              	.LASF16:
 1235 0677 4359424C 		.ascii	"CYBLE_EVT_STACK_ON\000"
 1235      455F4556 
 1235      545F5354 
 1235      41434B5F 
 1235      4F4E00
 1236              	.LASF69:
 1237 068a 4359424C 		.ascii	"CYBLE_IAS_ALERT_LEVEL\000"
 1237      455F4941 
 1237      535F414C 
 1237      4552545F 
 1237      4C455645 
 1238              	.LASF236:
 1239 06a0 4359424C 		.ascii	"CYBLE_EVT_RSCSC_READ_CHAR_RESPONSE\000"
 1239      455F4556 
 1239      545F5253 
 1239      4353435F 
 1239      52454144 
 1240              	.LASF191:
 1241 06c3 4359424C 		.ascii	"CYBLE_EVT_HTSS_NOTIFICATION_ENABLED\000"
 1241      455F4556 
 1241      545F4854 
 1241      53535F4E 
 1241      4F544946 
 1242              	.LASF58:
 1243 06e7 4359424C 		.ascii	"CYBLE_EVT_L2CAP_COMMAND_REJ\000"
 1243      455F4556 
 1243      545F4C32 
 1243      4341505F 
 1243      434F4D4D 
 1244              	.LASF78:
 1245 0703 4359424C 		.ascii	"CYBLE_EVT_GATTC_SRVC_DISCOVERY_FAILED\000"
 1245      455F4556 
 1245      545F4741 
 1245      5454435F 
 1245      53525643 
 1246              	.LASF175:
 1247 0729 4359424C 		.ascii	"CYBLE_EVT_HIDSS_SUSPEND\000"
 1247      455F4556 
 1247      545F4849 
 1247      4453535F 
 1247      53555350 
 1248              	.LASF0:
 1249 0741 7369676E 		.ascii	"signed char\000"
 1249      65642063 
 1249      68617200 
 1250              	.LASF101:
 1251 074d 4359424C 		.ascii	"CYBLE_EVT_BASC_READ_DESCR_RESPONSE\000"
 1251      455F4556 
 1251      545F4241 
 1251      53435F52 
 1251      4541445F 
 1252              	.LASF18:
 1253 0770 4359424C 		.ascii	"CYBLE_EVT_HARDWARE_ERROR\000"
 1253      455F4556 
 1253      545F4841 
 1253      52445741 
ARM GAS  C:\Users\Zachary\AppData\Local\Temp\ccU20ZWI.s 			page 28


 1253      52455F45 
 1254              	.LASF39:
 1255 0789 4359424C 		.ascii	"CYBLE_EVT_GATTC_READ_BY_GROUP_TYPE_RSP\000"
 1255      455F4556 
 1255      545F4741 
 1255      5454435F 
 1255      52454144 
 1256              	.LASF230:
 1257 07b0 4359424C 		.ascii	"CYBLE_EVT_RSCSS_INDICATION_ENABLED\000"
 1257      455F4556 
 1257      545F5253 
 1257      4353535F 
 1257      494E4449 
 1258              	.LASF1:
 1259 07d3 756E7369 		.ascii	"unsigned char\000"
 1259      676E6564 
 1259      20636861 
 1259      7200
 1260              	.LASF38:
 1261 07e1 4359424C 		.ascii	"CYBLE_EVT_GATTC_XCHNG_MTU_RSP\000"
 1261      455F4556 
 1261      545F4741 
 1261      5454435F 
 1261      5843484E 
 1262              	.LASF129:
 1263 07ff 4359424C 		.ascii	"CYBLE_EVT_CPSS_INDICATION_CONFIRMED\000"
 1263      455F4556 
 1263      545F4350 
 1263      53535F49 
 1263      4E444943 
 1264              	.LASF126:
 1265 0823 4359424C 		.ascii	"CYBLE_EVT_CPSS_NOTIFICATION_DISABLED\000"
 1265      455F4556 
 1265      545F4350 
 1265      53535F4E 
 1265      4F544946 
 1266              	.LASF70:
 1267 0848 4359424C 		.ascii	"CYBLE_IAS_CHAR_COUNT\000"
 1267      455F4941 
 1267      535F4348 
 1267      41525F43 
 1267      4F554E54 
 1268              	.LASF235:
 1269 085d 4359424C 		.ascii	"CYBLE_EVT_RSCSC_INDICATION\000"
 1269      455F4556 
 1269      545F5253 
 1269      4353435F 
 1269      494E4449 
 1270              	.LASF65:
 1271 0878 4359424C 		.ascii	"CYBLE_EVT_L2CAP_CBFC_TX_CREDIT_IND\000"
 1271      455F4556 
 1271      545F4C32 
 1271      4341505F 
 1271      43424643 
 1272              	.LASF77:
 1273 089b 4359424C 		.ascii	"CYBLE_EVT_GATTC_INDICATION\000"
 1273      455F4556 
ARM GAS  C:\Users\Zachary\AppData\Local\Temp\ccU20ZWI.s 			page 29


 1273      545F4741 
 1273      5454435F 
 1273      494E4449 
 1274              	.LASF271:
 1275 08b6 433A5C55 		.ascii	"C:\\Users\\Zachary\\Documents\\PSoC Creator\\Design"
 1275      73657273 
 1275      5C5A6163 
 1275      68617279 
 1275      5C446F63 
 1276 08e4 30315C44 		.ascii	"01\\Design01.cydsn\000"
 1276      65736967 
 1276      6E30312E 
 1276      63796473 
 1276      6E00
 1277              	.LASF242:
 1278 08f6 4359424C 		.ascii	"CYBLE_EVT_SCPSS_NOTIFICATION_ENABLED\000"
 1278      455F4556 
 1278      545F5343 
 1278      5053535F 
 1278      4E4F5449 
 1279              	.LASF62:
 1280 091b 4359424C 		.ascii	"CYBLE_EVT_L2CAP_CBFC_DISCONN_CNF\000"
 1280      455F4556 
 1280      545F4C32 
 1280      4341505F 
 1280      43424643 
 1281              	.LASF42:
 1282 093c 4359424C 		.ascii	"CYBLE_EVT_GATTC_FIND_BY_TYPE_VALUE_RSP\000"
 1282      455F4556 
 1282      545F4741 
 1282      5454435F 
 1282      46494E44 
 1283              	.LASF247:
 1284 0963 4359424C 		.ascii	"CYBLE_EVT_SCPSC_WRITE_DESCR_RESPONSE\000"
 1284      455F4556 
 1284      545F5343 
 1284      5053435F 
 1284      57524954 
 1285              	.LASF13:
 1286 0988 63686172 		.ascii	"char\000"
 1286      00
 1287              	.LASF250:
 1288 098d 4359424C 		.ascii	"CYBLE_EVT_TPSC_NOTIFICATION\000"
 1288      455F4556 
 1288      545F5450 
 1288      53435F4E 
 1288      4F544946 
 1289              	.LASF45:
 1290 09a9 4359424C 		.ascii	"CYBLE_EVT_GATTC_READ_MULTI_RSP\000"
 1290      455F4556 
 1290      545F4741 
 1290      5454435F 
 1290      52454144 
 1291              	.LASF272:
 1292 09c8 49617345 		.ascii	"IasEventHandler\000"
 1292      76656E74 
 1292      48616E64 
ARM GAS  C:\Users\Zachary\AppData\Local\Temp\ccU20ZWI.s 			page 30


 1292      6C657200 
 1293              	.LASF15:
 1294 09d8 4359424C 		.ascii	"CYBLE_EVT_HOST_INVALID\000"
 1294      455F4556 
 1294      545F484F 
 1294      53545F49 
 1294      4E56414C 
 1295              	.LASF169:
 1296 09ef 4359424C 		.ascii	"CYBLE_EVT_GLSC_READ_DESCR_RESPONSE\000"
 1296      455F4556 
 1296      545F474C 
 1296      53435F52 
 1296      4541445F 
 1297              	.LASF44:
 1298 0a12 4359424C 		.ascii	"CYBLE_EVT_GATTC_READ_BLOB_RSP\000"
 1298      455F4556 
 1298      545F4741 
 1298      5454435F 
 1298      52454144 
 1299              	.LASF194:
 1300 0a30 4359424C 		.ascii	"CYBLE_EVT_HTSS_INDICATION_DISABLED\000"
 1300      455F4556 
 1300      545F4854 
 1300      53535F49 
 1300      4E444943 
 1301              	.LASF241:
 1302 0a53 4359424C 		.ascii	"CYBLE_EVT_RTUSC_READ_CHAR_RESPONSE\000"
 1302      455F4556 
 1302      545F5254 
 1302      5553435F 
 1302      52454144 
 1303              	.LASF51:
 1304 0a76 4359424C 		.ascii	"CYBLE_EVT_GATTC_EXEC_WRITE_RSP\000"
 1304      455F4556 
 1304      545F4741 
 1304      5454435F 
 1304      45584543 
 1305              	.LASF255:
 1306 0a95 4359424C 		.ascii	"CYBLE_EVT_UDSS_INDICATION_DISABLED\000"
 1306      455F4556 
 1306      545F5544 
 1306      53535F49 
 1306      4E444943 
 1307              	.LASF132:
 1308 0ab8 4359424C 		.ascii	"CYBLE_EVT_CPSS_CHAR_WRITE\000"
 1308      455F4556 
 1308      545F4350 
 1308      53535F43 
 1308      4841525F 
 1309              	.LASF183:
 1310 0ad2 4359424C 		.ascii	"CYBLE_EVT_HRSS_ENERGY_EXPENDED_RESET\000"
 1310      455F4556 
 1310      545F4852 
 1310      53535F45 
 1310      4E455247 
 1311              	.LASF106:
 1312 0af7 4359424C 		.ascii	"CYBLE_EVT_BLSS_NOTIFICATION_ENABLED\000"
ARM GAS  C:\Users\Zachary\AppData\Local\Temp\ccU20ZWI.s 			page 31


 1312      455F4556 
 1312      545F424C 
 1312      53535F4E 
 1312      4F544946 
 1313              	.LASF273:
 1314 0b1b 616C6572 		.ascii	"alertLevel\000"
 1314      744C6576 
 1314      656C00
 1315              	.LASF237:
 1316 0b26 4359424C 		.ascii	"CYBLE_EVT_RSCSC_WRITE_CHAR_RESPONSE\000"
 1316      455F4556 
 1316      545F5253 
 1316      4353435F 
 1316      57524954 
 1317              	.LASF253:
 1318 0b4a 4359424C 		.ascii	"CYBLE_EVT_TPSC_WRITE_DESCR_RESPONSE\000"
 1318      455F4556 
 1318      545F5450 
 1318      53435F57 
 1318      52495445 
 1319              	.LASF141:
 1320 0b6e 4359424C 		.ascii	"CYBLE_EVT_CSCSS_NOTIFICATION_DISABLED\000"
 1320      455F4556 
 1320      545F4353 
 1320      4353535F 
 1320      4E4F5449 
 1321              	.LASF152:
 1322 0b94 4359424C 		.ascii	"CYBLE_EVT_CTSS_NOTIFICATION_ENABLED\000"
 1322      455F4556 
 1322      545F4354 
 1322      53535F4E 
 1322      4F544946 
 1323              	.LASF231:
 1324 0bb8 4359424C 		.ascii	"CYBLE_EVT_RSCSS_INDICATION_DISABLED\000"
 1324      455F4556 
 1324      545F5253 
 1324      4353535F 
 1324      494E4449 
 1325              	.LASF204:
 1326 0bdc 4359424C 		.ascii	"CYBLE_EVT_LLSS_WRITE_CHAR_REQ\000"
 1326      455F4556 
 1326      545F4C4C 
 1326      53535F57 
 1326      52495445 
 1327              	.LASF189:
 1328 0bfa 4359424C 		.ascii	"CYBLE_EVT_HRSC_READ_DESCR_RESPONSE\000"
 1328      455F4556 
 1328      545F4852 
 1328      53435F52 
 1328      4541445F 
 1329              	.LASF140:
 1330 0c1d 4359424C 		.ascii	"CYBLE_EVT_CSCSS_NOTIFICATION_ENABLED\000"
 1330      455F4556 
 1330      545F4353 
 1330      4353535F 
 1330      4E4F5449 
 1331              	.LASF108:
ARM GAS  C:\Users\Zachary\AppData\Local\Temp\ccU20ZWI.s 			page 32


 1332 0c42 4359424C 		.ascii	"CYBLE_EVT_BLSC_INDICATION\000"
 1332      455F4556 
 1332      545F424C 
 1332      53435F49 
 1332      4E444943 
 1333              	.LASF177:
 1334 0c5c 4359424C 		.ascii	"CYBLE_EVT_HIDSS_REPORT_CHAR_WRITE\000"
 1334      455F4556 
 1334      545F4849 
 1334      4453535F 
 1334      5245504F 
 1335              	.LASF216:
 1336 0c7e 4359424C 		.ascii	"CYBLE_EVT_LNSC_WRITE_CHAR_RESPONSE\000"
 1336      455F4556 
 1336      545F4C4E 
 1336      53435F57 
 1336      52495445 
 1337              	.LASF57:
 1338 0ca1 4359424C 		.ascii	"CYBLE_EVT_L2CAP_CONN_PARAM_UPDATE_RSP\000"
 1338      455F4556 
 1338      545F4C32 
 1338      4341505F 
 1338      434F4E4E 
 1339              	.LASF94:
 1340 0cc7 4359424C 		.ascii	"CYBLE_EVT_ANSC_WRITE_CHAR_RESPONSE\000"
 1340      455F4556 
 1340      545F414E 
 1340      53435F57 
 1340      52495445 
 1341              	.LASF258:
 1342 0cea 4359424C 		.ascii	"CYBLE_EVT_UDSS_NOTIFICATION_DISABLED\000"
 1342      455F4556 
 1342      545F5544 
 1342      53535F4E 
 1342      4F544946 
 1343              	.LASF259:
 1344 0d0f 4359424C 		.ascii	"CYBLE_EVT_UDSS_WRITE_CHAR\000"
 1344      455F4556 
 1344      545F5544 
 1344      53535F57 
 1344      52495445 
 1345              	.LASF184:
 1346 0d29 4359424C 		.ascii	"CYBLE_EVT_HRSS_NOTIFICATION_ENABLED\000"
 1346      455F4556 
 1346      545F4852 
 1346      53535F4E 
 1346      4F544946 
 1347              	.LASF25:
 1348 0d4d 4359424C 		.ascii	"CYBLE_EVT_GAP_AUTH_COMPLETE\000"
 1348      455F4556 
 1348      545F4741 
 1348      505F4155 
 1348      54485F43 
 1349              	.LASF226:
 1350 0d69 4359424C 		.ascii	"CYBLE_EVT_PASSC_READ_DESCR_RESPONSE\000"
 1350      455F4556 
 1350      545F5041 
ARM GAS  C:\Users\Zachary\AppData\Local\Temp\ccU20ZWI.s 			page 33


 1350      5353435F 
 1350      52454144 
 1351              	.LASF26:
 1352 0d8d 4359424C 		.ascii	"CYBLE_EVT_GAP_AUTH_FAILED\000"
 1352      455F4556 
 1352      545F4741 
 1352      505F4155 
 1352      54485F46 
 1353              	.LASF176:
 1354 0da7 4359424C 		.ascii	"CYBLE_EVT_HIDSS_EXIT_SUSPEND\000"
 1354      455F4556 
 1354      545F4849 
 1354      4453535F 
 1354      45584954 
 1355              	.LASF157:
 1356 0dc4 4359424C 		.ascii	"CYBLE_EVT_CTSC_WRITE_DESCR_RESPONSE\000"
 1356      455F4556 
 1356      545F4354 
 1356      53435F57 
 1356      52495445 
 1357              	.LASF229:
 1358 0de8 4359424C 		.ascii	"CYBLE_EVT_RSCSS_NOTIFICATION_DISABLED\000"
 1358      455F4556 
 1358      545F5253 
 1358      4353535F 
 1358      4E4F5449 
 1359              	.LASF180:
 1360 0e0e 4359424C 		.ascii	"CYBLE_EVT_HIDSC_WRITE_CHAR_RESPONSE\000"
 1360      455F4556 
 1360      545F4849 
 1360      4453435F 
 1360      57524954 
 1361              	.LASF5:
 1362 0e32 6C6F6E67 		.ascii	"long unsigned int\000"
 1362      20756E73 
 1362      69676E65 
 1362      6420696E 
 1362      7400
 1363              	.LASF203:
 1364 0e44 4359424C 		.ascii	"CYBLE_EVT_IASS_WRITE_CHAR_CMD\000"
 1364      455F4556 
 1364      545F4941 
 1364      53535F57 
 1364      52495445 
 1365              	.LASF220:
 1366 0e62 4359424C 		.ascii	"CYBLE_EVT_PASSS_NOTIFICATION_ENABLED\000"
 1366      455F4556 
 1366      545F5041 
 1366      5353535F 
 1366      4E4F5449 
 1367              	.LASF223:
 1368 0e87 4359424C 		.ascii	"CYBLE_EVT_PASSC_NOTIFICATION\000"
 1368      455F4556 
 1368      545F5041 
 1368      5353435F 
 1368      4E4F5449 
 1369              	.LASF93:
ARM GAS  C:\Users\Zachary\AppData\Local\Temp\ccU20ZWI.s 			page 34


 1370 0ea4 4359424C 		.ascii	"CYBLE_EVT_ANSC_READ_CHAR_RESPONSE\000"
 1370      455F4556 
 1370      545F414E 
 1370      53435F52 
 1370      4541445F 
 1371              	.LASF196:
 1372 0ec6 4359424C 		.ascii	"CYBLE_EVT_HTSS_CHAR_WRITE\000"
 1372      455F4556 
 1372      545F4854 
 1372      53535F43 
 1372      4841525F 
 1373              	.LASF97:
 1374 0ee0 4359424C 		.ascii	"CYBLE_EVT_BASS_NOTIFICATION_ENABLED\000"
 1374      455F4556 
 1374      545F4241 
 1374      53535F4E 
 1374      4F544946 
 1375              	.LASF222:
 1376 0f04 4359424C 		.ascii	"CYBLE_EVT_PASSS_WRITE_CHAR\000"
 1376      455F4556 
 1376      545F5041 
 1376      5353535F 
 1376      57524954 
 1377              	.LASF136:
 1378 0f1f 4359424C 		.ascii	"CYBLE_EVT_CPSC_WRITE_CHAR_RESPONSE\000"
 1378      455F4556 
 1378      545F4350 
 1378      53435F57 
 1378      52495445 
 1379              	.LASF31:
 1380 0f42 4359424C 		.ascii	"CYBLE_EVT_GAP_CONNECTION_UPDATE_COMPLETE\000"
 1380      455F4556 
 1380      545F4741 
 1380      505F434F 
 1380      4E4E4543 
 1381              	.LASF121:
 1382 0f6b 4359424C 		.ascii	"CYBLE_EVT_CGMSC_READ_CHAR_RESPONSE\000"
 1382      455F4556 
 1382      545F4347 
 1382      4D53435F 
 1382      52454144 
 1383              	.LASF149:
 1384 0f8e 4359424C 		.ascii	"CYBLE_EVT_CSCSC_WRITE_CHAR_RESPONSE\000"
 1384      455F4556 
 1384      545F4353 
 1384      4353435F 
 1384      57524954 
 1385              	.LASF61:
 1386 0fb2 4359424C 		.ascii	"CYBLE_EVT_L2CAP_CBFC_DISCONN_IND\000"
 1386      455F4556 
 1386      545F4C32 
 1386      4341505F 
 1386      43424643 
 1387              	.LASF145:
 1388 0fd3 4359424C 		.ascii	"CYBLE_EVT_CSCSS_CHAR_WRITE\000"
 1388      455F4556 
 1388      545F4353 
ARM GAS  C:\Users\Zachary\AppData\Local\Temp\ccU20ZWI.s 			page 35


 1388      4353535F 
 1388      43484152 
 1389              	.LASF23:
 1390 0fee 4359424C 		.ascii	"CYBLE_EVT_GAP_PASSKEY_ENTRY_REQUEST\000"
 1390      455F4556 
 1390      545F4741 
 1390      505F5041 
 1390      53534B45 
 1391              	.LASF211:
 1392 1012 4359424C 		.ascii	"CYBLE_EVT_LNSS_NOTIFICATION_DISABLED\000"
 1392      455F4556 
 1392      545F4C4E 
 1392      53535F4E 
 1392      4F544946 
 1393              	.LASF130:
 1394 1037 4359424C 		.ascii	"CYBLE_EVT_CPSS_BROADCAST_ENABLED\000"
 1394      455F4556 
 1394      545F4350 
 1394      53535F42 
 1394      524F4144 
 1395              	.LASF197:
 1396 1058 4359424C 		.ascii	"CYBLE_EVT_HTSC_NOTIFICATION\000"
 1396      455F4556 
 1396      545F4854 
 1396      53435F4E 
 1396      4F544946 
 1397              	.LASF6:
 1398 1074 6C6F6E67 		.ascii	"long long int\000"
 1398      206C6F6E 
 1398      6720696E 
 1398      7400
 1399              	.LASF251:
 1400 1082 4359424C 		.ascii	"CYBLE_EVT_TPSC_READ_CHAR_RESPONSE\000"
 1400      455F4556 
 1400      545F5450 
 1400      53435F52 
 1400      4541445F 
 1401              	.LASF83:
 1402 10a4 4359424C 		.ascii	"CYBLE_EVT_GATTC_CHAR_DUPLICATION\000"
 1402      455F4556 
 1402      545F4741 
 1402      5454435F 
 1402      43484152 
 1403              	.LASF162:
 1404 10c5 4359424C 		.ascii	"CYBLE_EVT_GLSS_NOTIFICATION_ENABLED\000"
 1404      455F4556 
 1404      545F474C 
 1404      53535F4E 
 1404      4F544946 
 1405              	.LASF113:
 1406 10e9 4359424C 		.ascii	"CYBLE_EVT_CGMSS_INDICATION_ENABLED\000"
 1406      455F4556 
 1406      545F4347 
 1406      4D53535F 
 1406      494E4449 
 1407              	.LASF12:
 1408 110c 646F7562 		.ascii	"double\000"
ARM GAS  C:\Users\Zachary\AppData\Local\Temp\ccU20ZWI.s 			page 36


 1408      6C6500
 1409              	.LASF270:
 1410 1113 2E5C6961 		.ascii	".\\ias.c\000"
 1410      732E6300 
 1411              	.LASF67:
 1412 111b 4359424C 		.ascii	"CYBLE_EVT_PENDING_FLASH_WRITE\000"
 1412      455F4556 
 1412      545F5045 
 1412      4E44494E 
 1412      475F464C 
 1413              	.LASF86:
 1414 1139 4359424C 		.ascii	"CYBLE_EVT_GATTC_INCL_DISCOVERY_COMPLETE\000"
 1414      455F4556 
 1414      545F4741 
 1414      5454435F 
 1414      494E434C 
 1415              	.LASF218:
 1416 1161 4359424C 		.ascii	"CYBLE_EVT_LNSC_WRITE_DESCR_RESPONSE\000"
 1416      455F4556 
 1416      545F4C4E 
 1416      53435F57 
 1416      52495445 
 1417              	.LASF205:
 1418 1185 4359424C 		.ascii	"CYBLE_EVT_LLSC_READ_CHAR_RESPONSE\000"
 1418      455F4556 
 1418      545F4C4C 
 1418      53435F52 
 1418      4541445F 
 1419              	.LASF144:
 1420 11a7 4359424C 		.ascii	"CYBLE_EVT_CSCSS_INDICATION_CONFIRMATION\000"
 1420      455F4556 
 1420      545F4353 
 1420      4353535F 
 1420      494E4449 
 1421              	.LASF11:
 1422 11cf 666C6F61 		.ascii	"float\000"
 1422      7400
 1423              	.LASF245:
 1424 11d5 4359424C 		.ascii	"CYBLE_EVT_SCPSC_NOTIFICATION\000"
 1424      455F4556 
 1424      545F5343 
 1424      5053435F 
 1424      4E4F5449 
 1425              	.LASF174:
 1426 11f2 4359424C 		.ascii	"CYBLE_EVT_HIDSS_REPORT_MODE_ENTER\000"
 1426      455F4556 
 1426      545F4849 
 1426      4453535F 
 1426      5245504F 
 1427              	.LASF172:
 1428 1214 4359424C 		.ascii	"CYBLE_EVT_HIDSS_NOTIFICATION_DISABLED\000"
 1428      455F4556 
 1428      545F4849 
 1428      4453535F 
 1428      4E4F5449 
 1429              	.LASF267:
 1430 123a 6576656E 		.ascii	"event\000"
ARM GAS  C:\Users\Zachary\AppData\Local\Temp\ccU20ZWI.s 			page 37


 1430      7400
 1431              	.LASF261:
 1432 1240 4359424C 		.ascii	"CYBLE_EVT_UDSC_NOTIFICATION\000"
 1432      455F4556 
 1432      545F5544 
 1432      53435F4E 
 1432      4F544946 
 1433              	.LASF8:
 1434 125c 756E7369 		.ascii	"unsigned int\000"
 1434      676E6564 
 1434      20696E74 
 1434      00
 1435              	.LASF49:
 1436 1269 4359424C 		.ascii	"CYBLE_EVT_GATTS_PREP_WRITE_REQ\000"
 1436      455F4556 
 1436      545F4741 
 1436      5454535F 
 1436      50524550 
 1437              	.LASF153:
 1438 1288 4359424C 		.ascii	"CYBLE_EVT_CTSS_NOTIFICATION_DISABLED\000"
 1438      455F4556 
 1438      545F4354 
 1438      53535F4E 
 1438      4F544946 
 1439              	.LASF104:
 1440 12ad 4359424C 		.ascii	"CYBLE_EVT_BLSS_INDICATION_DISABLED\000"
 1440      455F4556 
 1440      545F424C 
 1440      53535F49 
 1440      4E444943 
 1441              	.LASF243:
 1442 12d0 4359424C 		.ascii	"CYBLE_EVT_SCPSS_NOTIFICATION_DISABLED\000"
 1442      455F4556 
 1442      545F5343 
 1442      5053535F 
 1442      4E4F5449 
 1443              	.LASF269:
 1444 12f6 474E5520 		.ascii	"GNU C 4.8.4 20140526 (release) [ARM/embedded-4_8-br"
 1444      4320342E 
 1444      382E3420 
 1444      32303134 
 1444      30353236 
 1445 1329 616E6368 		.ascii	"anch revision 211358] -mcpu=cortex-m0 -mthumb -g -O"
 1445      20726576 
 1445      6973696F 
 1445      6E203231 
 1445      31333538 
 1446 135c 30202D66 		.ascii	"0 -ffunction-sections\000"
 1446      66756E63 
 1446      74696F6E 
 1446      2D736563 
 1446      74696F6E 
 1447              	.LASF71:
 1448 1372 4359424C 		.ascii	"CYBLE_AUTHENTICATION_REQUEST_REPLY\000"
 1448      455F4155 
 1448      5448454E 
 1448      54494341 
ARM GAS  C:\Users\Zachary\AppData\Local\Temp\ccU20ZWI.s 			page 38


 1448      54494F4E 
 1449              	.LASF107:
 1450 1395 4359424C 		.ascii	"CYBLE_EVT_BLSS_NOTIFICATION_DISABLED\000"
 1450      455F4556 
 1450      545F424C 
 1450      53535F4E 
 1450      4F544946 
 1451              	.LASF200:
 1452 13ba 4359424C 		.ascii	"CYBLE_EVT_HTSC_WRITE_CHAR_RESPONSE\000"
 1452      455F4556 
 1452      545F4854 
 1452      53435F57 
 1452      52495445 
 1453              	.LASF68:
 1454 13dd 4359424C 		.ascii	"CYBLE_EVT_MAX\000"
 1454      455F4556 
 1454      545F4D41 
 1454      5800
 1455              	.LASF32:
 1456 13eb 4359424C 		.ascii	"CYBLE_EVT_GAPC_SCAN_START_STOP\000"
 1456      455F4556 
 1456      545F4741 
 1456      50435F53 
 1456      43414E5F 
 1457              	.LASF89:
 1458 140a 4359424C 		.ascii	"CYBLE_EVT_ANSS_NOTIFICATION_ENABLED\000"
 1458      455F4556 
 1458      545F414E 
 1458      53535F4E 
 1458      4F544946 
 1459              	.LASF46:
 1460 142e 4359424C 		.ascii	"CYBLE_EVT_GATTS_WRITE_REQ\000"
 1460      455F4556 
 1460      545F4741 
 1460      5454535F 
 1460      57524954 
 1461              	.LASF263:
 1462 1448 4359424C 		.ascii	"CYBLE_EVT_UDSC_WRITE_CHAR_RESPONSE\000"
 1462      455F4556 
 1462      545F5544 
 1462      53435F57 
 1462      52495445 
 1463              	.LASF24:
 1464 146b 4359424C 		.ascii	"CYBLE_EVT_GAP_PASSKEY_DISPLAY_REQUEST\000"
 1464      455F4556 
 1464      545F4741 
 1464      505F5041 
 1464      53534B45 
 1465              	.LASF43:
 1466 1491 4359424C 		.ascii	"CYBLE_EVT_GATTC_READ_RSP\000"
 1466      455F4556 
 1466      545F4741 
 1466      5454435F 
 1466      52454144 
 1467              	.LASF134:
 1468 14aa 4359424C 		.ascii	"CYBLE_EVT_CPSC_INDICATION\000"
 1468      455F4556 
ARM GAS  C:\Users\Zachary\AppData\Local\Temp\ccU20ZWI.s 			page 39


 1468      545F4350 
 1468      53435F49 
 1468      4E444943 
 1469              	.LASF158:
 1470 14c4 4359424C 		.ascii	"CYBLE_EVT_DISC_READ_CHAR_RESPONSE\000"
 1470      455F4556 
 1470      545F4449 
 1470      53435F52 
 1470      4541445F 
 1471              	.LASF60:
 1472 14e6 4359424C 		.ascii	"CYBLE_EVT_L2CAP_CBFC_CONN_CNF\000"
 1472      455F4556 
 1472      545F4C32 
 1472      4341505F 
 1472      43424643 
 1473              	.LASF201:
 1474 1504 4359424C 		.ascii	"CYBLE_EVT_HTSC_READ_DESCR_RESPONSE\000"
 1474      455F4556 
 1474      545F4854 
 1474      53435F52 
 1474      4541445F 
 1475              	.LASF266:
 1476 1527 4359424C 		.ascii	"CYBLE_DEBUG_EVT_BLESS_INT\000"
 1476      455F4445 
 1476      4255475F 
 1476      4556545F 
 1476      424C4553 
 1477              	.LASF164:
 1478 1541 4359424C 		.ascii	"CYBLE_EVT_GLSS_WRITE_CHAR\000"
 1478      455F4556 
 1478      545F474C 
 1478      53535F57 
 1478      52495445 
 1479              	.LASF116:
 1480 155b 4359424C 		.ascii	"CYBLE_EVT_CGMSS_NOTIFICATION_ENABLED\000"
 1480      455F4556 
 1480      545F4347 
 1480      4D53535F 
 1480      4E4F5449 
 1481              	.LASF186:
 1482 1580 4359424C 		.ascii	"CYBLE_EVT_HRSC_NOTIFICATION\000"
 1482      455F4556 
 1482      545F4852 
 1482      53435F4E 
 1482      4F544946 
 1483              	.LASF232:
 1484 159c 4359424C 		.ascii	"CYBLE_EVT_RSCSS_INDICATION_CONFIRMATION\000"
 1484      455F4556 
 1484      545F5253 
 1484      4353535F 
 1484      494E4449 
 1485              	.LASF181:
 1486 15c4 4359424C 		.ascii	"CYBLE_EVT_HIDSC_READ_DESCR_RESPONSE\000"
 1486      455F4556 
 1486      545F4849 
 1486      4453435F 
 1486      52454144 
ARM GAS  C:\Users\Zachary\AppData\Local\Temp\ccU20ZWI.s 			page 40


 1487              	.LASF187:
 1488 15e8 4359424C 		.ascii	"CYBLE_EVT_HRSC_READ_CHAR_RESPONSE\000"
 1488      455F4556 
 1488      545F4852 
 1488      53435F52 
 1488      4541445F 
 1489              	.LASF30:
 1490 160a 4359424C 		.ascii	"CYBLE_EVT_GAP_ENCRYPT_CHANGE\000"
 1490      455F4556 
 1490      545F4741 
 1490      505F454E 
 1490      43525950 
 1491              	.LASF219:
 1492 1627 4359424C 		.ascii	"CYBLE_EVT_NDCSC_READ_CHAR_RESPONSE\000"
 1492      455F4556 
 1492      545F4E44 
 1492      4353435F 
 1492      52454144 
 1493              	.LASF84:
 1494 164a 4359424C 		.ascii	"CYBLE_EVT_GATTC_DESCR_DUPLICATION\000"
 1494      455F4556 
 1494      545F4741 
 1494      5454435F 
 1494      44455343 
 1495              	.LASF37:
 1496 166c 4359424C 		.ascii	"CYBLE_EVT_GATTS_XCNHG_MTU_REQ\000"
 1496      455F4556 
 1496      545F4741 
 1496      5454535F 
 1496      58434E48 
 1497              	.LASF257:
 1498 168a 4359424C 		.ascii	"CYBLE_EVT_UDSS_NOTIFICATION_ENABLED\000"
 1498      455F4556 
 1498      545F5544 
 1498      53535F4E 
 1498      4F544946 
 1499              	.LASF209:
 1500 16ae 4359424C 		.ascii	"CYBLE_EVT_LNSS_INDICATION_CONFIRMED\000"
 1500      455F4556 
 1500      545F4C4E 
 1500      53535F49 
 1500      4E444943 
 1501              	.LASF96:
 1502 16d2 4359424C 		.ascii	"CYBLE_EVT_ANSC_WRITE_DESCR_RESPONSE\000"
 1502      455F4556 
 1502      545F414E 
 1502      53435F57 
 1502      52495445 
 1503              	.LASF215:
 1504 16f6 4359424C 		.ascii	"CYBLE_EVT_LNSC_READ_CHAR_RESPONSE\000"
 1504      455F4556 
 1504      545F4C4E 
 1504      53435F52 
 1504      4541445F 
 1505              	.LASF161:
 1506 1718 4359424C 		.ascii	"CYBLE_EVT_GLSS_INDICATION_CONFIRMED\000"
 1506      455F4556 
ARM GAS  C:\Users\Zachary\AppData\Local\Temp\ccU20ZWI.s 			page 41


 1506      545F474C 
 1506      53535F49 
 1506      4E444943 
 1507              	.LASF75:
 1508 173c 4359424C 		.ascii	"CYBLE_EVT_GATTS_INDICATION_ENABLED\000"
 1508      455F4556 
 1508      545F4741 
 1508      5454535F 
 1508      494E4449 
 1509              	.LASF7:
 1510 175f 6C6F6E67 		.ascii	"long long unsigned int\000"
 1510      206C6F6E 
 1510      6720756E 
 1510      7369676E 
 1510      65642069 
 1511              	.LASF17:
 1512 1776 4359424C 		.ascii	"CYBLE_EVT_TIMEOUT\000"
 1512      455F4556 
 1512      545F5449 
 1512      4D454F55 
 1512      5400
 1513              	.LASF156:
 1514 1788 4359424C 		.ascii	"CYBLE_EVT_CTSC_READ_DESCR_RESPONSE\000"
 1514      455F4556 
 1514      545F4354 
 1514      53435F52 
 1514      4541445F 
 1515              	.LASF63:
 1516 17ab 4359424C 		.ascii	"CYBLE_EVT_L2CAP_CBFC_DATA_READ\000"
 1516      455F4556 
 1516      545F4C32 
 1516      4341505F 
 1516      43424643 
 1517              	.LASF133:
 1518 17ca 4359424C 		.ascii	"CYBLE_EVT_CPSC_NOTIFICATION\000"
 1518      455F4556 
 1518      545F4350 
 1518      53435F4E 
 1518      4F544946 
 1519              	.LASF112:
 1520 17e6 4359424C 		.ascii	"CYBLE_EVT_BLSC_WRITE_DESCR_RESPONSE\000"
 1520      455F4556 
 1520      545F424C 
 1520      53435F57 
 1520      52495445 
 1521              	.LASF214:
 1522 180a 4359424C 		.ascii	"CYBLE_EVT_LNSC_NOTIFICATION\000"
 1522      455F4556 
 1522      545F4C4E 
 1522      53435F4E 
 1522      4F544946 
 1523              	.LASF154:
 1524 1826 4359424C 		.ascii	"CYBLE_EVT_CTSC_NOTIFICATION\000"
 1524      455F4556 
 1524      545F4354 
 1524      53435F4E 
 1524      4F544946 
ARM GAS  C:\Users\Zachary\AppData\Local\Temp\ccU20ZWI.s 			page 42


 1525              	.LASF160:
 1526 1842 4359424C 		.ascii	"CYBLE_EVT_GLSS_INDICATION_DISABLED\000"
 1526      455F4556 
 1526      545F474C 
 1526      53535F49 
 1526      4E444943 
 1527              	.LASF82:
 1528 1865 4359424C 		.ascii	"CYBLE_EVT_GATTC_SRVC_DUPLICATION\000"
 1528      455F4556 
 1528      545F4741 
 1528      5454435F 
 1528      53525643 
 1529              	.LASF207:
 1530 1886 4359424C 		.ascii	"CYBLE_EVT_LNSS_INDICATION_ENABLED\000"
 1530      455F4556 
 1530      545F4C4E 
 1530      53535F49 
 1530      4E444943 
 1531              	.LASF151:
 1532 18a8 4359424C 		.ascii	"CYBLE_EVT_CSCSC_WRITE_DESCR_RESPONSE\000"
 1532      455F4556 
 1532      545F4353 
 1532      4353435F 
 1532      57524954 
 1533              	.LASF98:
 1534 18cd 4359424C 		.ascii	"CYBLE_EVT_BASS_NOTIFICATION_DISABLED\000"
 1534      455F4556 
 1534      545F4241 
 1534      53535F4E 
 1534      4F544946 
 1535              	.LASF125:
 1536 18f2 4359424C 		.ascii	"CYBLE_EVT_CPSS_NOTIFICATION_ENABLED\000"
 1536      455F4556 
 1536      545F4350 
 1536      53535F4E 
 1536      4F544946 
 1537              	.LASF252:
 1538 1916 4359424C 		.ascii	"CYBLE_EVT_TPSC_READ_DESCR_RESPONSE\000"
 1538      455F4556 
 1538      545F5450 
 1538      53435F52 
 1538      4541445F 
 1539              	.LASF41:
 1540 1939 4359424C 		.ascii	"CYBLE_EVT_GATTC_FIND_INFO_RSP\000"
 1540      455F4556 
 1540      545F4741 
 1540      5454435F 
 1540      46494E44 
 1541              	.LASF40:
 1542 1957 4359424C 		.ascii	"CYBLE_EVT_GATTC_READ_BY_TYPE_RSP\000"
 1542      455F4556 
 1542      545F4741 
 1542      5454435F 
 1542      52454144 
 1543              	.LASF221:
 1544 1978 4359424C 		.ascii	"CYBLE_EVT_PASSS_NOTIFICATION_DISABLED\000"
 1544      455F4556 
ARM GAS  C:\Users\Zachary\AppData\Local\Temp\ccU20ZWI.s 			page 43


 1544      545F5041 
 1544      5353535F 
 1544      4E4F5449 
 1545              	.LASF123:
 1546 199e 4359424C 		.ascii	"CYBLE_EVT_CGMSC_READ_DESCR_RESPONSE\000"
 1546      455F4556 
 1546      545F4347 
 1546      4D53435F 
 1546      52454144 
 1547              	.LASF179:
 1548 19c2 4359424C 		.ascii	"CYBLE_EVT_HIDSC_READ_CHAR_RESPONSE\000"
 1548      455F4556 
 1548      545F4849 
 1548      4453435F 
 1548      52454144 
 1549              	.LASF249:
 1550 19e5 4359424C 		.ascii	"CYBLE_EVT_TPSS_NOTIFICATION_DISABLED\000"
 1550      455F4556 
 1550      545F5450 
 1550      53535F4E 
 1550      4F544946 
 1551              	.LASF246:
 1552 1a0a 4359424C 		.ascii	"CYBLE_EVT_SCPSC_READ_DESCR_RESPONSE\000"
 1552      455F4556 
 1552      545F5343 
 1552      5053435F 
 1552      52454144 
 1553              	.LASF190:
 1554 1a2e 4359424C 		.ascii	"CYBLE_EVT_HRSC_WRITE_DESCR_RESPONSE\000"
 1554      455F4556 
 1554      545F4852 
 1554      53435F57 
 1554      52495445 
 1555              	.LASF212:
 1556 1a52 4359424C 		.ascii	"CYBLE_EVT_LNSS_WRITE_CHAR\000"
 1556      455F4556 
 1556      545F4C4E 
 1556      53535F57 
 1556      52495445 
 1557              	.LASF47:
 1558 1a6c 4359424C 		.ascii	"CYBLE_EVT_GATTC_WRITE_RSP\000"
 1558      455F4556 
 1558      545F4741 
 1558      5454435F 
 1558      57524954 
 1559              	.LASF167:
 1560 1a86 4359424C 		.ascii	"CYBLE_EVT_GLSC_READ_CHAR_RESPONSE\000"
 1560      455F4556 
 1560      545F474C 
 1560      53435F52 
 1560      4541445F 
 1561              	.LASF234:
 1562 1aa8 4359424C 		.ascii	"CYBLE_EVT_RSCSC_NOTIFICATION\000"
 1562      455F4556 
 1562      545F5253 
 1562      4353435F 
 1562      4E4F5449 
ARM GAS  C:\Users\Zachary\AppData\Local\Temp\ccU20ZWI.s 			page 44


 1563              	.LASF27:
 1564 1ac5 4359424C 		.ascii	"CYBLE_EVT_GAPP_ADVERTISEMENT_START_STOP\000"
 1564      455F4556 
 1564      545F4741 
 1564      50505F41 
 1564      44564552 
 1565              	.LASF105:
 1566 1aed 4359424C 		.ascii	"CYBLE_EVT_BLSS_INDICATION_CONFIRMED\000"
 1566      455F4556 
 1566      545F424C 
 1566      53535F49 
 1566      4E444943 
 1567              	.LASF122:
 1568 1b11 4359424C 		.ascii	"CYBLE_EVT_CGMSC_WRITE_CHAR_RESPONSE\000"
 1568      455F4556 
 1568      545F4347 
 1568      4D53435F 
 1568      57524954 
 1569              	.LASF9:
 1570 1b35 75696E74 		.ascii	"uint8\000"
 1570      3800
 1571              	.LASF199:
 1572 1b3b 4359424C 		.ascii	"CYBLE_EVT_HTSC_READ_CHAR_RESPONSE\000"
 1572      455F4556 
 1572      545F4854 
 1572      53435F52 
 1572      4541445F 
 1573              	.LASF227:
 1574 1b5d 4359424C 		.ascii	"CYBLE_EVT_PASSC_WRITE_DESCR_RESPONSE\000"
 1574      455F4556 
 1574      545F5041 
 1574      5353435F 
 1574      57524954 
 1575              	.LASF2:
 1576 1b82 73686F72 		.ascii	"short int\000"
 1576      7420696E 
 1576      7400
 1577              	.LASF76:
 1578 1b8c 4359424C 		.ascii	"CYBLE_EVT_GATTS_INDICATION_DISABLED\000"
 1578      455F4556 
 1578      545F4741 
 1578      5454535F 
 1578      494E4449 
 1579              	.LASF120:
 1580 1bb0 4359424C 		.ascii	"CYBLE_EVT_CGMSC_NOTIFICATION\000"
 1580      455F4556 
 1580      545F4347 
 1580      4D53435F 
 1580      4E4F5449 
 1581              	.LASF34:
 1582 1bcd 4359424C 		.ascii	"CYBLE_EVT_GATTC_ERROR_RSP\000"
 1582      455F4556 
 1582      545F4741 
 1582      5454435F 
 1582      4552524F 
 1583              	.LASF99:
 1584 1be7 4359424C 		.ascii	"CYBLE_EVT_BASC_NOTIFICATION\000"
ARM GAS  C:\Users\Zachary\AppData\Local\Temp\ccU20ZWI.s 			page 45


 1584      455F4556 
 1584      545F4241 
 1584      53435F4E 
 1584      4F544946 
 1585              	.LASF102:
 1586 1c03 4359424C 		.ascii	"CYBLE_EVT_BASC_WRITE_DESCR_RESPONSE\000"
 1586      455F4556 
 1586      545F4241 
 1586      53435F57 
 1586      52495445 
 1587              	.LASF159:
 1588 1c27 4359424C 		.ascii	"CYBLE_EVT_GLSS_INDICATION_ENABLED\000"
 1588      455F4556 
 1588      545F474C 
 1588      53535F49 
 1588      4E444943 
 1589              	.LASF91:
 1590 1c49 4359424C 		.ascii	"CYBLE_EVT_ANSS_CHAR_WRITE\000"
 1590      455F4556 
 1590      545F414E 
 1590      53535F43 
 1590      4841525F 
 1591              	.LASF59:
 1592 1c63 4359424C 		.ascii	"CYBLE_EVT_L2CAP_CBFC_CONN_IND\000"
 1592      455F4556 
 1592      545F4C32 
 1592      4341505F 
 1592      43424643 
 1593              	.LASF50:
 1594 1c81 4359424C 		.ascii	"CYBLE_EVT_GATTS_EXEC_WRITE_REQ\000"
 1594      455F4556 
 1594      545F4741 
 1594      5454535F 
 1594      45584543 
 1595              	.LASF21:
 1596 1ca0 4359424C 		.ascii	"CYBLE_EVT_GAPC_SCAN_PROGRESS_RESULT\000"
 1596      455F4556 
 1596      545F4741 
 1596      50435F53 
 1596      43414E5F 
 1597              	.LASF254:
 1598 1cc4 4359424C 		.ascii	"CYBLE_EVT_UDSS_INDICATION_ENABLED\000"
 1598      455F4556 
 1598      545F5544 
 1598      53535F49 
 1598      4E444943 
 1599              	.LASF193:
 1600 1ce6 4359424C 		.ascii	"CYBLE_EVT_HTSS_INDICATION_ENABLED\000"
 1600      455F4556 
 1600      545F4854 
 1600      53535F49 
 1600      4E444943 
 1601              	.LASF264:
 1602 1d08 4359424C 		.ascii	"CYBLE_EVT_UDSC_READ_DESCR_RESPONSE\000"
 1602      455F4556 
 1602      545F5544 
 1602      53435F52 
ARM GAS  C:\Users\Zachary\AppData\Local\Temp\ccU20ZWI.s 			page 46


 1602      4541445F 
 1603              	.LASF100:
 1604 1d2b 4359424C 		.ascii	"CYBLE_EVT_BASC_READ_CHAR_RESPONSE\000"
 1604      455F4556 
 1604      545F4241 
 1604      53435F52 
 1604      4541445F 
 1605              	.LASF166:
 1606 1d4d 4359424C 		.ascii	"CYBLE_EVT_GLSC_NOTIFICATION\000"
 1606      455F4556 
 1606      545F474C 
 1606      53435F4E 
 1606      4F544946 
 1607              	.LASF244:
 1608 1d69 4359424C 		.ascii	"CYBLE_EVT_SCPSS_SCAN_INT_WIN_CHAR_WRITE\000"
 1608      455F4556 
 1608      545F5343 
 1608      5053535F 
 1608      5343414E 
 1609              	.LASF206:
 1610 1d91 4359424C 		.ascii	"CYBLE_EVT_LLSC_WRITE_CHAR_RESPONSE\000"
 1610      455F4556 
 1610      545F4C4C 
 1610      53435F57 
 1610      52495445 
 1611              	.LASF114:
 1612 1db4 4359424C 		.ascii	"CYBLE_EVT_CGMSS_INDICATION_DISABLED\000"
 1612      455F4556 
 1612      545F4347 
 1612      4D53535F 
 1612      494E4449 
 1613              	.LASF88:
 1614 1dd8 4359424C 		.ascii	"CYBLE_EVT_GATTC_DISCOVERY_COMPLETE\000"
 1614      455F4556 
 1614      545F4741 
 1614      5454435F 
 1614      44495343 
 1615              	.LASF118:
 1616 1dfb 4359424C 		.ascii	"CYBLE_EVT_CGMSS_WRITE_CHAR\000"
 1616      455F4556 
 1616      545F4347 
 1616      4D53535F 
 1616      57524954 
 1617              	.LASF170:
 1618 1e16 4359424C 		.ascii	"CYBLE_EVT_GLSC_WRITE_DESCR_RESPONSE\000"
 1618      455F4556 
 1618      545F474C 
 1618      53435F57 
 1618      52495445 
 1619              	.LASF53:
 1620 1e3a 4359424C 		.ascii	"CYBLE_EVT_GATTC_HANDLE_VALUE_IND\000"
 1620      455F4556 
 1620      545F4741 
 1620      5454435F 
 1620      48414E44 
 1621              	.LASF139:
 1622 1e5b 4359424C 		.ascii	"CYBLE_EVT_CPSC_SCAN_PROGRESS_RESULT\000"
ARM GAS  C:\Users\Zachary\AppData\Local\Temp\ccU20ZWI.s 			page 47


 1622      455F4556 
 1622      545F4350 
 1622      53435F53 
 1622      43414E5F 
 1623              	.LASF238:
 1624 1e7f 4359424C 		.ascii	"CYBLE_EVT_RSCSC_READ_DESCR_RESPONSE\000"
 1624      455F4556 
 1624      545F5253 
 1624      4353435F 
 1624      52454144 
 1625              	.LASF20:
 1626 1ea3 4359424C 		.ascii	"CYBLE_EVT_STACK_BUSY_STATUS\000"
 1626      455F4556 
 1626      545F5354 
 1626      41434B5F 
 1626      42555359 
 1627              	.LASF202:
 1628 1ebf 4359424C 		.ascii	"CYBLE_EVT_HTSC_WRITE_DESCR_RESPONSE\000"
 1628      455F4556 
 1628      545F4854 
 1628      53435F57 
 1628      52495445 
 1629              	.LASF33:
 1630 1ee3 4359424C 		.ascii	"CYBLE_EVT_GAP_KEYINFO_EXCHNGE_CMPLT\000"
 1630      455F4556 
 1630      545F4741 
 1630      505F4B45 
 1630      59494E46 
 1631              	.LASF56:
 1632 1f07 4359424C 		.ascii	"CYBLE_EVT_L2CAP_CONN_PARAM_UPDATE_REQ\000"
 1632      455F4556 
 1632      545F4C32 
 1632      4341505F 
 1632      434F4E4E 
 1633              	.LASF117:
 1634 1f2d 4359424C 		.ascii	"CYBLE_EVT_CGMSS_NOTIFICATION_DISABLED\000"
 1634      455F4556 
 1634      545F4347 
 1634      4D53535F 
 1634      4E4F5449 
 1635              	.LASF79:
 1636 1f53 4359424C 		.ascii	"CYBLE_EVT_GATTC_INCL_DISCOVERY_FAILED\000"
 1636      455F4556 
 1636      545F4741 
 1636      5454435F 
 1636      494E434C 
 1637              	.LASF3:
 1638 1f79 73686F72 		.ascii	"short unsigned int\000"
 1638      7420756E 
 1638      7369676E 
 1638      65642069 
 1638      6E7400
 1639              	.LASF217:
 1640 1f8c 4359424C 		.ascii	"CYBLE_EVT_LNSC_READ_DESCR_RESPONSE\000"
 1640      455F4556 
 1640      545F4C4E 
 1640      53435F52 
ARM GAS  C:\Users\Zachary\AppData\Local\Temp\ccU20ZWI.s 			page 48


 1640      4541445F 
 1641              	.LASF248:
 1642 1faf 4359424C 		.ascii	"CYBLE_EVT_TPSS_NOTIFICATION_ENABLED\000"
 1642      455F4556 
 1642      545F5450 
 1642      53535F4E 
 1642      4F544946 
 1643              	.LASF165:
 1644 1fd3 4359424C 		.ascii	"CYBLE_EVT_GLSC_INDICATION\000"
 1644      455F4556 
 1644      545F474C 
 1644      53435F49 
 1644      4E444943 
 1645              	.LASF131:
 1646 1fed 4359424C 		.ascii	"CYBLE_EVT_CPSS_BROADCAST_DISABLED\000"
 1646      455F4556 
 1646      545F4350 
 1646      53535F42 
 1646      524F4144 
 1647              	.LASF19:
 1648 200f 4359424C 		.ascii	"CYBLE_EVT_HCI_STATUS\000"
 1648      455F4556 
 1648      545F4843 
 1648      495F5354 
 1648      41545553 
 1649              	.LASF36:
 1650 2024 4359424C 		.ascii	"CYBLE_EVT_GATT_DISCONNECT_IND\000"
 1650      455F4556 
 1650      545F4741 
 1650      54545F44 
 1650      4953434F 
 1651              	.LASF74:
 1652 2042 4359424C 		.ascii	"CYBLE_KEY_EXCHANGE_INFO_REQUEST_REPLY\000"
 1652      455F4B45 
 1652      595F4558 
 1652      4348414E 
 1652      47455F49 
 1653              	.LASF66:
 1654 2068 4359424C 		.ascii	"CYBLE_EVT_L2CAP_CBFC_DATA_WRITE_IND\000"
 1654      455F4556 
 1654      545F4C32 
 1654      4341505F 
 1654      43424643 
 1655              	.LASF72:
 1656 208c 4359424C 		.ascii	"CYBLE_PASSKEY_ENTRY_REQUEST_REPLY\000"
 1656      455F5041 
 1656      53534B45 
 1656      595F454E 
 1656      5452595F 
 1657              	.LASF92:
 1658 20ae 4359424C 		.ascii	"CYBLE_EVT_ANSC_NOTIFICATION\000"
 1658      455F4556 
 1658      545F414E 
 1658      53435F4E 
 1658      4F544946 
 1659              	.LASF29:
 1660 20ca 4359424C 		.ascii	"CYBLE_EVT_GAP_DEVICE_DISCONNECTED\000"
ARM GAS  C:\Users\Zachary\AppData\Local\Temp\ccU20ZWI.s 			page 49


 1660      455F4556 
 1660      545F4741 
 1660      505F4445 
 1660      56494345 
 1661              	.LASF173:
 1662 20ec 4359424C 		.ascii	"CYBLE_EVT_HIDSS_BOOT_MODE_ENTER\000"
 1662      455F4556 
 1662      545F4849 
 1662      4453535F 
 1662      424F4F54 
 1663              	.LASF54:
 1664 210c 4359424C 		.ascii	"CYBLE_EVT_GATTS_HANDLE_VALUE_CNF\000"
 1664      455F4556 
 1664      545F4741 
 1664      5454535F 
 1664      48414E44 
 1665              	.LASF150:
 1666 212d 4359424C 		.ascii	"CYBLE_EVT_CSCSC_READ_DESCR_RESPONSE\000"
 1666      455F4556 
 1666      545F4353 
 1666      4353435F 
 1666      52454144 
 1667              	.LASF178:
 1668 2151 4359424C 		.ascii	"CYBLE_EVT_HIDSC_NOTIFICATION\000"
 1668      455F4556 
 1668      545F4849 
 1668      4453435F 
 1668      4E4F5449 
 1669              	.LASF228:
 1670 216e 4359424C 		.ascii	"CYBLE_EVT_RSCSS_NOTIFICATION_ENABLED\000"
 1670      455F4556 
 1670      545F5253 
 1670      4353535F 
 1670      4E4F5449 
 1671              	.LASF90:
 1672 2193 4359424C 		.ascii	"CYBLE_EVT_ANSS_NOTIFICATION_DISABLED\000"
 1672      455F4556 
 1672      545F414E 
 1672      53535F4E 
 1672      4F544946 
 1673              	.LASF198:
 1674 21b8 4359424C 		.ascii	"CYBLE_EVT_HTSC_INDICATION\000"
 1674      455F4556 
 1674      545F4854 
 1674      53435F49 
 1674      4E444943 
 1675              	.LASF171:
 1676 21d2 4359424C 		.ascii	"CYBLE_EVT_HIDSS_NOTIFICATION_ENABLED\000"
 1676      455F4556 
 1676      545F4849 
 1676      4453535F 
 1676      4E4F5449 
 1677              	.LASF195:
 1678 21f7 4359424C 		.ascii	"CYBLE_EVT_HTSS_INDICATION_CONFIRMED\000"
 1678      455F4556 
 1678      545F4854 
 1678      53535F49 
ARM GAS  C:\Users\Zachary\AppData\Local\Temp\ccU20ZWI.s 			page 50


 1678      4E444943 
 1679              	.LASF185:
 1680 221b 4359424C 		.ascii	"CYBLE_EVT_HRSS_NOTIFICATION_DISABLED\000"
 1680      455F4556 
 1680      545F4852 
 1680      53535F4E 
 1680      4F544946 
 1681              		.ident	"GCC: (GNU Tools for ARM Embedded Processors) 4.8.4 20140526 (release) [ARM/embedded-4_8-br
