Loading plugins phase: Elapsed time ==> 0s.359ms
Initializing data phase: Elapsed time ==> 0s.000ms
<CYPRESSTAG name="CyDsfit arguments...">
cydsfit arguments: -.fdsnotice -.fdswarpdepfile=warp_dependencies.txt -.fdselabdepfile=elab_dependencies.txt -.fdsbldfile=generated_files.txt -p C:\Users\Zachary\Documents\PSoC Creator\project 1\project 1.cydsn\project 1.cyprj -d CY8C4247LQI-BL483 -s C:\Users\Zachary\Documents\PSoC Creator\project 1\project 1.cydsn\Generated_Source\PSoC4 -- -yv2 -q10 -ygs -o2 -v3 -.fftcfgtype=LE</CYPRESSTAG>
<CYPRESSTAG name="Design elaboration results...">
</CYPRESSTAG>
Elaboration phase: Elapsed time ==> 2s.776ms
<CYPRESSTAG name="HDL generation results...">
</CYPRESSTAG>
HDL generation phase: Elapsed time ==> 0s.112ms
<CYPRESSTAG name="Synthesis results...">

     | | | | | | |
   _________________
  -|               |-
  -|               |-
  -|               |-
  -|    CYPRESS    |-
  -|               |-
  -|               |-   Warp Verilog Synthesis Compiler: Version 6.3 IR 41
  -|               |-   Copyright (C) 1991-2001 Cypress Semiconductor
   |_______________|
     | | | | | | |

======================================================================
Compiling:  project 1.v
Program  :   C:\Program Files (x86)\Cypress\PSoC Creator\3.1\PSoC Creator\warp\bin/warp.exe
Options  :    -yv2 -q10 -ygs -o2 -v3 -.fftcfgtype=LE -ya -.fftprj=C:\Users\Zachary\Documents\PSoC Creator\project 1\project 1.cydsn\project 1.cyprj -dcpsoc3 project 1.v -verilog
======================================================================

======================================================================
Compiling:  project 1.v
Program  :   C:\Program Files (x86)\Cypress\PSoC Creator\3.1\PSoC Creator\warp\bin/warp.exe
Options  :    -yv2 -q10 -ygs -o2 -v3 -.fftcfgtype=LE -ya -.fftprj=C:\Users\Zachary\Documents\PSoC Creator\project 1\project 1.cydsn\project 1.cyprj -dcpsoc3 project 1.v -verilog
======================================================================

======================================================================
Compiling:  project 1.v
Program  :   vlogfe
Options  :    -yv2 -q10 -ygs -o2 -v3 -.fftcfgtype=LE -ya -.fftprj=C:\Users\Zachary\Documents\PSoC Creator\project 1\project 1.cydsn\project 1.cyprj -dcpsoc3 -verilog project 1.v
======================================================================

vlogfe V6.3 IR 41:  Verilog parser
Mon Sep 26 23:18:00 2016


======================================================================
Compiling:  project 1.v
Program  :   vpp
Options  :    -yv2 -q10 project 1.v
======================================================================

vpp V6.3 IR 41:  Verilog Pre-Processor
Mon Sep 26 23:18:00 2016

Flattening file 'C:\Program Files (x86)\Cypress\PSoC Creator\3.1\PSoC Creator\warp\..\psoc\content\cycomponentlibrary\CyComponentLibrary.cylib\FreqDiv_v1_0\FreqDiv_v1_0.v'
Flattening file 'C:\Program Files (x86)\Cypress\PSoC Creator\3.1\PSoC Creator\warp\lib\common\cypress.v'
Flattening file 'C:\Program Files (x86)\Cypress\PSoC Creator\3.1\PSoC Creator\warp\lib\common\cy_psoc3_inc.v'
Flattening file 'C:\Program Files (x86)\Cypress\PSoC Creator\3.1\PSoC Creator\warp\..\psoc\content\cycomponentlibrary\CyComponentLibrary.cylib\B_PWM_v3_20\B_PWM_v3_20.v'
Flattening file 'C:\Program Files (x86)\Cypress\PSoC Creator\3.1\PSoC Creator\warp\lib\common\cypress.v'
Flattening file 'C:\Program Files (x86)\Cypress\PSoC Creator\3.1\PSoC Creator\warp\..\psoc\content\cyprimitives\CyPrimitives.cylib\cy_virtualmux_v1_0\cy_virtualmux_v1_0.v'
Flattening file 'C:\Program Files (x86)\Cypress\PSoC Creator\3.1\PSoC Creator\warp\..\psoc\content\cyprimitives\CyPrimitives.cylib\or_v1_0\or_v1_0.v'
Flattening file 'C:\Program Files (x86)\Cypress\PSoC Creator\3.1\PSoC Creator\warp\..\psoc\content\cyprimitives\CyPrimitives.cylib\ZeroTerminal\ZeroTerminal.v'

vpp:  No errors.

Library 'work' => directory 'lcpsoc3'
General_symbol_table
General_symbol_table
Linking 'C:\Program Files (x86)\Cypress\PSoC Creator\3.1\PSoC Creator\warp\lib\common\std.vhd'.
Linking 'C:\Program Files (x86)\Cypress\PSoC Creator\3.1\PSoC Creator\warp\lib\common\cypress.vhd'.
Linking 'C:\Program Files (x86)\Cypress\PSoC Creator\3.1\PSoC Creator\warp\lib\common\work\cypress.vif'.
Linking 'C:\Program Files (x86)\Cypress\PSoC Creator\3.1\PSoC Creator\warp\lib\ieee\work\stdlogic.vif'.
Linking 'C:\Program Files (x86)\Cypress\PSoC Creator\3.1\PSoC Creator\warp\lib\common\stdlogic\lpmpkg.vif'.
Linking 'C:\Program Files (x86)\Cypress\PSoC Creator\3.1\PSoC Creator\warp\lib\common\stdlogic\rtlpkg.vif'.
Linking 'C:\Program Files (x86)\Cypress\PSoC Creator\3.1\PSoC Creator\warp\lib\common\stdlogic\mod_cnst.vif'.
Linking 'C:\Program Files (x86)\Cypress\PSoC Creator\3.1\PSoC Creator\warp\lib\common\stdlogic\mod_mthv.vif'.
Linking 'C:\Program Files (x86)\Cypress\PSoC Creator\3.1\PSoC Creator\warp\lib\common\stdlogic\mod_genv.vif'.
Using control file 'project 1.ctl'.
C:\Program Files (x86)\Cypress\PSoC Creator\3.1\PSoC Creator\warp\..\psoc\content\cycomponentlibrary\CyComponentLibrary.cylib\FreqDiv_v1_0\FreqDiv_v1_0.v (line 79, col 40):  Note: Substituting module 'add_vi_vv' for '+'.
C:\Program Files (x86)\Cypress\PSoC Creator\3.1\PSoC Creator\warp\..\psoc\content\cycomponentlibrary\CyComponentLibrary.cylib\FreqDiv_v1_0\FreqDiv_v1_0.v (line 88, col 40):  Note: Substituting module 'add_vi_vv' for '+'.
C:\Program Files (x86)\Cypress\PSoC Creator\3.1\PSoC Creator\warp\..\psoc\content\cycomponentlibrary\CyComponentLibrary.cylib\B_PWM_v3_20\B_PWM_v3_20.v (line 955, col 46):  Note: Substituting module 'sub_vi_vv' for '-'.
C:\Program Files (x86)\Cypress\PSoC Creator\3.1\PSoC Creator\warp\..\psoc\content\cycomponentlibrary\CyComponentLibrary.cylib\B_PWM_v3_20\B_PWM_v3_20.v (line 985, col 46):  Note: Substituting module 'add_vi_vv' for '+'.
Linking 'C:\Program Files (x86)\Cypress\PSoC Creator\3.1\PSoC Creator\warp\lib\common\stdlogic\cy_psoc3pkg.vif'.
Linking 'C:\Program Files (x86)\Cypress\PSoC Creator\3.1\PSoC Creator\warp\lib\common\stdlogic\cy_psoc3.vif'.

vlogfe:  No errors.


======================================================================
Compiling:  project 1.v
Program  :   tovif
Options  :    -yv2 -q10 -ygs -o2 -v3 -.fftcfgtype=LE -ya -.fftprj=C:\Users\Zachary\Documents\PSoC Creator\project 1\project 1.cydsn\project 1.cyprj -dcpsoc3 -verilog project 1.v
======================================================================

tovif V6.3 IR 41:  High-level synthesis
Mon Sep 26 23:18:00 2016

Linking 'C:\Program Files (x86)\Cypress\PSoC Creator\3.1\PSoC Creator\warp\lib\common\std.vhd'.
Linking 'C:\Program Files (x86)\Cypress\PSoC Creator\3.1\PSoC Creator\warp\lib\common\cypress.vhd'.
Linking 'C:\Program Files (x86)\Cypress\PSoC Creator\3.1\PSoC Creator\warp\lib\common\work\cypress.vif'.
Linking 'C:\Program Files (x86)\Cypress\PSoC Creator\3.1\PSoC Creator\warp\lib\ieee\work\stdlogic.vif'.
Linking 'C:\Program Files (x86)\Cypress\PSoC Creator\3.1\PSoC Creator\warp\lib\common\stdlogic\lpmpkg.vif'.
Linking 'C:\Program Files (x86)\Cypress\PSoC Creator\3.1\PSoC Creator\warp\lib\common\stdlogic\rtlpkg.vif'.
Linking 'C:\Program Files (x86)\Cypress\PSoC Creator\3.1\PSoC Creator\warp\lib\common\stdlogic\mod_cnst.vif'.
Linking 'C:\Program Files (x86)\Cypress\PSoC Creator\3.1\PSoC Creator\warp\lib\common\stdlogic\mod_mthv.vif'.
Linking 'C:\Program Files (x86)\Cypress\PSoC Creator\3.1\PSoC Creator\warp\lib\common\stdlogic\mod_genv.vif'.
Linking 'C:\Users\Zachary\Documents\PSoC Creator\project 1\project 1.cydsn\codegentemp\project 1.ctl'.
Linking 'C:\Program Files (x86)\Cypress\PSoC Creator\3.1\PSoC Creator\psoc\content\cycomponentlibrary\CyComponentLibrary.cylib\FreqDiv_v1_0\FreqDiv_v1_0.v'.
Linking 'C:\Program Files (x86)\Cypress\PSoC Creator\3.1\PSoC Creator\warp\lib\common\cypress.v'.
Linking 'C:\Program Files (x86)\Cypress\PSoC Creator\3.1\PSoC Creator\warp\lib\common\cy_psoc3_inc.v'.
Linking 'C:\Users\Zachary\Documents\PSoC Creator\project 1\project 1.cydsn\codegentemp\project 1.v'.
Linking 'C:\Program Files (x86)\Cypress\PSoC Creator\3.1\PSoC Creator\psoc\content\cycomponentlibrary\CyComponentLibrary.cylib\B_PWM_v3_20\B_PWM_v3_20.v'.
Linking 'C:\Program Files (x86)\Cypress\PSoC Creator\3.1\PSoC Creator\psoc\content\cyprimitives\CyPrimitives.cylib\cy_virtualmux_v1_0\cy_virtualmux_v1_0.v'.
Linking 'C:\Program Files (x86)\Cypress\PSoC Creator\3.1\PSoC Creator\psoc\content\cyprimitives\CyPrimitives.cylib\or_v1_0\or_v1_0.v'.
Linking 'C:\Program Files (x86)\Cypress\PSoC Creator\3.1\PSoC Creator\psoc\content\cyprimitives\CyPrimitives.cylib\ZeroTerminal\ZeroTerminal.v'.
Linking 'C:\Program Files (x86)\Cypress\PSoC Creator\3.1\PSoC Creator\warp\lib\common\stdlogic\cy_psoc3pkg.vif'.
Linking 'C:\Program Files (x86)\Cypress\PSoC Creator\3.1\PSoC Creator\warp\lib\common\stdlogic\cy_psoc3.vif'.
Linking 'C:\Program Files (x86)\Cypress\PSoC Creator\3.1\PSoC Creator\warp\lib\lcpsoc3\stdlogic\mod_cnst.vif'.

tovif:  No errors.


======================================================================
Compiling:  project 1.v
Program  :   topld
Options  :    -yv2 -q10 -ygs -o2 -v3 -.fftcfgtype=LE -ya -.fftprj=C:\Users\Zachary\Documents\PSoC Creator\project 1\project 1.cydsn\project 1.cyprj -dcpsoc3 -verilog project 1.v
======================================================================

topld V6.3 IR 41:  Synthesis and optimization
Mon Sep 26 23:18:01 2016

Linking 'C:\Program Files (x86)\Cypress\PSoC Creator\3.1\PSoC Creator\warp\lib\common\std.vhd'.
Linking 'C:\Program Files (x86)\Cypress\PSoC Creator\3.1\PSoC Creator\warp\lib\common\cypress.vhd'.
Linking 'C:\Program Files (x86)\Cypress\PSoC Creator\3.1\PSoC Creator\warp\lib\common\work\cypress.vif'.
Linking 'C:\Program Files (x86)\Cypress\PSoC Creator\3.1\PSoC Creator\warp\lib\ieee\work\stdlogic.vif'.
Linking 'C:\Program Files (x86)\Cypress\PSoC Creator\3.1\PSoC Creator\warp\lib\common\stdlogic\lpmpkg.vif'.
Linking 'C:\Program Files (x86)\Cypress\PSoC Creator\3.1\PSoC Creator\warp\lib\common\stdlogic\rtlpkg.vif'.
Linking 'C:\Program Files (x86)\Cypress\PSoC Creator\3.1\PSoC Creator\warp\lib\common\stdlogic\mod_cnst.vif'.
Linking 'C:\Program Files (x86)\Cypress\PSoC Creator\3.1\PSoC Creator\warp\lib\common\stdlogic\mod_mthv.vif'.
Linking 'C:\Program Files (x86)\Cypress\PSoC Creator\3.1\PSoC Creator\warp\lib\common\stdlogic\mod_genv.vif'.
Linking 'C:\Users\Zachary\Documents\PSoC Creator\project 1\project 1.cydsn\codegentemp\project 1.ctl'.
Linking 'C:\Program Files (x86)\Cypress\PSoC Creator\3.1\PSoC Creator\psoc\content\cycomponentlibrary\CyComponentLibrary.cylib\FreqDiv_v1_0\FreqDiv_v1_0.v'.
Linking 'C:\Program Files (x86)\Cypress\PSoC Creator\3.1\PSoC Creator\warp\lib\common\cypress.v'.
Linking 'C:\Program Files (x86)\Cypress\PSoC Creator\3.1\PSoC Creator\warp\lib\common\cy_psoc3_inc.v'.
Linking 'C:\Users\Zachary\Documents\PSoC Creator\project 1\project 1.cydsn\codegentemp\project 1.v'.
Linking 'C:\Program Files (x86)\Cypress\PSoC Creator\3.1\PSoC Creator\psoc\content\cycomponentlibrary\CyComponentLibrary.cylib\B_PWM_v3_20\B_PWM_v3_20.v'.
Linking 'C:\Program Files (x86)\Cypress\PSoC Creator\3.1\PSoC Creator\psoc\content\cyprimitives\CyPrimitives.cylib\cy_virtualmux_v1_0\cy_virtualmux_v1_0.v'.
Linking 'C:\Program Files (x86)\Cypress\PSoC Creator\3.1\PSoC Creator\psoc\content\cyprimitives\CyPrimitives.cylib\or_v1_0\or_v1_0.v'.
Linking 'C:\Program Files (x86)\Cypress\PSoC Creator\3.1\PSoC Creator\psoc\content\cyprimitives\CyPrimitives.cylib\ZeroTerminal\ZeroTerminal.v'.
Linking 'C:\Program Files (x86)\Cypress\PSoC Creator\3.1\PSoC Creator\warp\lib\common\stdlogic\cy_psoc3pkg.vif'.
Linking 'C:\Program Files (x86)\Cypress\PSoC Creator\3.1\PSoC Creator\warp\lib\common\stdlogic\cy_psoc3.vif'.
Linking 'C:\Program Files (x86)\Cypress\PSoC Creator\3.1\PSoC Creator\warp\lib\lcpsoc3\stdlogic\mod_cnst.vif'.
Linking 'C:\Program Files (x86)\Cypress\PSoC Creator\3.1\PSoC Creator\warp\lib\lcpsoc3\stdlogic\cpsoc3.vif'.

----------------------------------------------------------
Detecting unused logic.
----------------------------------------------------------
    User names
	\FreqDiv_1:MODULE_1:b_31\
	\FreqDiv_1:MODULE_1:b_30\
	\FreqDiv_1:MODULE_1:b_29\
	\FreqDiv_1:MODULE_1:b_28\
	\FreqDiv_1:MODULE_1:b_27\
	\FreqDiv_1:MODULE_1:b_26\
	\FreqDiv_1:MODULE_1:b_25\
	\FreqDiv_1:MODULE_1:b_24\
	\FreqDiv_1:MODULE_1:b_23\
	\FreqDiv_1:MODULE_1:b_22\
	\FreqDiv_1:MODULE_1:b_21\
	\FreqDiv_1:MODULE_1:b_20\
	\FreqDiv_1:MODULE_1:b_19\
	\FreqDiv_1:MODULE_1:b_18\
	\FreqDiv_1:MODULE_1:b_17\
	\FreqDiv_1:MODULE_1:b_16\
	\FreqDiv_1:MODULE_1:b_15\
	\FreqDiv_1:MODULE_1:b_14\
	\FreqDiv_1:MODULE_1:b_13\
	\FreqDiv_1:MODULE_1:b_12\
	\FreqDiv_1:MODULE_1:b_11\
	\FreqDiv_1:MODULE_1:b_10\
	\FreqDiv_1:MODULE_1:b_9\
	\FreqDiv_1:MODULE_1:b_8\
	\FreqDiv_1:MODULE_1:b_7\
	\FreqDiv_1:MODULE_1:b_6\
	\FreqDiv_1:MODULE_1:b_5\
	\FreqDiv_1:MODULE_1:b_4\
	\FreqDiv_1:MODULE_1:b_3\
	\FreqDiv_1:MODULE_1:b_2\
	\FreqDiv_1:MODULE_1:b_1\
	\FreqDiv_1:MODULE_1:b_0\
	\FreqDiv_1:MODULE_1:g2:a0:a_31\
	\FreqDiv_1:MODULE_1:g2:a0:a_30\
	\FreqDiv_1:MODULE_1:g2:a0:a_29\
	\FreqDiv_1:MODULE_1:g2:a0:a_28\
	\FreqDiv_1:MODULE_1:g2:a0:a_27\
	\FreqDiv_1:MODULE_1:g2:a0:a_26\
	\FreqDiv_1:MODULE_1:g2:a0:a_25\
	\FreqDiv_1:MODULE_1:g2:a0:a_24\
	\FreqDiv_1:MODULE_1:g2:a0:b_31\
	\FreqDiv_1:MODULE_1:g2:a0:b_30\
	\FreqDiv_1:MODULE_1:g2:a0:b_29\
	\FreqDiv_1:MODULE_1:g2:a0:b_28\
	\FreqDiv_1:MODULE_1:g2:a0:b_27\
	\FreqDiv_1:MODULE_1:g2:a0:b_26\
	\FreqDiv_1:MODULE_1:g2:a0:b_25\
	\FreqDiv_1:MODULE_1:g2:a0:b_24\
	\FreqDiv_1:MODULE_1:g2:a0:b_23\
	\FreqDiv_1:MODULE_1:g2:a0:b_22\
	\FreqDiv_1:MODULE_1:g2:a0:b_21\
	\FreqDiv_1:MODULE_1:g2:a0:b_20\
	\FreqDiv_1:MODULE_1:g2:a0:b_19\
	\FreqDiv_1:MODULE_1:g2:a0:b_18\
	\FreqDiv_1:MODULE_1:g2:a0:b_17\
	\FreqDiv_1:MODULE_1:g2:a0:b_16\
	\FreqDiv_1:MODULE_1:g2:a0:b_15\
	\FreqDiv_1:MODULE_1:g2:a0:b_14\
	\FreqDiv_1:MODULE_1:g2:a0:b_13\
	\FreqDiv_1:MODULE_1:g2:a0:b_12\
	\FreqDiv_1:MODULE_1:g2:a0:b_11\
	\FreqDiv_1:MODULE_1:g2:a0:b_10\
	\FreqDiv_1:MODULE_1:g2:a0:b_9\
	\FreqDiv_1:MODULE_1:g2:a0:b_8\
	\FreqDiv_1:MODULE_1:g2:a0:b_7\
	\FreqDiv_1:MODULE_1:g2:a0:b_6\
	\FreqDiv_1:MODULE_1:g2:a0:b_5\
	\FreqDiv_1:MODULE_1:g2:a0:b_4\
	\FreqDiv_1:MODULE_1:g2:a0:b_3\
	\FreqDiv_1:MODULE_1:g2:a0:b_2\
	\FreqDiv_1:MODULE_1:g2:a0:b_1\
	\FreqDiv_1:MODULE_1:g2:a0:b_0\
	\FreqDiv_1:MODULE_1:g2:a0:s_31\
	\FreqDiv_1:MODULE_1:g2:a0:s_30\
	\FreqDiv_1:MODULE_1:g2:a0:s_29\
	\FreqDiv_1:MODULE_1:g2:a0:s_28\
	\FreqDiv_1:MODULE_1:g2:a0:s_27\
	\FreqDiv_1:MODULE_1:g2:a0:s_26\
	\FreqDiv_1:MODULE_1:g2:a0:s_25\
	\FreqDiv_1:MODULE_1:g2:a0:s_24\
	\FreqDiv_1:MODULE_1:g2:a0:s_23\
	\FreqDiv_1:MODULE_1:g2:a0:s_22\
	\FreqDiv_1:MODULE_1:g2:a0:s_21\
	\FreqDiv_1:MODULE_1:g2:a0:s_20\
	\FreqDiv_1:MODULE_1:g2:a0:s_19\
	\FreqDiv_1:MODULE_1:g2:a0:s_18\
	\FreqDiv_1:MODULE_1:g2:a0:s_17\
	\FreqDiv_1:MODULE_1:g2:a0:s_16\
	\FreqDiv_1:MODULE_1:g2:a0:s_15\
	\FreqDiv_1:MODULE_1:g2:a0:s_14\
	\FreqDiv_1:MODULE_1:g2:a0:s_13\
	\FreqDiv_1:MODULE_1:g2:a0:s_12\
	\FreqDiv_1:MODULE_1:g2:a0:s_11\
	\FreqDiv_1:MODULE_1:g2:a0:s_10\
	\FreqDiv_1:MODULE_1:g2:a0:s_9\
	\FreqDiv_1:MODULE_1:g2:a0:s_8\
	\FreqDiv_1:MODULE_1:g2:a0:s_7\
	\FreqDiv_1:MODULE_1:g2:a0:s_6\
	\FreqDiv_1:MODULE_1:g2:a0:s_5\
	\FreqDiv_1:MODULE_1:g2:a0:s_4\
	\FreqDiv_1:MODULE_1:g2:a0:s_3\
	\FreqDiv_1:MODULE_1:g2:a0:g1:z1:s0:g1:u0:c_31\
	\FreqDiv_1:MODULE_1:g2:a0:g1:z1:s0:g1:u0:c_30\
	\FreqDiv_1:MODULE_1:g2:a0:g1:z1:s0:g1:u0:c_29\
	\FreqDiv_1:MODULE_1:g2:a0:g1:z1:s0:g1:u0:c_28\
	\FreqDiv_1:MODULE_1:g2:a0:g1:z1:s0:g1:u0:c_27\
	\FreqDiv_1:MODULE_1:g2:a0:g1:z1:s0:g1:u0:c_26\
	\FreqDiv_1:MODULE_1:g2:a0:g1:z1:s0:g1:u0:c_25\
	\PWM:PWMUDB:km_run\
	\PWM:PWMUDB:ctrl_cmpmode2_2\
	\PWM:PWMUDB:ctrl_cmpmode2_1\
	\PWM:PWMUDB:ctrl_cmpmode2_0\
	\PWM:PWMUDB:ctrl_cmpmode1_2\
	\PWM:PWMUDB:ctrl_cmpmode1_1\
	\PWM:PWMUDB:ctrl_cmpmode1_0\
	\PWM:PWMUDB:capt_rising\
	\PWM:PWMUDB:capt_falling\
	\PWM:PWMUDB:trig_rise\
	\PWM:PWMUDB:trig_fall\
	\PWM:PWMUDB:sc_kill\
	\PWM:PWMUDB:min_kill\
	\PWM:PWMUDB:db_tc\
	\PWM:PWMUDB:dith_sel\
	\PWM:PWMUDB:compare2\
	Net_888
	Net_889
	Net_890
	\PWM:PWMUDB:MODULE_2:b_31\
	\PWM:PWMUDB:MODULE_2:b_30\
	\PWM:PWMUDB:MODULE_2:b_29\
	\PWM:PWMUDB:MODULE_2:b_28\
	\PWM:PWMUDB:MODULE_2:b_27\
	\PWM:PWMUDB:MODULE_2:b_26\
	\PWM:PWMUDB:MODULE_2:b_25\
	\PWM:PWMUDB:MODULE_2:b_24\
	\PWM:PWMUDB:MODULE_2:b_23\
	\PWM:PWMUDB:MODULE_2:b_22\
	\PWM:PWMUDB:MODULE_2:b_21\
	\PWM:PWMUDB:MODULE_2:b_20\
	\PWM:PWMUDB:MODULE_2:b_19\
	\PWM:PWMUDB:MODULE_2:b_18\
	\PWM:PWMUDB:MODULE_2:b_17\
	\PWM:PWMUDB:MODULE_2:b_16\
	\PWM:PWMUDB:MODULE_2:b_15\
	\PWM:PWMUDB:MODULE_2:b_14\
	\PWM:PWMUDB:MODULE_2:b_13\
	\PWM:PWMUDB:MODULE_2:b_12\
	\PWM:PWMUDB:MODULE_2:b_11\
	\PWM:PWMUDB:MODULE_2:b_10\
	\PWM:PWMUDB:MODULE_2:b_9\
	\PWM:PWMUDB:MODULE_2:b_8\
	\PWM:PWMUDB:MODULE_2:b_7\
	\PWM:PWMUDB:MODULE_2:b_6\
	\PWM:PWMUDB:MODULE_2:b_5\
	\PWM:PWMUDB:MODULE_2:b_4\
	\PWM:PWMUDB:MODULE_2:b_3\
	\PWM:PWMUDB:MODULE_2:b_2\
	\PWM:PWMUDB:MODULE_2:b_1\
	\PWM:PWMUDB:MODULE_2:b_0\
	\PWM:PWMUDB:MODULE_2:g2:a0:a_31\
	\PWM:PWMUDB:MODULE_2:g2:a0:a_30\
	\PWM:PWMUDB:MODULE_2:g2:a0:a_29\
	\PWM:PWMUDB:MODULE_2:g2:a0:a_28\
	\PWM:PWMUDB:MODULE_2:g2:a0:a_27\
	\PWM:PWMUDB:MODULE_2:g2:a0:a_26\
	\PWM:PWMUDB:MODULE_2:g2:a0:a_25\
	\PWM:PWMUDB:MODULE_2:g2:a0:a_24\
	\PWM:PWMUDB:MODULE_2:g2:a0:b_31\
	\PWM:PWMUDB:MODULE_2:g2:a0:b_30\
	\PWM:PWMUDB:MODULE_2:g2:a0:b_29\
	\PWM:PWMUDB:MODULE_2:g2:a0:b_28\
	\PWM:PWMUDB:MODULE_2:g2:a0:b_27\
	\PWM:PWMUDB:MODULE_2:g2:a0:b_26\
	\PWM:PWMUDB:MODULE_2:g2:a0:b_25\
	\PWM:PWMUDB:MODULE_2:g2:a0:b_24\
	\PWM:PWMUDB:MODULE_2:g2:a0:b_23\
	\PWM:PWMUDB:MODULE_2:g2:a0:b_22\
	\PWM:PWMUDB:MODULE_2:g2:a0:b_21\
	\PWM:PWMUDB:MODULE_2:g2:a0:b_20\
	\PWM:PWMUDB:MODULE_2:g2:a0:b_19\
	\PWM:PWMUDB:MODULE_2:g2:a0:b_18\
	\PWM:PWMUDB:MODULE_2:g2:a0:b_17\
	\PWM:PWMUDB:MODULE_2:g2:a0:b_16\
	\PWM:PWMUDB:MODULE_2:g2:a0:b_15\
	\PWM:PWMUDB:MODULE_2:g2:a0:b_14\
	\PWM:PWMUDB:MODULE_2:g2:a0:b_13\
	\PWM:PWMUDB:MODULE_2:g2:a0:b_12\
	\PWM:PWMUDB:MODULE_2:g2:a0:b_11\
	\PWM:PWMUDB:MODULE_2:g2:a0:b_10\
	\PWM:PWMUDB:MODULE_2:g2:a0:b_9\
	\PWM:PWMUDB:MODULE_2:g2:a0:b_8\
	\PWM:PWMUDB:MODULE_2:g2:a0:b_7\
	\PWM:PWMUDB:MODULE_2:g2:a0:b_6\
	\PWM:PWMUDB:MODULE_2:g2:a0:b_5\
	\PWM:PWMUDB:MODULE_2:g2:a0:b_4\
	\PWM:PWMUDB:MODULE_2:g2:a0:b_3\
	\PWM:PWMUDB:MODULE_2:g2:a0:b_2\
	\PWM:PWMUDB:MODULE_2:g2:a0:b_1\
	\PWM:PWMUDB:MODULE_2:g2:a0:b_0\
	\PWM:PWMUDB:MODULE_2:g2:a0:s_31\
	\PWM:PWMUDB:MODULE_2:g2:a0:s_30\
	\PWM:PWMUDB:MODULE_2:g2:a0:s_29\
	\PWM:PWMUDB:MODULE_2:g2:a0:s_28\
	\PWM:PWMUDB:MODULE_2:g2:a0:s_27\
	\PWM:PWMUDB:MODULE_2:g2:a0:s_26\
	\PWM:PWMUDB:MODULE_2:g2:a0:s_25\
	\PWM:PWMUDB:MODULE_2:g2:a0:s_24\
	\PWM:PWMUDB:MODULE_2:g2:a0:s_23\
	\PWM:PWMUDB:MODULE_2:g2:a0:s_22\
	\PWM:PWMUDB:MODULE_2:g2:a0:s_21\
	\PWM:PWMUDB:MODULE_2:g2:a0:s_20\
	\PWM:PWMUDB:MODULE_2:g2:a0:s_19\
	\PWM:PWMUDB:MODULE_2:g2:a0:s_18\
	\PWM:PWMUDB:MODULE_2:g2:a0:s_17\
	\PWM:PWMUDB:MODULE_2:g2:a0:s_16\
	\PWM:PWMUDB:MODULE_2:g2:a0:s_15\
	\PWM:PWMUDB:MODULE_2:g2:a0:s_14\
	\PWM:PWMUDB:MODULE_2:g2:a0:s_13\
	\PWM:PWMUDB:MODULE_2:g2:a0:s_12\
	\PWM:PWMUDB:MODULE_2:g2:a0:s_11\
	\PWM:PWMUDB:MODULE_2:g2:a0:s_10\
	\PWM:PWMUDB:MODULE_2:g2:a0:s_9\
	\PWM:PWMUDB:MODULE_2:g2:a0:s_8\
	\PWM:PWMUDB:MODULE_2:g2:a0:s_7\
	\PWM:PWMUDB:MODULE_2:g2:a0:s_6\
	\PWM:PWMUDB:MODULE_2:g2:a0:s_5\
	\PWM:PWMUDB:MODULE_2:g2:a0:s_4\
	\PWM:PWMUDB:MODULE_2:g2:a0:s_3\
	\PWM:PWMUDB:MODULE_2:g2:a0:s_2\
	\PWM:PWMUDB:MODULE_2:g2:a0:g1:z1:s0:g1:u0:c_31\
	\PWM:PWMUDB:MODULE_2:g2:a0:g1:z1:s0:g1:u0:c_30\
	\PWM:PWMUDB:MODULE_2:g2:a0:g1:z1:s0:g1:u0:c_29\
	\PWM:PWMUDB:MODULE_2:g2:a0:g1:z1:s0:g1:u0:c_28\
	\PWM:PWMUDB:MODULE_2:g2:a0:g1:z1:s0:g1:u0:c_27\
	\PWM:PWMUDB:MODULE_2:g2:a0:g1:z1:s0:g1:u0:c_26\
	\PWM:PWMUDB:MODULE_2:g2:a0:g1:z1:s0:g1:u0:c_25\
	\PWM:Net_139\
	\PWM:Net_138\
	\PWM:Net_183\
	\PWM:Net_181\

    Synthesized names
	\FreqDiv_1:add_vi_vv_MODGEN_1_31\
	\FreqDiv_1:add_vi_vv_MODGEN_1_30\
	\FreqDiv_1:add_vi_vv_MODGEN_1_29\
	\FreqDiv_1:add_vi_vv_MODGEN_1_28\
	\FreqDiv_1:add_vi_vv_MODGEN_1_27\
	\FreqDiv_1:add_vi_vv_MODGEN_1_26\
	\FreqDiv_1:add_vi_vv_MODGEN_1_25\
	\FreqDiv_1:add_vi_vv_MODGEN_1_24\
	\FreqDiv_1:add_vi_vv_MODGEN_1_23\
	\FreqDiv_1:add_vi_vv_MODGEN_1_22\
	\FreqDiv_1:add_vi_vv_MODGEN_1_21\
	\FreqDiv_1:add_vi_vv_MODGEN_1_20\
	\FreqDiv_1:add_vi_vv_MODGEN_1_19\
	\FreqDiv_1:add_vi_vv_MODGEN_1_18\
	\FreqDiv_1:add_vi_vv_MODGEN_1_17\
	\FreqDiv_1:add_vi_vv_MODGEN_1_16\
	\FreqDiv_1:add_vi_vv_MODGEN_1_15\
	\FreqDiv_1:add_vi_vv_MODGEN_1_14\
	\FreqDiv_1:add_vi_vv_MODGEN_1_13\
	\FreqDiv_1:add_vi_vv_MODGEN_1_12\
	\FreqDiv_1:add_vi_vv_MODGEN_1_11\
	\FreqDiv_1:add_vi_vv_MODGEN_1_10\
	\FreqDiv_1:add_vi_vv_MODGEN_1_9\
	\FreqDiv_1:add_vi_vv_MODGEN_1_8\
	\FreqDiv_1:add_vi_vv_MODGEN_1_7\
	\FreqDiv_1:add_vi_vv_MODGEN_1_6\
	\FreqDiv_1:add_vi_vv_MODGEN_1_5\
	\FreqDiv_1:add_vi_vv_MODGEN_1_4\
	\FreqDiv_1:add_vi_vv_MODGEN_1_3\
	\PWM:PWMUDB:add_vi_vv_MODGEN_2_31\
	\PWM:PWMUDB:add_vi_vv_MODGEN_2_30\
	\PWM:PWMUDB:add_vi_vv_MODGEN_2_29\
	\PWM:PWMUDB:add_vi_vv_MODGEN_2_28\
	\PWM:PWMUDB:add_vi_vv_MODGEN_2_27\
	\PWM:PWMUDB:add_vi_vv_MODGEN_2_26\
	\PWM:PWMUDB:add_vi_vv_MODGEN_2_25\
	\PWM:PWMUDB:add_vi_vv_MODGEN_2_24\
	\PWM:PWMUDB:add_vi_vv_MODGEN_2_23\
	\PWM:PWMUDB:add_vi_vv_MODGEN_2_22\
	\PWM:PWMUDB:add_vi_vv_MODGEN_2_21\
	\PWM:PWMUDB:add_vi_vv_MODGEN_2_20\
	\PWM:PWMUDB:add_vi_vv_MODGEN_2_19\
	\PWM:PWMUDB:add_vi_vv_MODGEN_2_18\
	\PWM:PWMUDB:add_vi_vv_MODGEN_2_17\
	\PWM:PWMUDB:add_vi_vv_MODGEN_2_16\
	\PWM:PWMUDB:add_vi_vv_MODGEN_2_15\
	\PWM:PWMUDB:add_vi_vv_MODGEN_2_14\
	\PWM:PWMUDB:add_vi_vv_MODGEN_2_13\
	\PWM:PWMUDB:add_vi_vv_MODGEN_2_12\
	\PWM:PWMUDB:add_vi_vv_MODGEN_2_11\
	\PWM:PWMUDB:add_vi_vv_MODGEN_2_10\
	\PWM:PWMUDB:add_vi_vv_MODGEN_2_9\
	\PWM:PWMUDB:add_vi_vv_MODGEN_2_8\
	\PWM:PWMUDB:add_vi_vv_MODGEN_2_7\
	\PWM:PWMUDB:add_vi_vv_MODGEN_2_6\
	\PWM:PWMUDB:add_vi_vv_MODGEN_2_5\
	\PWM:PWMUDB:add_vi_vv_MODGEN_2_4\
	\PWM:PWMUDB:add_vi_vv_MODGEN_2_3\
	\PWM:PWMUDB:add_vi_vv_MODGEN_2_2\

Deleted 240 User equations/components.
Deleted 59 Synthesized equations/components.

------------------------------------------------------
Alias Detection
------------------------------------------------------
Aliasing one to tmpOE__Pin_LED_net_0
Aliasing \FreqDiv_1:MODULE_1:g2:a0:a_23\ to zero
Aliasing \FreqDiv_1:MODULE_1:g2:a0:a_22\ to zero
Aliasing \FreqDiv_1:MODULE_1:g2:a0:a_21\ to zero
Aliasing \FreqDiv_1:MODULE_1:g2:a0:a_20\ to zero
Aliasing \FreqDiv_1:MODULE_1:g2:a0:a_19\ to zero
Aliasing \FreqDiv_1:MODULE_1:g2:a0:a_18\ to zero
Aliasing \FreqDiv_1:MODULE_1:g2:a0:a_17\ to zero
Aliasing \FreqDiv_1:MODULE_1:g2:a0:a_16\ to zero
Aliasing \FreqDiv_1:MODULE_1:g2:a0:a_15\ to zero
Aliasing \FreqDiv_1:MODULE_1:g2:a0:a_14\ to zero
Aliasing \FreqDiv_1:MODULE_1:g2:a0:a_13\ to zero
Aliasing \FreqDiv_1:MODULE_1:g2:a0:a_12\ to zero
Aliasing \FreqDiv_1:MODULE_1:g2:a0:a_11\ to zero
Aliasing \FreqDiv_1:MODULE_1:g2:a0:a_10\ to zero
Aliasing \FreqDiv_1:MODULE_1:g2:a0:a_9\ to zero
Aliasing \FreqDiv_1:MODULE_1:g2:a0:a_8\ to zero
Aliasing \FreqDiv_1:MODULE_1:g2:a0:a_7\ to zero
Aliasing \FreqDiv_1:MODULE_1:g2:a0:a_6\ to zero
Aliasing \FreqDiv_1:MODULE_1:g2:a0:a_5\ to zero
Aliasing \FreqDiv_1:MODULE_1:g2:a0:a_4\ to zero
Aliasing \FreqDiv_1:MODULE_1:g2:a0:a_3\ to zero
Aliasing \FreqDiv_1:MODULE_1:g2:a0:g1:z1:s0:g1:u0:b_0\ to tmpOE__Pin_LED_net_0
Aliasing \PWM:Net_180\ to zero
Aliasing \PWM:PWMUDB:hwCapture\ to zero
Aliasing \PWM:Net_178\ to zero
Aliasing \PWM:PWMUDB:trig_out\ to tmpOE__Pin_LED_net_0
Aliasing \PWM:Net_186\ to zero
Aliasing \PWM:PWMUDB:runmode_enable\\S\ to zero
Aliasing \PWM:Net_179\ to tmpOE__Pin_LED_net_0
Aliasing \PWM:PWMUDB:ltch_kill_reg\\R\ to \PWM:PWMUDB:runmode_enable\\R\
Aliasing \PWM:PWMUDB:ltch_kill_reg\\S\ to zero
Aliasing \PWM:PWMUDB:km_tc\ to zero
Aliasing \PWM:PWMUDB:min_kill_reg\\R\ to \PWM:PWMUDB:runmode_enable\\R\
Aliasing \PWM:PWMUDB:min_kill_reg\\S\ to zero
Aliasing \PWM:PWMUDB:final_kill\ to tmpOE__Pin_LED_net_0
Aliasing \PWM:PWMUDB:dith_count_1\\R\ to \PWM:PWMUDB:runmode_enable\\R\
Aliasing \PWM:PWMUDB:dith_count_1\\S\ to zero
Aliasing \PWM:PWMUDB:dith_count_0\\R\ to \PWM:PWMUDB:runmode_enable\\R\
Aliasing \PWM:PWMUDB:dith_count_0\\S\ to zero
Aliasing \PWM:PWMUDB:status_6\ to zero
Aliasing \PWM:PWMUDB:status_4\ to zero
Aliasing \PWM:PWMUDB:cmp2\ to zero
Aliasing \PWM:PWMUDB:cmp1_status_reg\\R\ to \PWM:PWMUDB:runmode_enable\\R\
Aliasing \PWM:PWMUDB:cmp1_status_reg\\S\ to zero
Aliasing \PWM:PWMUDB:cmp2_status_reg\\R\ to \PWM:PWMUDB:runmode_enable\\R\
Aliasing \PWM:PWMUDB:cmp2_status_reg\\S\ to zero
Aliasing \PWM:PWMUDB:final_kill_reg\\R\ to \PWM:PWMUDB:runmode_enable\\R\
Aliasing \PWM:PWMUDB:final_kill_reg\\S\ to zero
Aliasing \PWM:PWMUDB:cs_addr_0\ to \PWM:PWMUDB:runmode_enable\\R\
Aliasing \PWM:PWMUDB:pwm1_i\ to zero
Aliasing \PWM:PWMUDB:pwm2_i\ to zero
Aliasing \PWM:PWMUDB:MODULE_2:g2:a0:a_23\ to zero
Aliasing \PWM:PWMUDB:MODULE_2:g2:a0:a_22\ to zero
Aliasing \PWM:PWMUDB:MODULE_2:g2:a0:a_21\ to zero
Aliasing \PWM:PWMUDB:MODULE_2:g2:a0:a_20\ to zero
Aliasing \PWM:PWMUDB:MODULE_2:g2:a0:a_19\ to zero
Aliasing \PWM:PWMUDB:MODULE_2:g2:a0:a_18\ to zero
Aliasing \PWM:PWMUDB:MODULE_2:g2:a0:a_17\ to zero
Aliasing \PWM:PWMUDB:MODULE_2:g2:a0:a_16\ to zero
Aliasing \PWM:PWMUDB:MODULE_2:g2:a0:a_15\ to zero
Aliasing \PWM:PWMUDB:MODULE_2:g2:a0:a_14\ to zero
Aliasing \PWM:PWMUDB:MODULE_2:g2:a0:a_13\ to zero
Aliasing \PWM:PWMUDB:MODULE_2:g2:a0:a_12\ to zero
Aliasing \PWM:PWMUDB:MODULE_2:g2:a0:a_11\ to zero
Aliasing \PWM:PWMUDB:MODULE_2:g2:a0:a_10\ to zero
Aliasing \PWM:PWMUDB:MODULE_2:g2:a0:a_9\ to zero
Aliasing \PWM:PWMUDB:MODULE_2:g2:a0:a_8\ to zero
Aliasing \PWM:PWMUDB:MODULE_2:g2:a0:a_7\ to zero
Aliasing \PWM:PWMUDB:MODULE_2:g2:a0:a_6\ to zero
Aliasing \PWM:PWMUDB:MODULE_2:g2:a0:a_5\ to zero
Aliasing \PWM:PWMUDB:MODULE_2:g2:a0:a_4\ to zero
Aliasing \PWM:PWMUDB:MODULE_2:g2:a0:a_3\ to zero
Aliasing \PWM:PWMUDB:MODULE_2:g2:a0:a_2\ to zero
Aliasing \PWM:PWMUDB:MODULE_2:g2:a0:g1:z1:s0:g1:u0:b_0\ to tmpOE__Pin_LED_net_0
Aliasing \FreqDiv_1:not_last_reset\\D\ to tmpOE__Pin_LED_net_0
Aliasing \PWM:PWMUDB:prevCompare1\\D\ to \PWM:PWMUDB:pwm_temp\
Aliasing \PWM:PWMUDB:tc_i_reg\\D\ to \PWM:PWMUDB:status_2\
Removing Rhs of wire Net_463[2] = \PWM:PWMUDB:pwm_i_reg\[340]
Removing Lhs of wire one[7] = tmpOE__Pin_LED_net_0[1]
Removing Lhs of wire \FreqDiv_1:add_vi_vv_MODGEN_1_2\[16] = \FreqDiv_1:MODULE_1:g2:a0:s_2\[176]
Removing Lhs of wire \FreqDiv_1:add_vi_vv_MODGEN_1_1\[17] = \FreqDiv_1:MODULE_1:g2:a0:s_1\[177]
Removing Lhs of wire \FreqDiv_1:add_vi_vv_MODGEN_1_0\[18] = \FreqDiv_1:MODULE_1:g2:a0:s_0\[178]
Removing Lhs of wire \FreqDiv_1:MODULE_1:g2:a0:a_23\[59] = zero[6]
Removing Lhs of wire \FreqDiv_1:MODULE_1:g2:a0:a_22\[60] = zero[6]
Removing Lhs of wire \FreqDiv_1:MODULE_1:g2:a0:a_21\[61] = zero[6]
Removing Lhs of wire \FreqDiv_1:MODULE_1:g2:a0:a_20\[62] = zero[6]
Removing Lhs of wire \FreqDiv_1:MODULE_1:g2:a0:a_19\[63] = zero[6]
Removing Lhs of wire \FreqDiv_1:MODULE_1:g2:a0:a_18\[64] = zero[6]
Removing Lhs of wire \FreqDiv_1:MODULE_1:g2:a0:a_17\[65] = zero[6]
Removing Lhs of wire \FreqDiv_1:MODULE_1:g2:a0:a_16\[66] = zero[6]
Removing Lhs of wire \FreqDiv_1:MODULE_1:g2:a0:a_15\[67] = zero[6]
Removing Lhs of wire \FreqDiv_1:MODULE_1:g2:a0:a_14\[68] = zero[6]
Removing Lhs of wire \FreqDiv_1:MODULE_1:g2:a0:a_13\[69] = zero[6]
Removing Lhs of wire \FreqDiv_1:MODULE_1:g2:a0:a_12\[70] = zero[6]
Removing Lhs of wire \FreqDiv_1:MODULE_1:g2:a0:a_11\[71] = zero[6]
Removing Lhs of wire \FreqDiv_1:MODULE_1:g2:a0:a_10\[72] = zero[6]
Removing Lhs of wire \FreqDiv_1:MODULE_1:g2:a0:a_9\[73] = zero[6]
Removing Lhs of wire \FreqDiv_1:MODULE_1:g2:a0:a_8\[74] = zero[6]
Removing Lhs of wire \FreqDiv_1:MODULE_1:g2:a0:a_7\[75] = zero[6]
Removing Lhs of wire \FreqDiv_1:MODULE_1:g2:a0:a_6\[76] = zero[6]
Removing Lhs of wire \FreqDiv_1:MODULE_1:g2:a0:a_5\[77] = zero[6]
Removing Lhs of wire \FreqDiv_1:MODULE_1:g2:a0:a_4\[78] = zero[6]
Removing Lhs of wire \FreqDiv_1:MODULE_1:g2:a0:a_3\[79] = zero[6]
Removing Lhs of wire \FreqDiv_1:MODULE_1:g2:a0:a_2\[80] = \FreqDiv_1:MODIN1_2\[81]
Removing Lhs of wire \FreqDiv_1:MODIN1_2\[81] = \FreqDiv_1:count_2\[13]
Removing Lhs of wire \FreqDiv_1:MODULE_1:g2:a0:a_1\[82] = \FreqDiv_1:MODIN1_1\[83]
Removing Lhs of wire \FreqDiv_1:MODIN1_1\[83] = \FreqDiv_1:count_1\[14]
Removing Lhs of wire \FreqDiv_1:MODULE_1:g2:a0:a_0\[84] = \FreqDiv_1:MODIN1_0\[85]
Removing Lhs of wire \FreqDiv_1:MODIN1_0\[85] = \FreqDiv_1:count_0\[15]
Removing Lhs of wire \FreqDiv_1:MODULE_1:g2:a0:g1:z1:s0:g1:u0:c_0\[216] = tmpOE__Pin_LED_net_0[1]
Removing Lhs of wire \FreqDiv_1:MODULE_1:g2:a0:g1:z1:s0:g1:u0:b_0\[217] = tmpOE__Pin_LED_net_0[1]
Removing Lhs of wire \PWM:Net_68\[221] = Net_848[12]
Removing Rhs of wire \PWM:PWMUDB:hwEnable\[222] = \PWM:PWMUDB:ctrl_enable\[235]
Removing Rhs of wire \PWM:PWMUDB:hwEnable\[222] = \PWM:PWMUDB:control_7\[227]
Removing Lhs of wire \PWM:Net_180\[243] = zero[6]
Removing Lhs of wire \PWM:PWMUDB:hwCapture\[246] = zero[6]
Removing Lhs of wire \PWM:Net_178\[248] = zero[6]
Removing Lhs of wire \PWM:PWMUDB:trig_out\[251] = tmpOE__Pin_LED_net_0[1]
Removing Lhs of wire \PWM:PWMUDB:runmode_enable\\R\[253] = zero[6]
Removing Lhs of wire \PWM:Net_186\[254] = zero[6]
Removing Lhs of wire \PWM:PWMUDB:runmode_enable\\S\[255] = zero[6]
Removing Lhs of wire \PWM:PWMUDB:final_enable\[256] = \PWM:PWMUDB:runmode_enable\[252]
Removing Lhs of wire \PWM:Net_179\[259] = tmpOE__Pin_LED_net_0[1]
Removing Lhs of wire \PWM:PWMUDB:ltch_kill_reg\\R\[261] = zero[6]
Removing Lhs of wire \PWM:PWMUDB:ltch_kill_reg\\S\[262] = zero[6]
Removing Lhs of wire \PWM:PWMUDB:km_tc\[263] = zero[6]
Removing Lhs of wire \PWM:PWMUDB:min_kill_reg\\R\[264] = zero[6]
Removing Lhs of wire \PWM:PWMUDB:min_kill_reg\\S\[265] = zero[6]
Removing Lhs of wire \PWM:PWMUDB:final_kill\[268] = tmpOE__Pin_LED_net_0[1]
Removing Lhs of wire \PWM:PWMUDB:add_vi_vv_MODGEN_2_1\[271] = \PWM:PWMUDB:MODULE_2:g2:a0:s_1\[509]
Removing Lhs of wire \PWM:PWMUDB:add_vi_vv_MODGEN_2_0\[273] = \PWM:PWMUDB:MODULE_2:g2:a0:s_0\[510]
Removing Lhs of wire \PWM:PWMUDB:dith_count_1\\R\[274] = zero[6]
Removing Lhs of wire \PWM:PWMUDB:dith_count_1\\S\[275] = zero[6]
Removing Lhs of wire \PWM:PWMUDB:dith_count_0\\R\[276] = zero[6]
Removing Lhs of wire \PWM:PWMUDB:dith_count_0\\S\[277] = zero[6]
Removing Lhs of wire \PWM:PWMUDB:status_6\[280] = zero[6]
Removing Rhs of wire \PWM:PWMUDB:status_5\[281] = \PWM:PWMUDB:final_kill_reg\[295]
Removing Lhs of wire \PWM:PWMUDB:status_4\[282] = zero[6]
Removing Rhs of wire \PWM:PWMUDB:status_3\[283] = \PWM:PWMUDB:fifo_full\[302]
Removing Rhs of wire \PWM:PWMUDB:status_1\[285] = \PWM:PWMUDB:cmp2_status_reg\[294]
Removing Rhs of wire \PWM:PWMUDB:status_0\[286] = \PWM:PWMUDB:cmp1_status_reg\[293]
Removing Lhs of wire \PWM:PWMUDB:cmp2_status\[291] = zero[6]
Removing Lhs of wire \PWM:PWMUDB:cmp2\[292] = zero[6]
Removing Lhs of wire \PWM:PWMUDB:cmp1_status_reg\\R\[296] = zero[6]
Removing Lhs of wire \PWM:PWMUDB:cmp1_status_reg\\S\[297] = zero[6]
Removing Lhs of wire \PWM:PWMUDB:cmp2_status_reg\\R\[298] = zero[6]
Removing Lhs of wire \PWM:PWMUDB:cmp2_status_reg\\S\[299] = zero[6]
Removing Lhs of wire \PWM:PWMUDB:final_kill_reg\\R\[300] = zero[6]
Removing Lhs of wire \PWM:PWMUDB:final_kill_reg\\S\[301] = zero[6]
Removing Lhs of wire \PWM:PWMUDB:cs_addr_2\[303] = \PWM:PWMUDB:tc_i\[258]
Removing Lhs of wire \PWM:PWMUDB:cs_addr_1\[304] = \PWM:PWMUDB:runmode_enable\[252]
Removing Lhs of wire \PWM:PWMUDB:cs_addr_0\[305] = zero[6]
Removing Lhs of wire \PWM:PWMUDB:compare1\[338] = \PWM:PWMUDB:cmp1_less\[309]
Removing Lhs of wire \PWM:PWMUDB:pwm1_i\[343] = zero[6]
Removing Lhs of wire \PWM:PWMUDB:pwm2_i\[345] = zero[6]
Removing Lhs of wire \PWM:PWMUDB:pwm_temp\[350] = \PWM:PWMUDB:cmp1\[289]
Removing Lhs of wire \PWM:PWMUDB:MODULE_2:g2:a0:a_23\[391] = zero[6]
Removing Lhs of wire \PWM:PWMUDB:MODULE_2:g2:a0:a_22\[392] = zero[6]
Removing Lhs of wire \PWM:PWMUDB:MODULE_2:g2:a0:a_21\[393] = zero[6]
Removing Lhs of wire \PWM:PWMUDB:MODULE_2:g2:a0:a_20\[394] = zero[6]
Removing Lhs of wire \PWM:PWMUDB:MODULE_2:g2:a0:a_19\[395] = zero[6]
Removing Lhs of wire \PWM:PWMUDB:MODULE_2:g2:a0:a_18\[396] = zero[6]
Removing Lhs of wire \PWM:PWMUDB:MODULE_2:g2:a0:a_17\[397] = zero[6]
Removing Lhs of wire \PWM:PWMUDB:MODULE_2:g2:a0:a_16\[398] = zero[6]
Removing Lhs of wire \PWM:PWMUDB:MODULE_2:g2:a0:a_15\[399] = zero[6]
Removing Lhs of wire \PWM:PWMUDB:MODULE_2:g2:a0:a_14\[400] = zero[6]
Removing Lhs of wire \PWM:PWMUDB:MODULE_2:g2:a0:a_13\[401] = zero[6]
Removing Lhs of wire \PWM:PWMUDB:MODULE_2:g2:a0:a_12\[402] = zero[6]
Removing Lhs of wire \PWM:PWMUDB:MODULE_2:g2:a0:a_11\[403] = zero[6]
Removing Lhs of wire \PWM:PWMUDB:MODULE_2:g2:a0:a_10\[404] = zero[6]
Removing Lhs of wire \PWM:PWMUDB:MODULE_2:g2:a0:a_9\[405] = zero[6]
Removing Lhs of wire \PWM:PWMUDB:MODULE_2:g2:a0:a_8\[406] = zero[6]
Removing Lhs of wire \PWM:PWMUDB:MODULE_2:g2:a0:a_7\[407] = zero[6]
Removing Lhs of wire \PWM:PWMUDB:MODULE_2:g2:a0:a_6\[408] = zero[6]
Removing Lhs of wire \PWM:PWMUDB:MODULE_2:g2:a0:a_5\[409] = zero[6]
Removing Lhs of wire \PWM:PWMUDB:MODULE_2:g2:a0:a_4\[410] = zero[6]
Removing Lhs of wire \PWM:PWMUDB:MODULE_2:g2:a0:a_3\[411] = zero[6]
Removing Lhs of wire \PWM:PWMUDB:MODULE_2:g2:a0:a_2\[412] = zero[6]
Removing Lhs of wire \PWM:PWMUDB:MODULE_2:g2:a0:a_1\[413] = \PWM:PWMUDB:MODIN2_1\[414]
Removing Lhs of wire \PWM:PWMUDB:MODIN2_1\[414] = \PWM:PWMUDB:dith_count_1\[270]
Removing Lhs of wire \PWM:PWMUDB:MODULE_2:g2:a0:a_0\[415] = \PWM:PWMUDB:MODIN2_0\[416]
Removing Lhs of wire \PWM:PWMUDB:MODIN2_0\[416] = \PWM:PWMUDB:dith_count_0\[272]
Removing Lhs of wire \PWM:PWMUDB:MODULE_2:g2:a0:g1:z1:s0:g1:u0:c_0\[548] = tmpOE__Pin_LED_net_0[1]
Removing Lhs of wire \PWM:PWMUDB:MODULE_2:g2:a0:g1:z1:s0:g1:u0:b_0\[549] = tmpOE__Pin_LED_net_0[1]
Removing Lhs of wire \FreqDiv_1:not_last_reset\\D\[555] = tmpOE__Pin_LED_net_0[1]
Removing Lhs of wire \PWM:PWMUDB:prevCapture\\D\[561] = zero[6]
Removing Lhs of wire \PWM:PWMUDB:trig_last\\D\[562] = zero[6]
Removing Lhs of wire \PWM:PWMUDB:prevCompare1\\D\[568] = \PWM:PWMUDB:cmp1\[289]
Removing Lhs of wire \PWM:PWMUDB:cmp1_status_reg\\D\[569] = \PWM:PWMUDB:cmp1_status\[290]
Removing Lhs of wire \PWM:PWMUDB:cmp2_status_reg\\D\[570] = zero[6]
Removing Lhs of wire \PWM:PWMUDB:pwm_i_reg\\D\[572] = \PWM:PWMUDB:pwm_i\[341]
Removing Lhs of wire \PWM:PWMUDB:pwm1_i_reg\\D\[573] = zero[6]
Removing Lhs of wire \PWM:PWMUDB:pwm2_i_reg\\D\[574] = zero[6]
Removing Lhs of wire \PWM:PWMUDB:tc_i_reg\\D\[575] = \PWM:PWMUDB:status_2\[284]

------------------------------------------------------
Aliased 0 equations, 117 wires.
------------------------------------------------------

----------------------------------------------------------
Circuit simplification
----------------------------------------------------------

Substituting virtuals - pass 1:

Note:  Expanding virtual equation for 'tmpOE__Pin_LED_net_0' (cost = 0):
tmpOE__Pin_LED_net_0 <=  ('1') ;

Note:  Expanding virtual equation for 'zero' (cost = 0):
zero <=  ('0') ;

Note:  Expanding virtual equation for '\FreqDiv_1:MODULE_1:g2:a0:g1:z1:s0:g1:u0:c_1\' (cost = 0):
\FreqDiv_1:MODULE_1:g2:a0:g1:z1:s0:g1:u0:c_1\ <= (\FreqDiv_1:count_0\);

Note:  Expanding virtual equation for '\FreqDiv_1:MODULE_1:g2:a0:s_0\' (cost = 0):
\FreqDiv_1:MODULE_1:g2:a0:s_0\ <= (not \FreqDiv_1:count_0\);

Note:  Expanding virtual equation for '\FreqDiv_1:MODULE_1:g2:a0:g1:z1:s0:g1:u0:c_17\' (cost = 0):
\FreqDiv_1:MODULE_1:g2:a0:g1:z1:s0:g1:u0:c_17\ <=  ('0') ;

Note:  Expanding virtual equation for '\FreqDiv_1:MODULE_1:g2:a0:g1:z1:s0:g1:u0:c_9\' (cost = 0):
\FreqDiv_1:MODULE_1:g2:a0:g1:z1:s0:g1:u0:c_9\ <=  ('0') ;

Note:  Expanding virtual equation for '\PWM:PWMUDB:cmp1\' (cost = 0):
\PWM:PWMUDB:cmp1\ <= (\PWM:PWMUDB:cmp1_less\);

Note:  Expanding virtual equation for '\PWM:PWMUDB:MODULE_2:g2:a0:g1:z1:s0:g1:u0:c_1\' (cost = 0):
\PWM:PWMUDB:MODULE_2:g2:a0:g1:z1:s0:g1:u0:c_1\ <= (\PWM:PWMUDB:dith_count_0\);

Note:  Expanding virtual equation for '\PWM:PWMUDB:MODULE_2:g2:a0:s_0\' (cost = 0):
\PWM:PWMUDB:MODULE_2:g2:a0:s_0\ <= (not \PWM:PWMUDB:dith_count_0\);

Note:  Expanding virtual equation for '\PWM:PWMUDB:MODULE_2:g2:a0:g1:z1:s0:g1:u0:c_17\' (cost = 0):
\PWM:PWMUDB:MODULE_2:g2:a0:g1:z1:s0:g1:u0:c_17\ <=  ('0') ;

Note:  Expanding virtual equation for '\PWM:PWMUDB:MODULE_2:g2:a0:g1:z1:s0:g1:u0:c_9\' (cost = 0):
\PWM:PWMUDB:MODULE_2:g2:a0:g1:z1:s0:g1:u0:c_9\ <=  ('0') ;

Note:  Expanding virtual equation for '\PWM:PWMUDB:MODULE_2:g2:a0:g1:z1:s0:g1:u0:c_2\' (cost = 0):
\PWM:PWMUDB:MODULE_2:g2:a0:g1:z1:s0:g1:u0:c_2\ <= ((\PWM:PWMUDB:dith_count_1\ and \PWM:PWMUDB:dith_count_0\));


Substituting virtuals - pass 2:

Note:  Expanding virtual equation for '\FreqDiv_1:MODULE_1:g2:a0:g1:z1:s0:g1:u0:c_2\' (cost = 4):
\FreqDiv_1:MODULE_1:g2:a0:g1:z1:s0:g1:u0:c_2\ <= ((\FreqDiv_1:count_1\ and \FreqDiv_1:count_0\));

Note:  Expanding virtual equation for '\FreqDiv_1:MODULE_1:g2:a0:s_1\' (cost = 6):
\FreqDiv_1:MODULE_1:g2:a0:s_1\ <= ((not \FreqDiv_1:count_0\ and \FreqDiv_1:count_1\)
	OR (not \FreqDiv_1:count_1\ and \FreqDiv_1:count_0\));

Note:  Expanding virtual equation for '\FreqDiv_1:MODULE_1:g2:a0:g1:z1:s0:g1:u0:c_18\' (cost = 0):
\FreqDiv_1:MODULE_1:g2:a0:g1:z1:s0:g1:u0:c_18\ <=  ('0') ;

Note:  Expanding virtual equation for '\FreqDiv_1:MODULE_1:g2:a0:g1:z1:s0:g1:u0:c_10\' (cost = 0):
\FreqDiv_1:MODULE_1:g2:a0:g1:z1:s0:g1:u0:c_10\ <=  ('0') ;

Note:  Expanding virtual equation for '\FreqDiv_1:MODULE_1:g2:a0:g1:z1:s0:g1:u0:c_3\' (cost = 0):
\FreqDiv_1:MODULE_1:g2:a0:g1:z1:s0:g1:u0:c_3\ <= ((\FreqDiv_1:count_2\ and \FreqDiv_1:count_1\ and \FreqDiv_1:count_0\));

Note:  Expanding virtual equation for '\PWM:PWMUDB:MODULE_2:g2:a0:s_1\' (cost = 2):
\PWM:PWMUDB:MODULE_2:g2:a0:s_1\ <= ((not \PWM:PWMUDB:dith_count_0\ and \PWM:PWMUDB:dith_count_1\)
	OR (not \PWM:PWMUDB:dith_count_1\ and \PWM:PWMUDB:dith_count_0\));

Note:  Expanding virtual equation for '\PWM:PWMUDB:MODULE_2:g2:a0:g1:z1:s0:g1:u0:c_18\' (cost = 0):
\PWM:PWMUDB:MODULE_2:g2:a0:g1:z1:s0:g1:u0:c_18\ <=  ('0') ;

Note:  Expanding virtual equation for '\PWM:PWMUDB:MODULE_2:g2:a0:g1:z1:s0:g1:u0:c_10\' (cost = 0):
\PWM:PWMUDB:MODULE_2:g2:a0:g1:z1:s0:g1:u0:c_10\ <=  ('0') ;

Note:  Expanding virtual equation for '\PWM:PWMUDB:MODULE_2:g2:a0:g1:z1:s0:g1:u0:c_3\' (cost = 0):
\PWM:PWMUDB:MODULE_2:g2:a0:g1:z1:s0:g1:u0:c_3\ <=  ('0') ;


Substituting virtuals - pass 3:

Note:  Expanding virtual equation for '\FreqDiv_1:MODULE_1:g2:a0:s_2\' (cost = 9):
\FreqDiv_1:MODULE_1:g2:a0:s_2\ <= ((not \FreqDiv_1:count_1\ and \FreqDiv_1:count_2\)
	OR (not \FreqDiv_1:count_0\ and \FreqDiv_1:count_2\)
	OR (not \FreqDiv_1:count_2\ and \FreqDiv_1:count_1\ and \FreqDiv_1:count_0\));

Note:  Expanding virtual equation for '\FreqDiv_1:MODULE_1:g2:a0:g1:z1:s0:g1:u0:c_19\' (cost = 0):
\FreqDiv_1:MODULE_1:g2:a0:g1:z1:s0:g1:u0:c_19\ <=  ('0') ;

Note:  Expanding virtual equation for '\FreqDiv_1:MODULE_1:g2:a0:g1:z1:s0:g1:u0:c_11\' (cost = 0):
\FreqDiv_1:MODULE_1:g2:a0:g1:z1:s0:g1:u0:c_11\ <=  ('0') ;

Note:  Expanding virtual equation for '\FreqDiv_1:MODULE_1:g2:a0:g1:z1:s0:g1:u0:c_4\' (cost = 0):
\FreqDiv_1:MODULE_1:g2:a0:g1:z1:s0:g1:u0:c_4\ <=  ('0') ;

Note:  Expanding virtual equation for '\PWM:PWMUDB:MODULE_2:g2:a0:g1:z1:s0:g1:u0:c_19\' (cost = 0):
\PWM:PWMUDB:MODULE_2:g2:a0:g1:z1:s0:g1:u0:c_19\ <=  ('0') ;

Note:  Expanding virtual equation for '\PWM:PWMUDB:MODULE_2:g2:a0:g1:z1:s0:g1:u0:c_11\' (cost = 0):
\PWM:PWMUDB:MODULE_2:g2:a0:g1:z1:s0:g1:u0:c_11\ <=  ('0') ;

Note:  Expanding virtual equation for '\PWM:PWMUDB:MODULE_2:g2:a0:g1:z1:s0:g1:u0:c_4\' (cost = 0):
\PWM:PWMUDB:MODULE_2:g2:a0:g1:z1:s0:g1:u0:c_4\ <=  ('0') ;


Substituting virtuals - pass 4:

Note:  Expanding virtual equation for '\FreqDiv_1:MODULE_1:g2:a0:g1:z1:s0:g1:u0:c_20\' (cost = 0):
\FreqDiv_1:MODULE_1:g2:a0:g1:z1:s0:g1:u0:c_20\ <=  ('0') ;

Note:  Expanding virtual equation for '\FreqDiv_1:MODULE_1:g2:a0:g1:z1:s0:g1:u0:c_12\' (cost = 0):
\FreqDiv_1:MODULE_1:g2:a0:g1:z1:s0:g1:u0:c_12\ <=  ('0') ;

Note:  Expanding virtual equation for '\FreqDiv_1:MODULE_1:g2:a0:g1:z1:s0:g1:u0:c_5\' (cost = 0):
\FreqDiv_1:MODULE_1:g2:a0:g1:z1:s0:g1:u0:c_5\ <=  ('0') ;

Note:  Expanding virtual equation for '\PWM:PWMUDB:MODULE_2:g2:a0:g1:z1:s0:g1:u0:c_20\' (cost = 0):
\PWM:PWMUDB:MODULE_2:g2:a0:g1:z1:s0:g1:u0:c_20\ <=  ('0') ;

Note:  Expanding virtual equation for '\PWM:PWMUDB:MODULE_2:g2:a0:g1:z1:s0:g1:u0:c_12\' (cost = 0):
\PWM:PWMUDB:MODULE_2:g2:a0:g1:z1:s0:g1:u0:c_12\ <=  ('0') ;

Note:  Expanding virtual equation for '\PWM:PWMUDB:MODULE_2:g2:a0:g1:z1:s0:g1:u0:c_5\' (cost = 0):
\PWM:PWMUDB:MODULE_2:g2:a0:g1:z1:s0:g1:u0:c_5\ <=  ('0') ;


Substituting virtuals - pass 5:

Note:  Expanding virtual equation for '\FreqDiv_1:MODULE_1:g2:a0:g1:z1:s0:g1:u0:c_21\' (cost = 0):
\FreqDiv_1:MODULE_1:g2:a0:g1:z1:s0:g1:u0:c_21\ <=  ('0') ;

Note:  Expanding virtual equation for '\FreqDiv_1:MODULE_1:g2:a0:g1:z1:s0:g1:u0:c_13\' (cost = 0):
\FreqDiv_1:MODULE_1:g2:a0:g1:z1:s0:g1:u0:c_13\ <=  ('0') ;

Note:  Expanding virtual equation for '\FreqDiv_1:MODULE_1:g2:a0:g1:z1:s0:g1:u0:c_6\' (cost = 0):
\FreqDiv_1:MODULE_1:g2:a0:g1:z1:s0:g1:u0:c_6\ <=  ('0') ;

Note:  Expanding virtual equation for '\PWM:PWMUDB:MODULE_2:g2:a0:g1:z1:s0:g1:u0:c_21\' (cost = 0):
\PWM:PWMUDB:MODULE_2:g2:a0:g1:z1:s0:g1:u0:c_21\ <=  ('0') ;

Note:  Expanding virtual equation for '\PWM:PWMUDB:MODULE_2:g2:a0:g1:z1:s0:g1:u0:c_13\' (cost = 0):
\PWM:PWMUDB:MODULE_2:g2:a0:g1:z1:s0:g1:u0:c_13\ <=  ('0') ;

Note:  Expanding virtual equation for '\PWM:PWMUDB:MODULE_2:g2:a0:g1:z1:s0:g1:u0:c_6\' (cost = 0):
\PWM:PWMUDB:MODULE_2:g2:a0:g1:z1:s0:g1:u0:c_6\ <=  ('0') ;


Substituting virtuals - pass 6:

Note:  Expanding virtual equation for '\FreqDiv_1:MODULE_1:g2:a0:g1:z1:s0:g1:u0:c_22\' (cost = 0):
\FreqDiv_1:MODULE_1:g2:a0:g1:z1:s0:g1:u0:c_22\ <=  ('0') ;

Note:  Expanding virtual equation for '\FreqDiv_1:MODULE_1:g2:a0:g1:z1:s0:g1:u0:c_14\' (cost = 0):
\FreqDiv_1:MODULE_1:g2:a0:g1:z1:s0:g1:u0:c_14\ <=  ('0') ;

Note:  Expanding virtual equation for '\FreqDiv_1:MODULE_1:g2:a0:g1:z1:s0:g1:u0:c_7\' (cost = 0):
\FreqDiv_1:MODULE_1:g2:a0:g1:z1:s0:g1:u0:c_7\ <=  ('0') ;

Note:  Expanding virtual equation for '\PWM:PWMUDB:MODULE_2:g2:a0:g1:z1:s0:g1:u0:c_22\' (cost = 0):
\PWM:PWMUDB:MODULE_2:g2:a0:g1:z1:s0:g1:u0:c_22\ <=  ('0') ;

Note:  Expanding virtual equation for '\PWM:PWMUDB:MODULE_2:g2:a0:g1:z1:s0:g1:u0:c_14\' (cost = 0):
\PWM:PWMUDB:MODULE_2:g2:a0:g1:z1:s0:g1:u0:c_14\ <=  ('0') ;

Note:  Expanding virtual equation for '\PWM:PWMUDB:MODULE_2:g2:a0:g1:z1:s0:g1:u0:c_7\' (cost = 0):
\PWM:PWMUDB:MODULE_2:g2:a0:g1:z1:s0:g1:u0:c_7\ <=  ('0') ;


Substituting virtuals - pass 7:

Note:  Expanding virtual equation for '\FreqDiv_1:MODULE_1:g2:a0:g1:z1:s0:g1:u0:c_23\' (cost = 0):
\FreqDiv_1:MODULE_1:g2:a0:g1:z1:s0:g1:u0:c_23\ <=  ('0') ;

Note:  Expanding virtual equation for '\FreqDiv_1:MODULE_1:g2:a0:g1:z1:s0:g1:u0:c_15\' (cost = 0):
\FreqDiv_1:MODULE_1:g2:a0:g1:z1:s0:g1:u0:c_15\ <=  ('0') ;

Note:  Expanding virtual equation for '\PWM:PWMUDB:MODULE_2:g2:a0:g1:z1:s0:g1:u0:c_23\' (cost = 0):
\PWM:PWMUDB:MODULE_2:g2:a0:g1:z1:s0:g1:u0:c_23\ <=  ('0') ;

Note:  Expanding virtual equation for '\PWM:PWMUDB:MODULE_2:g2:a0:g1:z1:s0:g1:u0:c_15\' (cost = 0):
\PWM:PWMUDB:MODULE_2:g2:a0:g1:z1:s0:g1:u0:c_15\ <=  ('0') ;


Substituting virtuals - pass 8:


----------------------------------------------------------
Circuit simplification results:

	Expanded 50 signals.
	Turned 0 signals into soft nodes.
	Maximum default expansion cost was set at 3.
----------------------------------------------------------

------------------------------------------------------
Alias Detection
------------------------------------------------------
Aliasing \FreqDiv_1:MODULE_1:g2:a0:g1:z1:s0:g1:u0:b_24\ to zero
Aliasing \FreqDiv_1:MODULE_1:g2:a0:g1:z1:s0:g1:u0:b_16\ to zero
Aliasing \FreqDiv_1:MODULE_1:g2:a0:g1:z1:s0:g1:u0:b_8\ to zero
Aliasing \PWM:PWMUDB:final_capture\ to zero
Aliasing \PWM:PWMUDB:MODULE_2:g2:a0:g1:z1:s0:g1:u0:b_24\ to zero
Aliasing \PWM:PWMUDB:MODULE_2:g2:a0:g1:z1:s0:g1:u0:b_16\ to zero
Aliasing \PWM:PWMUDB:MODULE_2:g2:a0:g1:z1:s0:g1:u0:b_8\ to zero
Aliasing \PWM:PWMUDB:min_kill_reg\\D\ to tmpOE__Pin_LED_net_0
Aliasing \PWM:PWMUDB:ltch_kill_reg\\D\ to tmpOE__Pin_LED_net_0
Aliasing \PWM:PWMUDB:final_kill_reg\\D\ to zero
Removing Lhs of wire \FreqDiv_1:MODULE_1:g2:a0:g1:z1:s0:g1:u0:b_24\[187] = zero[6]
Removing Lhs of wire \FreqDiv_1:MODULE_1:g2:a0:g1:z1:s0:g1:u0:b_16\[197] = zero[6]
Removing Lhs of wire \FreqDiv_1:MODULE_1:g2:a0:g1:z1:s0:g1:u0:b_8\[207] = zero[6]
Removing Lhs of wire \PWM:PWMUDB:final_capture\[307] = zero[6]
Removing Lhs of wire \PWM:PWMUDB:MODULE_2:g2:a0:g1:z1:s0:g1:u0:b_24\[519] = zero[6]
Removing Lhs of wire \PWM:PWMUDB:MODULE_2:g2:a0:g1:z1:s0:g1:u0:b_16\[529] = zero[6]
Removing Lhs of wire \PWM:PWMUDB:MODULE_2:g2:a0:g1:z1:s0:g1:u0:b_8\[539] = zero[6]
Removing Lhs of wire \PWM:PWMUDB:min_kill_reg\\D\[560] = tmpOE__Pin_LED_net_0[1]
Removing Lhs of wire \PWM:PWMUDB:runmode_enable\\D\[563] = \PWM:PWMUDB:hwEnable\[222]
Removing Lhs of wire \PWM:PWMUDB:ltch_kill_reg\\D\[565] = tmpOE__Pin_LED_net_0[1]
Removing Lhs of wire \PWM:PWMUDB:final_kill_reg\\D\[571] = zero[6]

------------------------------------------------------
Aliased 0 equations, 11 wires.
------------------------------------------------------

----------------------------------------------------------
Circuit simplification
----------------------------------------------------------

Eliminating unused logic - pass 1:


Eliminating unused logic - pass 2:


Substituting virtuals - pass 1:


----------------------------------------------------------
Circuit simplification results:

	Expanded 0 signals.
	Turned 0 signals into soft nodes.
	Maximum default expansion cost was set at 3.
----------------------------------------------------------

topld:  No errors.

CYPRESS_DIR    : C:\Program Files (x86)\Cypress\PSoC Creator\3.1\PSoC Creator\warp
Warp Program   : C:\Program Files (x86)\Cypress\PSoC Creator\3.1\PSoC Creator\warp\bin/warp.exe
Warp Arguments : -yv2 -q10 -ygs -o2 -v3 -.fftcfgtype=LE -ya "-.fftprj=C:\Users\Zachary\Documents\PSoC Creator\project 1\project 1.cydsn\project 1.cyprj" -dcpsoc3 "project 1.v" -verilog
</CYPRESSTAG>
Warp synthesis phase: Elapsed time ==> 2s.357ms
<CYPRESSTAG name="Fitter results...">
<CYPRESSTAG name="Fitter startup details...">
cyp3fit: V3.1.0.2177, Family: PSoC3, Started at: Monday, 26 September 2016 23:18:02
Options: -yv2 -q10 -ygs -o2 -v3 -.fftcfgtype=LE -ya -.fftprj=C:\Users\Zachary\Documents\PSoC Creator\project 1\project 1.cydsn\project 1.cyprj -d CY8C4247LQI-BL483 project 1.v -verilog
</CYPRESSTAG>
<CYPRESSTAG name="Design parsing">
Design parsing phase: Elapsed time ==> 0s.118ms
</CYPRESSTAG>
<CYPRESSTAG name="Tech mapping">
<CYPRESSTAG name="Initial Mapping" icon="FILE_RPT_TECHM">
    Removed wire end \FreqDiv_1:MODULE_1:g2:a0:g1:z1:s0:g1:u0:c_16\ kept zero
    Removed wire end \FreqDiv_1:MODULE_1:g2:a0:g1:z1:s0:g1:u0:c_24\ kept zero
    Removed wire end \FreqDiv_1:MODULE_1:g2:a0:g1:z1:s0:g1:u0:c_8\ kept zero
    Removed wire end \PWM:PWMUDB:MODULE_2:g2:a0:g1:z1:s0:g1:u0:c_16\ kept zero
    Removed wire end \PWM:PWMUDB:MODULE_2:g2:a0:g1:z1:s0:g1:u0:c_24\ kept zero
    Removed wire end \PWM:PWMUDB:MODULE_2:g2:a0:g1:z1:s0:g1:u0:c_8\ kept zero
    Converted constant MacroCell: \PWM:PWMUDB:status_1\ from registered to combinatorial
    Converted constant MacroCell: \PWM:PWMUDB:status_5\ from registered to combinatorial
    Converted constant MacroCell: \PWM:PWMUDB:prevCapture\ from registered to combinatorial
    Converted constant MacroCell: \PWM:PWMUDB:pwm1_i_reg\ from registered to combinatorial
    Converted constant MacroCell: \PWM:PWMUDB:pwm2_i_reg\ from registered to combinatorial
    Converted constant MacroCell: \PWM:PWMUDB:trig_last\ from registered to combinatorial

Removing unused cells resulting from optimization
Done removing unused cells.
<CYPRESSTAG name="Global Clock Selection" icon="FILE_RPT_TECHM">
    Digital Clock 0: Automatic-assigning  clock 'Clock_1'. Fanout=5, Signal=Net_833_digital
<CYPRESSTAG name="UDB Clock/Enable Remapping Results">
    UDB Clk/Enable \PWM:PWMUDB:clock_enable_block\: with output requested to be synchronous
        ClockIn: Net_848:macrocell.q was determined to be a routed clock that is synchronous to ClockGenBlock:m0s8clockgenblockcell.gen_clk_out_0
        EnableIn: \PWM:PWMUDB:genblk1:ctrlreg\:controlcell.control_7 was determined to be synchronous to ClockIn
        ClockOut: ClockGenBlock:m0s8clockgenblockcell.gen_clk_out_0, EnableOut: \PWM:PWMUDB:clock_enable_block__AND\:macrocell.q
    UDB Clk/Enable \PWM:PWMUDB:ctrl_enable_block\: with output requested to be synchronous
        ClockIn: Net_848:macrocell.q was determined to be a routed clock that is synchronous to ClockGenBlock:m0s8clockgenblockcell.gen_clk_out_0
        EnableIn: Constant 1 was determined to be synchronous to ClockIn
        ClockOut: ClockGenBlock:m0s8clockgenblockcell.gen_clk_out_0, EnableOut: Net_848:macrocell.q
</CYPRESSTAG>
</CYPRESSTAG>

Removing unused cells resulting from optimization
Done removing unused cells.
<CYPRESSTAG name="Duplicate Macrocell detection">
</CYPRESSTAG>
</CYPRESSTAG>
<CYPRESSTAG name="Duplicate Macrocell detection">

Removing unused cells resulting from optimization
Done removing unused cells.
</CYPRESSTAG>
<CYPRESSTAG name="Design Equations" icon="FILE_RPT_EQUATION">

------------------------------------------------------------
Design Equations
------------------------------------------------------------
    <CYPRESSTAG name="Pin listing">

    ------------------------------------------------------------
    Pin listing
    ------------------------------------------------------------

    Pin : Name = Pin_LED(0)
        Attributes:
            In Group/Port: True
            In Sync Option: AUTO
            Out Sync Option: NOSYNC
            Interrupt generated: False
            Interrupt mode: NONE
            Drive mode: CMOS_OUT
            VTrip: EITHER
            Slew: FAST
            Input Sync needed: False
            Output Sync needed: False
            SC shield enabled: False
            POR State: ANY
            LCD Mode: COMMON
            Register Mode: RegComb
            CaSense Mode: NEITHER
            Treat as pin: True
            Is OE Registered: False
            Uses Analog: False
            Can contain Digital: True
            Is SIO: False
            SIO Output Buf: NONREGULATED
            SIO Input Buf: SINGLE_ENDED
            SIO HiFreq: LOW
            SIO Hyst: DISABLED
            SIO Vtrip: MULTIPLIER_0_5
            SIO RefSel: VCC_IO
            Required Capabilitites: DIGITAL, ROUTABLE
            Initial Value: 1
            IO Voltage: 0
        PORT MAP (
            pa_out => Pin_LED(0)__PA ,
            input => Net_463 ,
            pad => Pin_LED(0)_PAD );
        Properties:
        {
        }
    </CYPRESSTAG>
    <CYPRESSTAG name="Macrocell listing" icon="FILE_RPT_EQUATION">

    ------------------------------------------------------------
    Macrocell listing
    ------------------------------------------------------------

    MacroCell: Name=Net_463, Mode=(D-Register)
        Total # of inputs        : 2
        Total # of product terms : 1
        List of special equations: 
            Clock  = (Net_833_digital) => Global
            Clock Enable: PosEdge(\PWM:PWMUDB:clock_enable_block__AND_OUT\)
        Main Equation            : 1 pterm
        (
              \PWM:PWMUDB:runmode_enable\ * \PWM:PWMUDB:cmp1_less\
        );
        Output = Net_463 (fanout=1)

    MacroCell: Name=Net_848, Mode=(D-Register)
        Total # of inputs        : 5
        Total # of product terms : 3
        List of special equations: 
            Clock  = (Net_833_digital) => Global
            Clock Enable: True
        Main Equation            : 3 pterms
        !(
              \FreqDiv_1:not_last_reset\ * !Net_848 * !\FreqDiv_1:count_1\
            + \FreqDiv_1:not_last_reset\ * !Net_848 * !\FreqDiv_1:count_0\
            + \FreqDiv_1:not_last_reset\ * !\FreqDiv_1:count_2\ * 
              \FreqDiv_1:count_1\ * \FreqDiv_1:count_0\
        );
        Output = Net_848 (fanout=3)
        Properties               : 
        {
        }

    MacroCell: Name=\FreqDiv_1:count_0\, Mode=(T-Register)
        Total # of inputs        : 1
        Total # of product terms : 1
        List of special equations: 
            Clock  = (Net_833_digital) => Global
            Clock Enable: True
        Main Equation            : 1 pterm
        (
              \FreqDiv_1:not_last_reset\
        );
        Output = \FreqDiv_1:count_0\ (fanout=3)

    MacroCell: Name=\FreqDiv_1:count_1\, Mode=(T-Register)
        Total # of inputs        : 2
        Total # of product terms : 1
        List of special equations: 
            Clock  = (Net_833_digital) => Global
            Clock Enable: True
        Main Equation            : 1 pterm
        (
              \FreqDiv_1:not_last_reset\ * \FreqDiv_1:count_0\
        );
        Output = \FreqDiv_1:count_1\ (fanout=2)

    MacroCell: Name=\FreqDiv_1:count_2\, Mode=(T-Register)
        Total # of inputs        : 3
        Total # of product terms : 1
        List of special equations: 
            Clock  = (Net_833_digital) => Global
            Clock Enable: True
        Main Equation            : 1 pterm
        (
              \FreqDiv_1:not_last_reset\ * \FreqDiv_1:count_1\ * 
              \FreqDiv_1:count_0\
        );
        Output = \FreqDiv_1:count_2\ (fanout=1)

    MacroCell: Name=\FreqDiv_1:not_last_reset\, Mode=(D-Register)
        Total # of inputs        : 0
        Total # of product terms : 0
        List of special equations: 
            Clock  = (Net_833_digital) => Global
            Clock Enable: True
        Main Equation            : 0 pterms
        !(
            0
        );
        Output = \FreqDiv_1:not_last_reset\ (fanout=4)

    MacroCell: Name=\PWM:PWMUDB:clock_enable_block__AND\, Mode=(Combinatorial)
        Total # of inputs        : 2
        Total # of product terms : 1
            Clock Enable: True
        Main Equation            : 1 pterm
        (
              Net_848 * \PWM:PWMUDB:hwEnable\
        );
        Output = \PWM:PWMUDB:clock_enable_block__AND_OUT\ (fanout=6)

    MacroCell: Name=\PWM:PWMUDB:prevCompare1\, Mode=(D-Register)
        Total # of inputs        : 1
        Total # of product terms : 1
        List of special equations: 
            Clock  = (Net_833_digital) => Global
            Clock Enable: PosEdge(\PWM:PWMUDB:clock_enable_block__AND_OUT\)
        Main Equation            : 1 pterm
        (
              \PWM:PWMUDB:cmp1_less\
        );
        Output = \PWM:PWMUDB:prevCompare1\ (fanout=1)

    MacroCell: Name=\PWM:PWMUDB:runmode_enable\, Mode=(D-Register)
        Total # of inputs        : 1
        Total # of product terms : 1
        List of special equations: 
            Clock  = (Net_833_digital) => Global
            Clock Enable: PosEdge(\PWM:PWMUDB:clock_enable_block__AND_OUT\)
        Main Equation            : 1 pterm
        (
              \PWM:PWMUDB:hwEnable\
        );
        Output = \PWM:PWMUDB:runmode_enable\ (fanout=3)

    MacroCell: Name=\PWM:PWMUDB:status_0\, Mode=(D-Register)
        Total # of inputs        : 2
        Total # of product terms : 1
        List of special equations: 
            Clock  = (Net_833_digital) => Global
            Clock Enable: PosEdge(\PWM:PWMUDB:clock_enable_block__AND_OUT\)
        Main Equation            : 1 pterm
        (
              !\PWM:PWMUDB:prevCompare1\ * \PWM:PWMUDB:cmp1_less\
        );
        Output = \PWM:PWMUDB:status_0\ (fanout=1)

    MacroCell: Name=\PWM:PWMUDB:status_2\, Mode=(Combinatorial)
        Total # of inputs        : 2
        Total # of product terms : 1
            Clock Enable: True
        Main Equation            : 1 pterm
        (
              \PWM:PWMUDB:runmode_enable\ * \PWM:PWMUDB:tc_i\
        );
        Output = \PWM:PWMUDB:status_2\ (fanout=1)
    </CYPRESSTAG>
    <CYPRESSTAG name="Datapath listing">

    ------------------------------------------------------------
    Datapath listing
    ------------------------------------------------------------

    datapathcell: Name =\PWM:PWMUDB:sP8:pwmdp:u0\
        PORT MAP (
            clock => Net_833_digital ,
            cs_addr_2 => \PWM:PWMUDB:tc_i\ ,
            cs_addr_1 => \PWM:PWMUDB:runmode_enable\ ,
            cl0_comb => \PWM:PWMUDB:cmp1_less\ ,
            z0_comb => \PWM:PWMUDB:tc_i\ ,
            f1_blk_stat_comb => \PWM:PWMUDB:status_3\ ,
            clk_en => \PWM:PWMUDB:clock_enable_block__AND_OUT\ );
        Properties:
        {
            a0_init = "00000000"
            a1_init = "00000000"
            ce0_sync = 1
            ce1_sync = 1
            cl0_sync = 1
            cl1_sync = 1
            cmsb_sync = 1
            co_msb_sync = 1
            cy_dpconfig = "0000000001000000000000001100000001000000010000000000000011000000000000001100000000000000110000000000000011000000000000001100000011111111000000001111111111111111101000000000000000000100000000000000000000011000"
            d0_init = "00000000"
            d1_init = "00000000"
            f0_blk_sync = 1
            f0_bus_sync = 1
            f1_blk_sync = 1
            f1_bus_sync = 1
            ff0_sync = 1
            ff1_sync = 1
            ov_msb_sync = 1
            so_sync = 1
            z0_sync = 1
            z1_sync = 1
        }
        Clock Polarity: Active High
        Clock Enable: PosEdge(\PWM:PWMUDB:clock_enable_block__AND_OUT\)
    </CYPRESSTAG>
    <CYPRESSTAG name="Status register listing">
    </CYPRESSTAG>
    <CYPRESSTAG name="StatusI register listing">

    ------------------------------------------------------------
    StatusI register listing
    ------------------------------------------------------------

    statusicell: Name =\PWM:PWMUDB:genblk8:stsreg\
        PORT MAP (
            clock => Net_833_digital ,
            status_3 => \PWM:PWMUDB:status_3\ ,
            status_2 => \PWM:PWMUDB:status_2\ ,
            status_0 => \PWM:PWMUDB:status_0\ ,
            clk_en => \PWM:PWMUDB:clock_enable_block__AND_OUT\ );
        Properties:
        {
            cy_force_order = 1
            cy_int_mask = "1111111"
            cy_md_select = "0100111"
        }
        Clock Polarity: Active High
        Clock Enable: PosEdge(\PWM:PWMUDB:clock_enable_block__AND_OUT\)
    </CYPRESSTAG>
    <CYPRESSTAG name="Sync listing">
    </CYPRESSTAG>
    <CYPRESSTAG name="Control register listing">

    ------------------------------------------------------------
    Control register listing
    ------------------------------------------------------------

    controlcell: Name =\PWM:PWMUDB:genblk1:ctrlreg\
        PORT MAP (
            clock => Net_833_digital ,
            control_7 => \PWM:PWMUDB:hwEnable\ ,
            control_6 => \PWM:PWMUDB:control_6\ ,
            control_5 => \PWM:PWMUDB:control_5\ ,
            control_4 => \PWM:PWMUDB:control_4\ ,
            control_3 => \PWM:PWMUDB:control_3\ ,
            control_2 => \PWM:PWMUDB:control_2\ ,
            control_1 => \PWM:PWMUDB:control_1\ ,
            control_0 => \PWM:PWMUDB:control_0\ ,
            clk_en => Net_848 );
        Properties:
        {
            cy_ctrl_mode_0 = "11111111"
            cy_ctrl_mode_1 = "00000000"
            cy_ext_reset = 0
            cy_force_order = 1
            cy_init_value = "00000000"
        }
        Clock Polarity: Active High
        Clock Enable: PosEdge(Net_848)
    </CYPRESSTAG>
    <CYPRESSTAG name="Count7 listing">
    </CYPRESSTAG>
    <CYPRESSTAG name="DRQ listing">
    </CYPRESSTAG>
    <CYPRESSTAG name="Interrupt listing">
    </CYPRESSTAG>
</CYPRESSTAG>
<CYPRESSTAG name="Technology mapping summary" expanded>

------------------------------------------------------------
Technology mapping summary
------------------------------------------------------------

Resource Type                 : Used : Free :  Max :  % Used
============================================================
Digital clock dividers        :    1 :    3 :    4 :  25.00%
Pins                          :    5 :   33 :   38 :  13.16%
UDB Macrocells                :   11 :   21 :   32 :  34.38%
UDB Unique Pterms             :   12 :   52 :   64 :  18.75%
UDB Total Pterms              :   12 :      :      : 
UDB Datapath Cells            :    1 :    3 :    4 :  25.00%
UDB Status Cells              :    1 :    3 :    4 :  25.00%
            StatusI Registers :    1 
UDB Control Cells             :    1 :    3 :    4 :  25.00%
            Control Registers :    1 
Interrupts                    :    0 :   32 :   32 :   0.00%
Comparator/Opamp Fixed Blocks :    0 :    4 :    4 :   0.00%
SAR Fixed Blocks              :    0 :    1 :    1 :   0.00%
CSD Fixed Blocks              :    0 :    1 :    1 :   0.00%
CapSense Blocks               :    0 :    1 :    1 :   0.00%
8-bit CapSense IDACs          :    0 :    1 :    1 :   0.00%
7-bit CapSense IDACs          :    0 :    1 :    1 :   0.00%
Temperature Sensors           :    0 :    1 :    1 :   0.00%
Low Power Comparators         :    0 :    2 :    2 :   0.00%
TCPWM Blocks                  :    0 :    4 :    4 :   0.00%
Serial Communication Blocks   :    0 :    2 :    2 :   0.00%
Segment LCD Blocks            :    0 :    1 :    1 :   0.00%
Bluetooth Low Energy Blocks   :    0 :    1 :    1 :   0.00%
</CYPRESSTAG>
Technology Mapping: Elapsed time ==> 0s.831ms
Tech mapping phase: Elapsed time ==> 1s.007ms
</CYPRESSTAG>
<CYPRESSTAG name="Analog Placement">
<CYPRESSTAG name="Analog Placement">
Elapsed time ==> 0.1376031s
</CYPRESSTAG>
Analog Placement phase: Elapsed time ==> 0s.277ms
</CYPRESSTAG>
<CYPRESSTAG name="Analog Routing">
<CYPRESSTAG name="Analog Routing">
Route success=True, Iterations=1 Elapsed=0.0111739 secs
</CYPRESSTAG>
Analog Routing phase: Elapsed time ==> 0s.018ms
</CYPRESSTAG>
<CYPRESSTAG name="Analog Code Generation">
============ Analog Final Answer Routes ============
Dump of CyAnalogRoutingResultsDB
Map of net to items {
}
Map of item to net {
}
Mux Info {
}
Analog Code Generation phase: Elapsed time ==> 0s.253ms
</CYPRESSTAG>
<CYPRESSTAG name="Digital Placement">
<CYPRESSTAG name="Detailed placement messages">
I2076: Total run-time: 0.4 sec.

</CYPRESSTAG>
<CYPRESSTAG name="PLD Packing">
<CYPRESSTAG name="PLD Packing Summary" expanded>

------------------------------------------------------------
PLD Packing Summary
------------------------------------------------------------
            Resource Type : Used : Free :  Max :  % Used
    ====================================================
                     PLDs :    4 :    4 :    8 :  50.00%

<CYPRESSTAG name="PLD Statistics">

        PLD Resource Type :     Average/LAB
    =======================================
                   Inputs :            3.50
                   Pterms :            3.00
               Macrocells :            2.75
</CYPRESSTAG>
<CYPRESSTAG name="Packed PLD Contents">
Packed PLD Contents not displayed at this verbose level.</CYPRESSTAG>
</CYPRESSTAG>
PLD Packing: Elapsed time ==> 0s.041ms
</CYPRESSTAG>
<CYPRESSTAG name="Partitioning">
<CYPRESSTAG name="Initial Partitioning Summary">
Initial Partitioning Summary not displayed at this verbose level.</CYPRESSTAG>
<CYPRESSTAG name="Final Partitioning Summary">
Final Partitioning Summary not displayed at this verbose level.</CYPRESSTAG>
Partitioning: Elapsed time ==> 0s.206ms
</CYPRESSTAG>
<CYPRESSTAG name="Simulated Annealing">
Annealing: Elapsed time ==> 0s.043ms
<CYPRESSTAG name="Simulated Annealing Results">
The seed used for moves was 114161200.
Inital cost was 16, final cost is 16 (0.00% improvement).</CYPRESSTAG>
</CYPRESSTAG>
<CYPRESSTAG name="Final Placement Summary">

------------------------------------------------------------
Final Placement Summary
------------------------------------------------------------

       Resource Type :      Count : Avg Inputs : Avg Outputs
    ========================================================
                 UDB :          2 :       5.50 :       5.50
<CYPRESSTAG name="Final Placement Details">
<CYPRESSTAG name="Component Details">

------------------------------------------------------------
Component Placement Details
------------------------------------------------------------
UDB [UDB=(0,0)] contents:
LAB@[UDB=(0,0)][LB=0] #macrocells=3, #inputs=5, #pterms=5
{
    [McSlotId=0]:     MacroCell: Name=Net_848, Mode=(D-Register) @ [UDB=(0,0)][LB=0][MC=0]
        Total # of inputs        : 5
        Total # of product terms : 3
        List of special equations: 
            Clock  = (Net_833_digital) => Global
            Clock Enable: True
        Main Equation            : 3 pterms
        !(
              \FreqDiv_1:not_last_reset\ * !Net_848 * !\FreqDiv_1:count_1\
            + \FreqDiv_1:not_last_reset\ * !Net_848 * !\FreqDiv_1:count_0\
            + \FreqDiv_1:not_last_reset\ * !\FreqDiv_1:count_2\ * 
              \FreqDiv_1:count_1\ * \FreqDiv_1:count_0\
        );
        Output = Net_848 (fanout=3)
        Properties               : 
        {
        }

    [McSlotId=1]: (empty)
    [McSlotId=2]:     MacroCell: Name=\FreqDiv_1:count_2\, Mode=(T-Register) @ [UDB=(0,0)][LB=0][MC=2]
        Total # of inputs        : 3
        Total # of product terms : 1
        List of special equations: 
            Clock  = (Net_833_digital) => Global
            Clock Enable: True
        Main Equation            : 1 pterm
        (
              \FreqDiv_1:not_last_reset\ * \FreqDiv_1:count_1\ * 
              \FreqDiv_1:count_0\
        );
        Output = \FreqDiv_1:count_2\ (fanout=1)
        Properties               : 
        {
        }

    [McSlotId=3]:     MacroCell: Name=\FreqDiv_1:count_1\, Mode=(T-Register) @ [UDB=(0,0)][LB=0][MC=3]
        Total # of inputs        : 2
        Total # of product terms : 1
        List of special equations: 
            Clock  = (Net_833_digital) => Global
            Clock Enable: True
        Main Equation            : 1 pterm
        (
              \FreqDiv_1:not_last_reset\ * \FreqDiv_1:count_0\
        );
        Output = \FreqDiv_1:count_1\ (fanout=2)
        Properties               : 
        {
        }
}

LAB@[UDB=(0,0)][LB=1] #macrocells=3, #inputs=3, #pterms=2
{
    [McSlotId=0]:     MacroCell: Name=\PWM:PWMUDB:clock_enable_block__AND\, Mode=(Combinatorial) @ [UDB=(0,0)][LB=1][MC=0]
        Total # of inputs        : 2
        Total # of product terms : 1
            Clock Enable: True
        Main Equation            : 1 pterm
        (
              Net_848 * \PWM:PWMUDB:hwEnable\
        );
        Output = \PWM:PWMUDB:clock_enable_block__AND_OUT\ (fanout=6)
        Properties               : 
        {
        }

    [McSlotId=1]:     MacroCell: Name=\FreqDiv_1:count_0\, Mode=(T-Register) @ [UDB=(0,0)][LB=1][MC=1]
        Total # of inputs        : 1
        Total # of product terms : 1
        List of special equations: 
            Clock  = (Net_833_digital) => Global
            Clock Enable: True
        Main Equation            : 1 pterm
        (
              \FreqDiv_1:not_last_reset\
        );
        Output = \FreqDiv_1:count_0\ (fanout=3)
        Properties               : 
        {
        }

    [McSlotId=2]:     MacroCell: Name=\FreqDiv_1:not_last_reset\, Mode=(D-Register) @ [UDB=(0,0)][LB=1][MC=2]
        Total # of inputs        : 0
        Total # of product terms : 0
        List of special equations: 
            Clock  = (Net_833_digital) => Global
            Clock Enable: True
        Main Equation            : 0 pterms
        !(
            0
        );
        Output = \FreqDiv_1:not_last_reset\ (fanout=4)
        Properties               : 
        {
        }

    [McSlotId=3]: (empty)
}

controlcell: Name =\PWM:PWMUDB:genblk1:ctrlreg\
    PORT MAP (
        clock => Net_833_digital ,
        control_7 => \PWM:PWMUDB:hwEnable\ ,
        control_6 => \PWM:PWMUDB:control_6\ ,
        control_5 => \PWM:PWMUDB:control_5\ ,
        control_4 => \PWM:PWMUDB:control_4\ ,
        control_3 => \PWM:PWMUDB:control_3\ ,
        control_2 => \PWM:PWMUDB:control_2\ ,
        control_1 => \PWM:PWMUDB:control_1\ ,
        control_0 => \PWM:PWMUDB:control_0\ ,
        clk_en => Net_848 );
    Properties:
    {
        cy_ctrl_mode_0 = "11111111"
        cy_ctrl_mode_1 = "00000000"
        cy_ext_reset = 0
        cy_force_order = 1
        cy_init_value = "00000000"
    }
    Clock Polarity: Active High
    Clock Enable: PosEdge(Net_848)

UDB [UDB=(0,1)] is empty.
UDB [UDB=(1,0)] contents:
LAB@[UDB=(1,0)][LB=0] #macrocells=4, #inputs=4, #pterms=4
{
    [McSlotId=0]:     MacroCell: Name=\PWM:PWMUDB:runmode_enable\, Mode=(D-Register) @ [UDB=(1,0)][LB=0][MC=0]
        Total # of inputs        : 1
        Total # of product terms : 1
        List of special equations: 
            Clock  = (Net_833_digital) => Global
            Clock Enable: PosEdge(\PWM:PWMUDB:clock_enable_block__AND_OUT\)
        Main Equation            : 1 pterm
        (
              \PWM:PWMUDB:hwEnable\
        );
        Output = \PWM:PWMUDB:runmode_enable\ (fanout=3)
        Properties               : 
        {
        }

    [McSlotId=1]:     MacroCell: Name=Net_463, Mode=(D-Register) @ [UDB=(1,0)][LB=0][MC=1]
        Total # of inputs        : 2
        Total # of product terms : 1
        List of special equations: 
            Clock  = (Net_833_digital) => Global
            Clock Enable: PosEdge(\PWM:PWMUDB:clock_enable_block__AND_OUT\)
        Main Equation            : 1 pterm
        (
              \PWM:PWMUDB:runmode_enable\ * \PWM:PWMUDB:cmp1_less\
        );
        Output = Net_463 (fanout=1)
        Properties               : 
        {
        }

    [McSlotId=2]:     MacroCell: Name=\PWM:PWMUDB:prevCompare1\, Mode=(D-Register) @ [UDB=(1,0)][LB=0][MC=2]
        Total # of inputs        : 1
        Total # of product terms : 1
        List of special equations: 
            Clock  = (Net_833_digital) => Global
            Clock Enable: PosEdge(\PWM:PWMUDB:clock_enable_block__AND_OUT\)
        Main Equation            : 1 pterm
        (
              \PWM:PWMUDB:cmp1_less\
        );
        Output = \PWM:PWMUDB:prevCompare1\ (fanout=1)
        Properties               : 
        {
        }

    [McSlotId=3]:     MacroCell: Name=\PWM:PWMUDB:status_0\, Mode=(D-Register) @ [UDB=(1,0)][LB=0][MC=3]
        Total # of inputs        : 2
        Total # of product terms : 1
        List of special equations: 
            Clock  = (Net_833_digital) => Global
            Clock Enable: PosEdge(\PWM:PWMUDB:clock_enable_block__AND_OUT\)
        Main Equation            : 1 pterm
        (
              !\PWM:PWMUDB:prevCompare1\ * \PWM:PWMUDB:cmp1_less\
        );
        Output = \PWM:PWMUDB:status_0\ (fanout=1)
        Properties               : 
        {
        }
}

LAB@[UDB=(1,0)][LB=1] #macrocells=1, #inputs=2, #pterms=1
{
    [McSlotId=0]: (empty)
    [McSlotId=1]:     MacroCell: Name=\PWM:PWMUDB:status_2\, Mode=(Combinatorial) @ [UDB=(1,0)][LB=1][MC=1]
        Total # of inputs        : 2
        Total # of product terms : 1
            Clock Enable: True
        Main Equation            : 1 pterm
        (
              \PWM:PWMUDB:runmode_enable\ * \PWM:PWMUDB:tc_i\
        );
        Output = \PWM:PWMUDB:status_2\ (fanout=1)
        Properties               : 
        {
        }

    [McSlotId=2]: (empty)
    [McSlotId=3]: (empty)
}

datapathcell: Name =\PWM:PWMUDB:sP8:pwmdp:u0\
    PORT MAP (
        clock => Net_833_digital ,
        cs_addr_2 => \PWM:PWMUDB:tc_i\ ,
        cs_addr_1 => \PWM:PWMUDB:runmode_enable\ ,
        cl0_comb => \PWM:PWMUDB:cmp1_less\ ,
        z0_comb => \PWM:PWMUDB:tc_i\ ,
        f1_blk_stat_comb => \PWM:PWMUDB:status_3\ ,
        clk_en => \PWM:PWMUDB:clock_enable_block__AND_OUT\ );
    Properties:
    {
        a0_init = "00000000"
        a1_init = "00000000"
        ce0_sync = 1
        ce1_sync = 1
        cl0_sync = 1
        cl1_sync = 1
        cmsb_sync = 1
        co_msb_sync = 1
        cy_dpconfig = "0000000001000000000000001100000001000000010000000000000011000000000000001100000000000000110000000000000011000000000000001100000011111111000000001111111111111111101000000000000000000100000000000000000000011000"
        d0_init = "00000000"
        d1_init = "00000000"
        f0_blk_sync = 1
        f0_bus_sync = 1
        f1_blk_sync = 1
        f1_bus_sync = 1
        ff0_sync = 1
        ff1_sync = 1
        ov_msb_sync = 1
        so_sync = 1
        z0_sync = 1
        z1_sync = 1
    }
    Clock Polarity: Active High
    Clock Enable: PosEdge(\PWM:PWMUDB:clock_enable_block__AND_OUT\)

statusicell: Name =\PWM:PWMUDB:genblk8:stsreg\
    PORT MAP (
        clock => Net_833_digital ,
        status_3 => \PWM:PWMUDB:status_3\ ,
        status_2 => \PWM:PWMUDB:status_2\ ,
        status_0 => \PWM:PWMUDB:status_0\ ,
        clk_en => \PWM:PWMUDB:clock_enable_block__AND_OUT\ );
    Properties:
    {
        cy_force_order = 1
        cy_int_mask = "1111111"
        cy_md_select = "0100111"
    }
    Clock Polarity: Active High
    Clock Enable: PosEdge(\PWM:PWMUDB:clock_enable_block__AND_OUT\)

UDB [UDB=(1,1)] is empty.
Intr hod @ [IntrHod=(0)]: empty
Port 0 is empty
Port 1 is empty
Port 2 is empty
Port 3 contains the following IO cells:
[IoId=7]: 
Pin : Name = Pin_LED(0)
    Attributes:
        In Group/Port: True
        In Sync Option: AUTO
        Out Sync Option: NOSYNC
        Interrupt generated: False
        Interrupt mode: NONE
        Drive mode: CMOS_OUT
        VTrip: EITHER
        Slew: FAST
        Input Sync needed: False
        Output Sync needed: False
        SC shield enabled: False
        POR State: ANY
        LCD Mode: COMMON
        Register Mode: RegComb
        CaSense Mode: NEITHER
        Treat as pin: True
        Is OE Registered: False
        Uses Analog: False
        Can contain Digital: True
        Is SIO: False
        SIO Output Buf: NONREGULATED
        SIO Input Buf: SINGLE_ENDED
        SIO HiFreq: LOW
        SIO Hyst: DISABLED
        SIO Vtrip: MULTIPLIER_0_5
        SIO RefSel: VCC_IO
        Required Capabilitites: DIGITAL, ROUTABLE
        Initial Value: 1
        IO Voltage: 0
    PORT MAP (
        pa_out => Pin_LED(0)__PA ,
        input => Net_463 ,
        pad => Pin_LED(0)_PAD );
    Properties:
    {
    }

Port 4 is empty
Port 5 is empty
Port 6 is empty
Clock group 0: 
    M0S8 Clock Block @ [FFB(Clock,0)]: 
    m0s8clockblockcell: Name =ClockBlock
        PORT MAP (
            dsi_in_0 => ClockBlock_Routed1 ,
            eco => ClockBlock_ECO ,
            wco => ClockBlock_WCO ,
            lfclk => ClockBlock_LFCLK ,
            ilo => ClockBlock_ILO ,
            sysclk => ClockBlock_SYSCLK ,
            ext => ClockBlock_EXTCLK ,
            imo => ClockBlock_IMO ,
            hfclk => ClockBlock_HFCLK ,
            udb_div_0 => dclk_to_genclk );
        Properties:
        {
        }
PM group 0: empty
SPC group 0: empty
WDT group 0: empty
FSS group 0: empty
Low Power Comparator group 0: empty
Serial Communication Block group 0: empty
CSD Fixed Block group 0: empty
8-bit CapSense IDAC group 0: empty
7-bit CapSense IDAC group 0: empty
TCPWM Block group 0: empty
Comparator/Opamp Fixed Block group 0: empty
Temperature Sensor group 0: empty
SAR Fixed Block group 0: empty
Segment LCD Block group 0: empty
CLK_GEN group 0: 
    M0S8 Clock Gen Block @ [FFB(CLK_GEN,0)]: 
    m0s8clockgenblockcell: Name =ClockGenBlock
        PORT MAP (
            gen_clk_out_0 => Net_833_digital ,
            gen_clk_in_0 => dclk_to_genclk );
        Properties:
        {
        }
LPCOMPBLOCK group 0: empty
CTBMBLOCK group 0: empty
ANAPUMP group 0: empty
Bluetooth Low Energy Block group 0: empty
GANGED_PICU group 0: empty
</CYPRESSTAG>
<CYPRESSTAG name="Port Configuration Details">

------------------------------------------------------------
Port Configuration report
------------------------------------------------------------
     |     |       | Interrupt |                  |            | 
Port | Pin | Fixed |      Type |       Drive Mode |       Name | Connections
-----+-----+-------+-----------+------------------+------------+------------
   3 |   7 |     * |      NONE |         CMOS_OUT | Pin_LED(0) | In(Net_463)
----------------------------------------------------------------------------
</CYPRESSTAG>
</CYPRESSTAG>
</CYPRESSTAG>
Digital component placer commit/Report: Elapsed time ==> 0s.028ms
Digital Placement phase: Elapsed time ==> 1s.321ms
</CYPRESSTAG>
<CYPRESSTAG name="Digital Routing">
Routing successful.
Digital Routing phase: Elapsed time ==> 0s.858ms
</CYPRESSTAG>
<CYPRESSTAG name="Bitstream and API generation">
Bitstream and API generation phase: Elapsed time ==> 0s.407ms
</CYPRESSTAG>
<CYPRESSTAG name="Bitstream verification">
Bitstream verification phase: Elapsed time ==> 0s.112ms
</CYPRESSTAG>
<CYPRESSTAG name="Static timing analysis">
Timing report is in project 1_timing.html.
Static timing analysis phase: Elapsed time ==> 0s.335ms
</CYPRESSTAG>
<CYPRESSTAG name="Data reporting">
Data reporting phase: Elapsed time ==> 0s.008ms
</CYPRESSTAG>
<CYPRESSTAG name="Database update...">
Design database save phase: Elapsed time ==> 0s.171ms
</CYPRESSTAG>
cydsfit: Elapsed time ==> 4s.949ms
</CYPRESSTAG>
Fitter phase: Elapsed time ==> 5s.036ms
API generation phase: Elapsed time ==> 0s.390ms
Dependency generation phase: Elapsed time ==> 0s.017ms
Cleanup phase: Elapsed time ==> 0s.002ms
